mode: set
github.com/jailtonjunior94/financialcontrol-api/internal/modules/finance/infrastructure/http/error_mapping.go:14.37,15.9 1 1
github.com/jailtonjunior94/financialcontrol-api/internal/modules/finance/infrastructure/http/error_mapping.go:29.44,30.75 1 1
github.com/jailtonjunior94/financialcontrol-api/internal/modules/finance/infrastructure/http/error_mapping.go:38.49,39.73 1 1
github.com/jailtonjunior94/financialcontrol-api/internal/modules/finance/infrastructure/http/error_mapping.go:51.46,52.84 1 1
github.com/jailtonjunior94/financialcontrol-api/internal/modules/finance/infrastructure/http/error_mapping.go:60.49,61.73 1 1
github.com/jailtonjunior94/financialcontrol-api/internal/modules/finance/infrastructure/http/error_mapping.go:64.10,66.89 2 1
github.com/jailtonjunior94/financialcontrol-api/internal/modules/finance/infrastructure/http/error_mapping.go:71.41,88.30 2 1
github.com/jailtonjunior94/financialcontrol-api/internal/modules/finance/infrastructure/http/error_mapping.go:88.30,89.24 1 1
github.com/jailtonjunior94/financialcontrol-api/internal/modules/finance/infrastructure/http/error_mapping.go:89.24,91.4 1 1
github.com/jailtonjunior94/financialcontrol-api/internal/modules/finance/infrastructure/http/error_mapping.go:93.2,93.20 1 0
github.com/jailtonjunior94/financialcontrol-api/internal/modules/finance/application/dtos/invoice.go:17.45,18.63 1 0
github.com/jailtonjunior94/financialcontrol-api/internal/modules/finance/application/dtos/invoice.go:18.63,20.3 1 0
github.com/jailtonjunior94/financialcontrol-api/internal/modules/finance/application/dtos/invoice.go:21.2,21.12 1 0
github.com/jailtonjunior94/financialcontrol-api/internal/modules/finance/application/dtos/transaction.go:23.52,24.64 1 0
github.com/jailtonjunior94/financialcontrol-api/internal/modules/finance/application/dtos/transaction.go:24.64,26.3 1 0
github.com/jailtonjunior94/financialcontrol-api/internal/modules/finance/application/dtos/transaction.go:27.2,27.12 1 0
github.com/jailtonjunior94/financialcontrol-api/internal/modules/finance/application/dtos/transaction.go:44.52,45.64 1 0
github.com/jailtonjunior94/financialcontrol-api/internal/modules/finance/application/dtos/transaction.go:45.64,47.3 1 0
github.com/jailtonjunior94/financialcontrol-api/internal/modules/finance/application/dtos/transaction.go:48.2,48.12 1 0
github.com/jailtonjunior94/financialcontrol-api/internal/modules/finance/module.go:52.35,93.2 19 0
github.com/jailtonjunior94/financialcontrol-api/internal/modules/finance/module.go:96.74,98.2 1 0
github.com/jailtonjunior94/financialcontrol-api/internal/modules/finance/application/usecase/mocks/anticipate_installment.go:22.75,24.2 1 0
github.com/jailtonjunior94/financialcontrol-api/internal/modules/finance/application/usecase/mocks/anticipate_installment.go:26.180,30.145 4 0
github.com/jailtonjunior94/financialcontrol-api/internal/modules/finance/application/usecase/mocks/anticipate_installment.go:30.145,32.3 1 0
github.com/jailtonjunior94/financialcontrol-api/internal/modules/finance/application/usecase/mocks/anticipate_installment.go:33.2,33.136 1 0
github.com/jailtonjunior94/financialcontrol-api/internal/modules/finance/application/usecase/mocks/anticipate_installment.go:33.136,35.3 1 0
github.com/jailtonjunior94/financialcontrol-api/internal/modules/finance/application/usecase/mocks/anticipate_installment.go:35.8,37.3 1 0
github.com/jailtonjunior94/financialcontrol-api/internal/modules/finance/application/usecase/mocks/anticipate_installment.go:38.2,38.117 1 0
github.com/jailtonjunior94/financialcontrol-api/internal/modules/finance/application/usecase/mocks/anticipate_installment.go:38.117,40.3 1 0
github.com/jailtonjunior94/financialcontrol-api/internal/modules/finance/application/usecase/mocks/anticipate_installment.go:40.8,42.3 1 0
github.com/jailtonjunior94/financialcontrol-api/internal/modules/finance/application/usecase/mocks/anticipate_installment.go:43.2,43.15 1 0
github.com/jailtonjunior94/financialcontrol-api/internal/modules/finance/application/usecase/mocks/anticipate_installment.go:48.133,50.2 1 0
github.com/jailtonjunior94/financialcontrol-api/internal/modules/finance/application/usecase/mocks/anticipate_installment.go:52.129,55.2 2 0
github.com/jailtonjunior94/financialcontrol-api/internal/modules/finance/application/usecase/mocks/anticipate_installment.go:57.214,60.2 2 0
github.com/jailtonjunior94/financialcontrol-api/internal/modules/finance/application/usecase/mocks/anticipate_installment.go:65.27,68.19 3 0
github.com/jailtonjunior94/financialcontrol-api/internal/modules/finance/application/usecase/mocks/anticipate_installment.go:68.19,68.49 1 0
github.com/jailtonjunior94/financialcontrol-api/internal/modules/finance/application/usecase/mocks/anticipate_installment.go:69.2,69.13 1 0
github.com/jailtonjunior94/financialcontrol-api/internal/modules/finance/application/usecase/mocks/create_transaction.go:22.67,24.2 1 0
github.com/jailtonjunior94/financialcontrol-api/internal/modules/finance/application/usecase/mocks/create_transaction.go:26.178,30.158 4 0
github.com/jailtonjunior94/financialcontrol-api/internal/modules/finance/application/usecase/mocks/create_transaction.go:30.158,32.3 1 0
github.com/jailtonjunior94/financialcontrol-api/internal/modules/finance/application/usecase/mocks/create_transaction.go:33.2,33.149 1 0
github.com/jailtonjunior94/financialcontrol-api/internal/modules/finance/application/usecase/mocks/create_transaction.go:33.149,35.3 1 0
github.com/jailtonjunior94/financialcontrol-api/internal/modules/finance/application/usecase/mocks/create_transaction.go:35.8,37.3 1 0
github.com/jailtonjunior94/financialcontrol-api/internal/modules/finance/application/usecase/mocks/create_transaction.go:38.2,38.130 1 0
github.com/jailtonjunior94/financialcontrol-api/internal/modules/finance/application/usecase/mocks/create_transaction.go:38.130,40.3 1 0
github.com/jailtonjunior94/financialcontrol-api/internal/modules/finance/application/usecase/mocks/create_transaction.go:40.8,42.3 1 0
github.com/jailtonjunior94/financialcontrol-api/internal/modules/finance/application/usecase/mocks/create_transaction.go:43.2,43.15 1 0
github.com/jailtonjunior94/financialcontrol-api/internal/modules/finance/application/usecase/mocks/create_transaction.go:48.114,50.2 1 0
github.com/jailtonjunior94/financialcontrol-api/internal/modules/finance/application/usecase/mocks/create_transaction.go:52.121,55.2 2 0
github.com/jailtonjunior94/financialcontrol-api/internal/modules/finance/application/usecase/mocks/create_transaction.go:57.219,60.2 2 0
github.com/jailtonjunior94/financialcontrol-api/internal/modules/finance/application/usecase/mocks/create_transaction.go:65.23,68.19 3 0
github.com/jailtonjunior94/financialcontrol-api/internal/modules/finance/application/usecase/mocks/create_transaction.go:68.19,68.49 1 0
github.com/jailtonjunior94/financialcontrol-api/internal/modules/finance/application/usecase/mocks/create_transaction.go:69.2,69.13 1 0
github.com/jailtonjunior94/financialcontrol-api/internal/modules/finance/application/usecase/mocks/delete_transaction.go:21.67,23.2 1 0
github.com/jailtonjunior94/financialcontrol-api/internal/modules/finance/application/usecase/mocks/delete_transaction.go:25.115,27.98 2 0
github.com/jailtonjunior94/financialcontrol-api/internal/modules/finance/application/usecase/mocks/delete_transaction.go:27.98,29.3 1 0
github.com/jailtonjunior94/financialcontrol-api/internal/modules/finance/application/usecase/mocks/delete_transaction.go:30.2,30.21 1 0
github.com/jailtonjunior94/financialcontrol-api/internal/modules/finance/application/usecase/mocks/delete_transaction.go:35.110,37.2 1 0
github.com/jailtonjunior94/financialcontrol-api/internal/modules/finance/application/usecase/mocks/delete_transaction.go:39.93,42.2 2 0
github.com/jailtonjunior94/financialcontrol-api/internal/modules/finance/application/usecase/mocks/delete_transaction.go:44.159,47.2 2 0
github.com/jailtonjunior94/financialcontrol-api/internal/modules/finance/application/usecase/mocks/delete_transaction.go:52.23,55.19 3 0
github.com/jailtonjunior94/financialcontrol-api/internal/modules/finance/application/usecase/mocks/delete_transaction.go:55.19,55.49 1 0
github.com/jailtonjunior94/financialcontrol-api/internal/modules/finance/application/usecase/mocks/delete_transaction.go:56.2,56.13 1 0
github.com/jailtonjunior94/financialcontrol-api/internal/modules/finance/application/usecase/mocks/get_invoice.go:22.53,24.2 1 0
github.com/jailtonjunior94/financialcontrol-api/internal/modules/finance/application/usecase/mocks/get_invoice.go:26.139,30.124 4 0
github.com/jailtonjunior94/financialcontrol-api/internal/modules/finance/application/usecase/mocks/get_invoice.go:30.124,32.3 1 0
github.com/jailtonjunior94/financialcontrol-api/internal/modules/finance/application/usecase/mocks/get_invoice.go:33.2,33.115 1 0
github.com/jailtonjunior94/financialcontrol-api/internal/modules/finance/application/usecase/mocks/get_invoice.go:33.115,35.3 1 0
github.com/jailtonjunior94/financialcontrol-api/internal/modules/finance/application/usecase/mocks/get_invoice.go:35.8,37.3 1 0
github.com/jailtonjunior94/financialcontrol-api/internal/modules/finance/application/usecase/mocks/get_invoice.go:38.2,38.94 1 0
github.com/jailtonjunior94/financialcontrol-api/internal/modules/finance/application/usecase/mocks/get_invoice.go:38.94,40.3 1 0
github.com/jailtonjunior94/financialcontrol-api/internal/modules/finance/application/usecase/mocks/get_invoice.go:40.8,42.3 1 0
github.com/jailtonjunior94/financialcontrol-api/internal/modules/finance/application/usecase/mocks/get_invoice.go:43.2,43.15 1 0
github.com/jailtonjunior94/financialcontrol-api/internal/modules/finance/application/usecase/mocks/get_invoice.go:48.101,50.2 1 0
github.com/jailtonjunior94/financialcontrol-api/internal/modules/finance/application/usecase/mocks/get_invoice.go:52.109,55.2 2 0
github.com/jailtonjunior94/financialcontrol-api/internal/modules/finance/application/usecase/mocks/get_invoice.go:57.171,60.2 2 0
github.com/jailtonjunior94/financialcontrol-api/internal/modules/finance/application/usecase/mocks/get_invoice.go:65.16,68.19 3 0
github.com/jailtonjunior94/financialcontrol-api/internal/modules/finance/application/usecase/mocks/get_invoice.go:68.19,68.49 1 0
github.com/jailtonjunior94/financialcontrol-api/internal/modules/finance/application/usecase/mocks/get_invoice.go:69.2,69.13 1 0
github.com/jailtonjunior94/financialcontrol-api/internal/modules/finance/application/usecase/mocks/get_transaction.go:22.61,24.2 1 0
github.com/jailtonjunior94/financialcontrol-api/internal/modules/finance/application/usecase/mocks/get_transaction.go:26.140,30.126 4 0
github.com/jailtonjunior94/financialcontrol-api/internal/modules/finance/application/usecase/mocks/get_transaction.go:30.126,32.3 1 0
github.com/jailtonjunior94/financialcontrol-api/internal/modules/finance/application/usecase/mocks/get_transaction.go:33.2,33.117 1 0
github.com/jailtonjunior94/financialcontrol-api/internal/modules/finance/application/usecase/mocks/get_transaction.go:33.117,35.3 1 0
github.com/jailtonjunior94/financialcontrol-api/internal/modules/finance/application/usecase/mocks/get_transaction.go:35.8,37.3 1 0
github.com/jailtonjunior94/financialcontrol-api/internal/modules/finance/application/usecase/mocks/get_transaction.go:38.2,38.98 1 0
github.com/jailtonjunior94/financialcontrol-api/internal/modules/finance/application/usecase/mocks/get_transaction.go:38.98,40.3 1 0
github.com/jailtonjunior94/financialcontrol-api/internal/modules/finance/application/usecase/mocks/get_transaction.go:40.8,42.3 1 0
github.com/jailtonjunior94/financialcontrol-api/internal/modules/finance/application/usecase/mocks/get_transaction.go:43.2,43.15 1 0
github.com/jailtonjunior94/financialcontrol-api/internal/modules/finance/application/usecase/mocks/get_transaction.go:48.104,50.2 1 0
github.com/jailtonjunior94/financialcontrol-api/internal/modules/finance/application/usecase/mocks/get_transaction.go:52.115,55.2 2 0
github.com/jailtonjunior94/financialcontrol-api/internal/modules/finance/application/usecase/mocks/get_transaction.go:57.181,60.2 2 0
github.com/jailtonjunior94/financialcontrol-api/internal/modules/finance/application/usecase/mocks/get_transaction.go:65.20,68.19 3 0
github.com/jailtonjunior94/financialcontrol-api/internal/modules/finance/application/usecase/mocks/get_transaction.go:68.19,68.49 1 0
github.com/jailtonjunior94/financialcontrol-api/internal/modules/finance/application/usecase/mocks/get_transaction.go:69.2,69.13 1 0
github.com/jailtonjunior94/financialcontrol-api/internal/modules/finance/application/usecase/mocks/list_invoices.go:22.57,24.2 1 0
github.com/jailtonjunior94/financialcontrol-api/internal/modules/finance/application/usecase/mocks/list_invoices.go:26.159,30.150 4 0
github.com/jailtonjunior94/financialcontrol-api/internal/modules/finance/application/usecase/mocks/list_invoices.go:30.150,32.3 1 0
github.com/jailtonjunior94/financialcontrol-api/internal/modules/finance/application/usecase/mocks/list_invoices.go:33.2,33.141 1 0
github.com/jailtonjunior94/financialcontrol-api/internal/modules/finance/application/usecase/mocks/list_invoices.go:33.141,35.3 1 0
github.com/jailtonjunior94/financialcontrol-api/internal/modules/finance/application/usecase/mocks/list_invoices.go:35.8,37.3 1 0
github.com/jailtonjunior94/financialcontrol-api/internal/modules/finance/application/usecase/mocks/list_invoices.go:38.2,38.102 1 0
github.com/jailtonjunior94/financialcontrol-api/internal/modules/finance/application/usecase/mocks/list_invoices.go:38.102,40.3 1 0
github.com/jailtonjunior94/financialcontrol-api/internal/modules/finance/application/usecase/mocks/list_invoices.go:40.8,42.3 1 0
github.com/jailtonjunior94/financialcontrol-api/internal/modules/finance/application/usecase/mocks/list_invoices.go:43.2,43.15 1 0
github.com/jailtonjunior94/financialcontrol-api/internal/modules/finance/application/usecase/mocks/list_invoices.go:48.97,50.2 1 0
github.com/jailtonjunior94/financialcontrol-api/internal/modules/finance/application/usecase/mocks/list_invoices.go:52.131,55.2 2 0
github.com/jailtonjunior94/financialcontrol-api/internal/modules/finance/application/usecase/mocks/list_invoices.go:57.201,60.2 2 0
github.com/jailtonjunior94/financialcontrol-api/internal/modules/finance/application/usecase/mocks/list_invoices.go:65.18,68.19 3 0
github.com/jailtonjunior94/financialcontrol-api/internal/modules/finance/application/usecase/mocks/list_invoices.go:68.19,68.49 1 0
github.com/jailtonjunior94/financialcontrol-api/internal/modules/finance/application/usecase/mocks/list_invoices.go:69.2,69.13 1 0
github.com/jailtonjunior94/financialcontrol-api/internal/modules/finance/application/usecase/mocks/list_transactions.go:22.65,24.2 1 0
github.com/jailtonjunior94/financialcontrol-api/internal/modules/finance/application/usecase/mocks/list_transactions.go:26.171,30.158 4 0
github.com/jailtonjunior94/financialcontrol-api/internal/modules/finance/application/usecase/mocks/list_transactions.go:30.158,32.3 1 0
github.com/jailtonjunior94/financialcontrol-api/internal/modules/finance/application/usecase/mocks/list_transactions.go:33.2,33.149 1 0
github.com/jailtonjunior94/financialcontrol-api/internal/modules/finance/application/usecase/mocks/list_transactions.go:33.149,35.3 1 0
github.com/jailtonjunior94/financialcontrol-api/internal/modules/finance/application/usecase/mocks/list_transactions.go:35.8,37.3 1 0
github.com/jailtonjunior94/financialcontrol-api/internal/modules/finance/application/usecase/mocks/list_transactions.go:38.2,38.106 1 0
github.com/jailtonjunior94/financialcontrol-api/internal/modules/finance/application/usecase/mocks/list_transactions.go:38.106,40.3 1 0
github.com/jailtonjunior94/financialcontrol-api/internal/modules/finance/application/usecase/mocks/list_transactions.go:40.8,42.3 1 0
github.com/jailtonjunior94/financialcontrol-api/internal/modules/finance/application/usecase/mocks/list_transactions.go:43.2,43.15 1 0
github.com/jailtonjunior94/financialcontrol-api/internal/modules/finance/application/usecase/mocks/list_transactions.go:48.105,50.2 1 0
github.com/jailtonjunior94/financialcontrol-api/internal/modules/finance/application/usecase/mocks/list_transactions.go:52.143,55.2 2 0
github.com/jailtonjunior94/financialcontrol-api/internal/modules/finance/application/usecase/mocks/list_transactions.go:57.217,60.2 2 0
github.com/jailtonjunior94/financialcontrol-api/internal/modules/finance/application/usecase/mocks/list_transactions.go:65.22,68.19 3 0
github.com/jailtonjunior94/financialcontrol-api/internal/modules/finance/application/usecase/mocks/list_transactions.go:68.19,68.49 1 0
github.com/jailtonjunior94/financialcontrol-api/internal/modules/finance/application/usecase/mocks/list_transactions.go:69.2,69.13 1 0
github.com/jailtonjunior94/financialcontrol-api/internal/modules/finance/application/usecase/mocks/monthly_summary.go:22.61,24.2 1 0
github.com/jailtonjunior94/financialcontrol-api/internal/modules/finance/application/usecase/mocks/monthly_summary.go:26.138,30.122 4 0
github.com/jailtonjunior94/financialcontrol-api/internal/modules/finance/application/usecase/mocks/monthly_summary.go:30.122,32.3 1 0
github.com/jailtonjunior94/financialcontrol-api/internal/modules/finance/application/usecase/mocks/monthly_summary.go:33.2,33.113 1 0
github.com/jailtonjunior94/financialcontrol-api/internal/modules/finance/application/usecase/mocks/monthly_summary.go:33.113,35.3 1 0
github.com/jailtonjunior94/financialcontrol-api/internal/modules/finance/application/usecase/mocks/monthly_summary.go:35.8,37.3 1 0
github.com/jailtonjunior94/financialcontrol-api/internal/modules/finance/application/usecase/mocks/monthly_summary.go:38.2,38.91 1 0
github.com/jailtonjunior94/financialcontrol-api/internal/modules/finance/application/usecase/mocks/monthly_summary.go:38.91,40.3 1 0
github.com/jailtonjunior94/financialcontrol-api/internal/modules/finance/application/usecase/mocks/monthly_summary.go:40.8,42.3 1 0
github.com/jailtonjunior94/financialcontrol-api/internal/modules/finance/application/usecase/mocks/monthly_summary.go:43.2,43.15 1 0
github.com/jailtonjunior94/financialcontrol-api/internal/modules/finance/application/usecase/mocks/monthly_summary.go:48.106,50.2 1 0
github.com/jailtonjunior94/financialcontrol-api/internal/modules/finance/application/usecase/mocks/monthly_summary.go:52.118,55.2 2 0
github.com/jailtonjunior94/financialcontrol-api/internal/modules/finance/application/usecase/mocks/monthly_summary.go:57.177,60.2 2 0
github.com/jailtonjunior94/financialcontrol-api/internal/modules/finance/application/usecase/mocks/monthly_summary.go:65.20,68.19 3 0
github.com/jailtonjunior94/financialcontrol-api/internal/modules/finance/application/usecase/mocks/monthly_summary.go:68.19,68.49 1 0
github.com/jailtonjunior94/financialcontrol-api/internal/modules/finance/application/usecase/mocks/monthly_summary.go:69.2,69.13 1 0
github.com/jailtonjunior94/financialcontrol-api/internal/modules/finance/application/usecase/mocks/pay_invoice.go:22.53,24.2 1 0
github.com/jailtonjunior94/financialcontrol-api/internal/modules/finance/application/usecase/mocks/pay_invoice.go:26.161,30.142 4 0
github.com/jailtonjunior94/financialcontrol-api/internal/modules/finance/application/usecase/mocks/pay_invoice.go:30.142,32.3 1 0
github.com/jailtonjunior94/financialcontrol-api/internal/modules/finance/application/usecase/mocks/pay_invoice.go:33.2,33.133 1 0
github.com/jailtonjunior94/financialcontrol-api/internal/modules/finance/application/usecase/mocks/pay_invoice.go:33.133,35.3 1 0
github.com/jailtonjunior94/financialcontrol-api/internal/modules/finance/application/usecase/mocks/pay_invoice.go:35.8,37.3 1 0
github.com/jailtonjunior94/financialcontrol-api/internal/modules/finance/application/usecase/mocks/pay_invoice.go:38.2,38.118 1 0
github.com/jailtonjunior94/financialcontrol-api/internal/modules/finance/application/usecase/mocks/pay_invoice.go:38.118,40.3 1 0
github.com/jailtonjunior94/financialcontrol-api/internal/modules/finance/application/usecase/mocks/pay_invoice.go:40.8,42.3 1 0
github.com/jailtonjunior94/financialcontrol-api/internal/modules/finance/application/usecase/mocks/pay_invoice.go:43.2,43.15 1 0
github.com/jailtonjunior94/financialcontrol-api/internal/modules/finance/application/usecase/mocks/pay_invoice.go:48.106,50.2 1 0
github.com/jailtonjunior94/financialcontrol-api/internal/modules/finance/application/usecase/mocks/pay_invoice.go:52.103,55.2 2 0
github.com/jailtonjunior94/financialcontrol-api/internal/modules/finance/application/usecase/mocks/pay_invoice.go:57.189,60.2 2 0
github.com/jailtonjunior94/financialcontrol-api/internal/modules/finance/application/usecase/mocks/pay_invoice.go:65.16,68.19 3 0
github.com/jailtonjunior94/financialcontrol-api/internal/modules/finance/application/usecase/mocks/pay_invoice.go:68.19,68.49 1 0
github.com/jailtonjunior94/financialcontrol-api/internal/modules/finance/application/usecase/mocks/pay_invoice.go:69.2,69.13 1 0
github.com/jailtonjunior94/financialcontrol-api/internal/modules/finance/application/usecase/mocks/refund_transaction.go:22.67,24.2 1 0
github.com/jailtonjunior94/financialcontrol-api/internal/modules/finance/application/usecase/mocks/refund_transaction.go:26.178,30.157 4 0
github.com/jailtonjunior94/financialcontrol-api/internal/modules/finance/application/usecase/mocks/refund_transaction.go:30.157,32.3 1 0
github.com/jailtonjunior94/financialcontrol-api/internal/modules/finance/application/usecase/mocks/refund_transaction.go:33.2,33.148 1 0
github.com/jailtonjunior94/financialcontrol-api/internal/modules/finance/application/usecase/mocks/refund_transaction.go:33.148,35.3 1 0
github.com/jailtonjunior94/financialcontrol-api/internal/modules/finance/application/usecase/mocks/refund_transaction.go:35.8,37.3 1 0
github.com/jailtonjunior94/financialcontrol-api/internal/modules/finance/application/usecase/mocks/refund_transaction.go:38.2,38.129 1 0
github.com/jailtonjunior94/financialcontrol-api/internal/modules/finance/application/usecase/mocks/refund_transaction.go:38.129,40.3 1 0
github.com/jailtonjunior94/financialcontrol-api/internal/modules/finance/application/usecase/mocks/refund_transaction.go:40.8,42.3 1 0
github.com/jailtonjunior94/financialcontrol-api/internal/modules/finance/application/usecase/mocks/refund_transaction.go:43.2,43.15 1 0
github.com/jailtonjunior94/financialcontrol-api/internal/modules/finance/application/usecase/mocks/refund_transaction.go:48.115,50.2 1 0
github.com/jailtonjunior94/financialcontrol-api/internal/modules/finance/application/usecase/mocks/refund_transaction.go:52.121,55.2 2 0
github.com/jailtonjunior94/financialcontrol-api/internal/modules/finance/application/usecase/mocks/refund_transaction.go:57.218,60.2 2 0
github.com/jailtonjunior94/financialcontrol-api/internal/modules/finance/application/usecase/mocks/refund_transaction.go:65.23,68.19 3 0
github.com/jailtonjunior94/financialcontrol-api/internal/modules/finance/application/usecase/mocks/refund_transaction.go:68.19,68.49 1 0
github.com/jailtonjunior94/financialcontrol-api/internal/modules/finance/application/usecase/mocks/refund_transaction.go:69.2,69.13 1 0
github.com/jailtonjunior94/financialcontrol-api/internal/modules/finance/application/usecase/mocks/update_transaction.go:22.67,24.2 1 0
github.com/jailtonjunior94/financialcontrol-api/internal/modules/finance/application/usecase/mocks/update_transaction.go:26.178,30.157 4 0
github.com/jailtonjunior94/financialcontrol-api/internal/modules/finance/application/usecase/mocks/update_transaction.go:30.157,32.3 1 0
github.com/jailtonjunior94/financialcontrol-api/internal/modules/finance/application/usecase/mocks/update_transaction.go:33.2,33.148 1 0
github.com/jailtonjunior94/financialcontrol-api/internal/modules/finance/application/usecase/mocks/update_transaction.go:33.148,35.3 1 0
github.com/jailtonjunior94/financialcontrol-api/internal/modules/finance/application/usecase/mocks/update_transaction.go:35.8,37.3 1 0
github.com/jailtonjunior94/financialcontrol-api/internal/modules/finance/application/usecase/mocks/update_transaction.go:38.2,38.129 1 0
github.com/jailtonjunior94/financialcontrol-api/internal/modules/finance/application/usecase/mocks/update_transaction.go:38.129,40.3 1 0
github.com/jailtonjunior94/financialcontrol-api/internal/modules/finance/application/usecase/mocks/update_transaction.go:40.8,42.3 1 0
github.com/jailtonjunior94/financialcontrol-api/internal/modules/finance/application/usecase/mocks/update_transaction.go:43.2,43.15 1 0
github.com/jailtonjunior94/financialcontrol-api/internal/modules/finance/application/usecase/mocks/update_transaction.go:48.115,50.2 1 0
github.com/jailtonjunior94/financialcontrol-api/internal/modules/finance/application/usecase/mocks/update_transaction.go:52.121,55.2 2 0
github.com/jailtonjunior94/financialcontrol-api/internal/modules/finance/application/usecase/mocks/update_transaction.go:57.218,60.2 2 0
github.com/jailtonjunior94/financialcontrol-api/internal/modules/finance/application/usecase/mocks/update_transaction.go:65.23,68.19 3 0
github.com/jailtonjunior94/financialcontrol-api/internal/modules/finance/application/usecase/mocks/update_transaction.go:68.19,68.49 1 0
github.com/jailtonjunior94/financialcontrol-api/internal/modules/finance/application/usecase/mocks/update_transaction.go:69.2,69.13 1 0
github.com/jailtonjunior94/financialcontrol-api/internal/modules/finance/domain/ports/mocks/card_provider.go:24.57,26.2 1 0
github.com/jailtonjunior94/financialcontrol-api/internal/modules/finance/domain/ports/mocks/card_provider.go:28.129,30.19 2 0
github.com/jailtonjunior94/financialcontrol-api/internal/modules/finance/domain/ports/mocks/card_provider.go:30.19,31.49 1 0
github.com/jailtonjunior94/financialcontrol-api/internal/modules/finance/domain/ports/mocks/card_provider.go:33.2,35.115 3 0
github.com/jailtonjunior94/financialcontrol-api/internal/modules/finance/domain/ports/mocks/card_provider.go:35.115,37.3 1 0
github.com/jailtonjunior94/financialcontrol-api/internal/modules/finance/domain/ports/mocks/card_provider.go:38.2,38.106 1 0
github.com/jailtonjunior94/financialcontrol-api/internal/modules/finance/domain/ports/mocks/card_provider.go:38.106,40.3 1 0
github.com/jailtonjunior94/financialcontrol-api/internal/modules/finance/domain/ports/mocks/card_provider.go:40.8,42.3 1 0
github.com/jailtonjunior94/financialcontrol-api/internal/modules/finance/domain/ports/mocks/card_provider.go:43.2,43.91 1 0
github.com/jailtonjunior94/financialcontrol-api/internal/modules/finance/domain/ports/mocks/card_provider.go:43.91,45.3 1 0
github.com/jailtonjunior94/financialcontrol-api/internal/modules/finance/domain/ports/mocks/card_provider.go:45.8,47.3 1 0
github.com/jailtonjunior94/financialcontrol-api/internal/modules/finance/domain/ports/mocks/card_provider.go:48.2,48.15 1 0
github.com/jailtonjunior94/financialcontrol-api/internal/modules/finance/domain/ports/mocks/card_provider.go:53.102,55.2 1 0
github.com/jailtonjunior94/financialcontrol-api/internal/modules/finance/domain/ports/mocks/card_provider.go:57.145,58.40 1 0
github.com/jailtonjunior94/financialcontrol-api/internal/modules/finance/domain/ports/mocks/card_provider.go:58.40,60.3 1 0
github.com/jailtonjunior94/financialcontrol-api/internal/modules/finance/domain/ports/mocks/card_provider.go:61.2,61.11 1 0
github.com/jailtonjunior94/financialcontrol-api/internal/modules/finance/domain/ports/mocks/card_provider.go:64.109,67.2 2 0
github.com/jailtonjunior94/financialcontrol-api/internal/modules/finance/domain/ports/mocks/card_provider.go:69.166,72.2 2 0
github.com/jailtonjunior94/financialcontrol-api/internal/modules/finance/domain/ports/mocks/card_provider.go:78.18,81.19 3 0
github.com/jailtonjunior94/financialcontrol-api/internal/modules/finance/domain/ports/mocks/card_provider.go:81.19,81.49 1 0
github.com/jailtonjunior94/financialcontrol-api/internal/modules/finance/domain/ports/mocks/card_provider.go:82.2,82.13 1 0
github.com/jailtonjunior94/financialcontrol-api/internal/modules/finance/domain/ports/mocks/category_provider.go:24.65,26.2 1 0
github.com/jailtonjunior94/financialcontrol-api/internal/modules/finance/domain/ports/mocks/category_provider.go:28.145,30.19 2 0
github.com/jailtonjunior94/financialcontrol-api/internal/modules/finance/domain/ports/mocks/category_provider.go:30.19,31.49 1 0
github.com/jailtonjunior94/financialcontrol-api/internal/modules/finance/domain/ports/mocks/category_provider.go:33.2,35.123 3 0
github.com/jailtonjunior94/financialcontrol-api/internal/modules/finance/domain/ports/mocks/category_provider.go:35.123,37.3 1 0
github.com/jailtonjunior94/financialcontrol-api/internal/modules/finance/domain/ports/mocks/category_provider.go:38.2,38.114 1 0
github.com/jailtonjunior94/financialcontrol-api/internal/modules/finance/domain/ports/mocks/category_provider.go:38.114,40.3 1 0
github.com/jailtonjunior94/financialcontrol-api/internal/modules/finance/domain/ports/mocks/category_provider.go:40.8,42.3 1 0
github.com/jailtonjunior94/financialcontrol-api/internal/modules/finance/domain/ports/mocks/category_provider.go:43.2,43.95 1 0
github.com/jailtonjunior94/financialcontrol-api/internal/modules/finance/domain/ports/mocks/category_provider.go:43.95,45.3 1 0
github.com/jailtonjunior94/financialcontrol-api/internal/modules/finance/domain/ports/mocks/category_provider.go:45.8,47.3 1 0
github.com/jailtonjunior94/financialcontrol-api/internal/modules/finance/domain/ports/mocks/category_provider.go:48.2,48.15 1 0
github.com/jailtonjunior94/financialcontrol-api/internal/modules/finance/domain/ports/mocks/category_provider.go:53.114,55.2 1 0
github.com/jailtonjunior94/financialcontrol-api/internal/modules/finance/domain/ports/mocks/category_provider.go:57.161,58.40 1 0
github.com/jailtonjunior94/financialcontrol-api/internal/modules/finance/domain/ports/mocks/category_provider.go:58.40,60.3 1 0
github.com/jailtonjunior94/financialcontrol-api/internal/modules/finance/domain/ports/mocks/category_provider.go:61.2,61.11 1 0
github.com/jailtonjunior94/financialcontrol-api/internal/modules/finance/domain/ports/mocks/category_provider.go:64.121,67.2 2 0
github.com/jailtonjunior94/financialcontrol-api/internal/modules/finance/domain/ports/mocks/category_provider.go:69.182,72.2 2 0
github.com/jailtonjunior94/financialcontrol-api/internal/modules/finance/domain/ports/mocks/category_provider.go:78.22,81.19 3 0
github.com/jailtonjunior94/financialcontrol-api/internal/modules/finance/domain/ports/mocks/category_provider.go:81.19,81.49 1 0
github.com/jailtonjunior94/financialcontrol-api/internal/modules/finance/domain/ports/mocks/category_provider.go:82.2,82.13 1 0
github.com/jailtonjunior94/financialcontrol-api/internal/modules/finance/domain/ports/mocks/clock.go:20.43,22.2 1 0
github.com/jailtonjunior94/financialcontrol-api/internal/modules/finance/domain/ports/mocks/clock.go:24.34,26.19 2 0
github.com/jailtonjunior94/financialcontrol-api/internal/modules/finance/domain/ports/mocks/clock.go:26.19,27.45 1 0
github.com/jailtonjunior94/financialcontrol-api/internal/modules/finance/domain/ports/mocks/clock.go:29.2,29.49 1 0
github.com/jailtonjunior94/financialcontrol-api/internal/modules/finance/domain/ports/mocks/clock.go:29.49,31.3 1 0
github.com/jailtonjunior94/financialcontrol-api/internal/modules/finance/domain/ports/mocks/clock.go:32.2,32.31 1 0
github.com/jailtonjunior94/financialcontrol-api/internal/modules/finance/domain/ports/mocks/clock.go:37.49,39.2 1 0
github.com/jailtonjunior94/financialcontrol-api/internal/modules/finance/domain/ports/mocks/clock.go:41.59,42.40 1 0
github.com/jailtonjunior94/financialcontrol-api/internal/modules/finance/domain/ports/mocks/clock.go:42.40,42.49 1 0
github.com/jailtonjunior94/financialcontrol-api/internal/modules/finance/domain/ports/mocks/clock.go:43.2,43.11 1 0
github.com/jailtonjunior94/financialcontrol-api/internal/modules/finance/domain/ports/mocks/clock.go:46.65,49.2 2 0
github.com/jailtonjunior94/financialcontrol-api/internal/modules/finance/domain/ports/mocks/clock.go:51.78,54.2 2 0
github.com/jailtonjunior94/financialcontrol-api/internal/modules/finance/domain/ports/mocks/clock.go:60.11,63.19 3 0
github.com/jailtonjunior94/financialcontrol-api/internal/modules/finance/domain/ports/mocks/clock.go:63.19,63.49 1 0
github.com/jailtonjunior94/financialcontrol-api/internal/modules/finance/domain/ports/mocks/clock.go:64.2,64.13 1 0
github.com/jailtonjunior94/financialcontrol-api/internal/modules/finance/domain/ports/mocks/id_generator.go:20.55,22.2 1 0
github.com/jailtonjunior94/financialcontrol-api/internal/modules/finance/domain/ports/mocks/id_generator.go:24.61,26.19 2 0
github.com/jailtonjunior94/financialcontrol-api/internal/modules/finance/domain/ports/mocks/id_generator.go:26.19,27.58 1 0
github.com/jailtonjunior94/financialcontrol-api/internal/modules/finance/domain/ports/mocks/id_generator.go:29.2,29.57 1 0
github.com/jailtonjunior94/financialcontrol-api/internal/modules/finance/domain/ports/mocks/id_generator.go:29.57,31.3 1 0
github.com/jailtonjunior94/financialcontrol-api/internal/modules/finance/domain/ports/mocks/id_generator.go:32.2,32.39 1 0
github.com/jailtonjunior94/financialcontrol-api/internal/modules/finance/domain/ports/mocks/id_generator.go:35.61,37.19 2 0
github.com/jailtonjunior94/financialcontrol-api/internal/modules/finance/domain/ports/mocks/id_generator.go:37.19,38.58 1 0
github.com/jailtonjunior94/financialcontrol-api/internal/modules/finance/domain/ports/mocks/id_generator.go:40.2,40.57 1 0
github.com/jailtonjunior94/financialcontrol-api/internal/modules/finance/domain/ports/mocks/id_generator.go:40.57,42.3 1 0
github.com/jailtonjunior94/financialcontrol-api/internal/modules/finance/domain/ports/mocks/id_generator.go:43.2,43.39 1 0
github.com/jailtonjunior94/financialcontrol-api/internal/modules/finance/domain/ports/mocks/id_generator.go:46.53,48.19 2 0
github.com/jailtonjunior94/financialcontrol-api/internal/modules/finance/domain/ports/mocks/id_generator.go:48.19,49.54 1 0
github.com/jailtonjunior94/financialcontrol-api/internal/modules/finance/domain/ports/mocks/id_generator.go:51.2,51.53 1 0
github.com/jailtonjunior94/financialcontrol-api/internal/modules/finance/domain/ports/mocks/id_generator.go:51.53,53.3 1 0
github.com/jailtonjunior94/financialcontrol-api/internal/modules/finance/domain/ports/mocks/id_generator.go:54.2,54.35 1 0
github.com/jailtonjunior94/financialcontrol-api/internal/modules/finance/domain/ports/mocks/id_generator.go:61.17,64.19 3 0
github.com/jailtonjunior94/financialcontrol-api/internal/modules/finance/domain/ports/mocks/id_generator.go:64.19,64.49 1 0
github.com/jailtonjunior94/financialcontrol-api/internal/modules/finance/domain/ports/mocks/id_generator.go:65.2,65.13 1 0
github.com/jailtonjunior94/financialcontrol-api/internal/modules/finance/domain/ports/mocks/installment_repository.go:25.75,27.2 1 0
github.com/jailtonjunior94/financialcontrol-api/internal/modules/finance/domain/ports/mocks/installment_repository.go:29.101,31.19 2 0
github.com/jailtonjunior94/financialcontrol-api/internal/modules/finance/domain/ports/mocks/installment_repository.go:31.19,32.50 1 0
github.com/jailtonjunior94/financialcontrol-api/internal/modules/finance/domain/ports/mocks/installment_repository.go:34.2,35.85 2 0
github.com/jailtonjunior94/financialcontrol-api/internal/modules/finance/domain/ports/mocks/installment_repository.go:35.85,37.3 1 0
github.com/jailtonjunior94/financialcontrol-api/internal/modules/finance/domain/ports/mocks/installment_repository.go:37.8,39.3 1 0
github.com/jailtonjunior94/financialcontrol-api/internal/modules/finance/domain/ports/mocks/installment_repository.go:40.2,40.11 1 0
github.com/jailtonjunior94/financialcontrol-api/internal/modules/finance/domain/ports/mocks/installment_repository.go:45.113,47.2 1 0
github.com/jailtonjunior94/financialcontrol-api/internal/modules/finance/domain/ports/mocks/installment_repository.go:49.151,50.40 1 0
github.com/jailtonjunior94/financialcontrol-api/internal/modules/finance/domain/ports/mocks/installment_repository.go:50.40,50.109 1 0
github.com/jailtonjunior94/financialcontrol-api/internal/modules/finance/domain/ports/mocks/installment_repository.go:51.2,51.11 1 0
github.com/jailtonjunior94/financialcontrol-api/internal/modules/finance/domain/ports/mocks/installment_repository.go:54.103,57.2 2 0
github.com/jailtonjunior94/financialcontrol-api/internal/modules/finance/domain/ports/mocks/installment_repository.go:59.156,62.2 2 0
github.com/jailtonjunior94/financialcontrol-api/internal/modules/finance/domain/ports/mocks/installment_repository.go:64.104,66.19 2 0
github.com/jailtonjunior94/financialcontrol-api/internal/modules/finance/domain/ports/mocks/installment_repository.go:66.19,67.53 1 0
github.com/jailtonjunior94/financialcontrol-api/internal/modules/finance/domain/ports/mocks/installment_repository.go:69.2,70.85 2 0
github.com/jailtonjunior94/financialcontrol-api/internal/modules/finance/domain/ports/mocks/installment_repository.go:70.85,72.3 1 0
github.com/jailtonjunior94/financialcontrol-api/internal/modules/finance/domain/ports/mocks/installment_repository.go:72.8,74.3 1 0
github.com/jailtonjunior94/financialcontrol-api/internal/modules/finance/domain/ports/mocks/installment_repository.go:75.2,75.11 1 0
github.com/jailtonjunior94/financialcontrol-api/internal/modules/finance/domain/ports/mocks/installment_repository.go:80.119,82.2 1 0
github.com/jailtonjunior94/financialcontrol-api/internal/modules/finance/domain/ports/mocks/installment_repository.go:84.157,85.40 1 0
github.com/jailtonjunior94/financialcontrol-api/internal/modules/finance/domain/ports/mocks/installment_repository.go:85.40,85.109 1 0
github.com/jailtonjunior94/financialcontrol-api/internal/modules/finance/domain/ports/mocks/installment_repository.go:86.2,86.11 1 0
github.com/jailtonjunior94/financialcontrol-api/internal/modules/finance/domain/ports/mocks/installment_repository.go:89.109,92.2 2 0
github.com/jailtonjunior94/financialcontrol-api/internal/modules/finance/domain/ports/mocks/installment_repository.go:94.162,97.2 2 0
github.com/jailtonjunior94/financialcontrol-api/internal/modules/finance/domain/ports/mocks/installment_repository.go:99.132,101.19 2 0
github.com/jailtonjunior94/financialcontrol-api/internal/modules/finance/domain/ports/mocks/installment_repository.go:101.19,102.65 1 0
github.com/jailtonjunior94/financialcontrol-api/internal/modules/finance/domain/ports/mocks/installment_repository.go:104.2,105.90 2 0
github.com/jailtonjunior94/financialcontrol-api/internal/modules/finance/domain/ports/mocks/installment_repository.go:105.90,107.3 1 0
github.com/jailtonjunior94/financialcontrol-api/internal/modules/finance/domain/ports/mocks/installment_repository.go:107.8,109.3 1 0
github.com/jailtonjunior94/financialcontrol-api/internal/modules/finance/domain/ports/mocks/installment_repository.go:110.2,110.11 1 0
github.com/jailtonjunior94/financialcontrol-api/internal/modules/finance/domain/ports/mocks/installment_repository.go:115.155,117.2 1 0
github.com/jailtonjunior94/financialcontrol-api/internal/modules/finance/domain/ports/mocks/installment_repository.go:119.197,120.40 1 0
github.com/jailtonjunior94/financialcontrol-api/internal/modules/finance/domain/ports/mocks/installment_repository.go:120.40,122.3 1 0
github.com/jailtonjunior94/financialcontrol-api/internal/modules/finance/domain/ports/mocks/installment_repository.go:123.2,123.11 1 0
github.com/jailtonjunior94/financialcontrol-api/internal/modules/finance/domain/ports/mocks/installment_repository.go:126.133,129.2 2 0
github.com/jailtonjunior94/financialcontrol-api/internal/modules/finance/domain/ports/mocks/installment_repository.go:131.191,134.2 2 0
github.com/jailtonjunior94/financialcontrol-api/internal/modules/finance/domain/ports/mocks/installment_repository.go:136.126,138.19 2 0
github.com/jailtonjunior94/financialcontrol-api/internal/modules/finance/domain/ports/mocks/installment_repository.go:138.19,139.55 1 0
github.com/jailtonjunior94/financialcontrol-api/internal/modules/finance/domain/ports/mocks/installment_repository.go:141.2,143.101 3 0
github.com/jailtonjunior94/financialcontrol-api/internal/modules/finance/domain/ports/mocks/installment_repository.go:143.101,145.3 1 0
github.com/jailtonjunior94/financialcontrol-api/internal/modules/finance/domain/ports/mocks/installment_repository.go:146.2,146.92 1 0
github.com/jailtonjunior94/financialcontrol-api/internal/modules/finance/domain/ports/mocks/installment_repository.go:146.92,148.3 1 0
github.com/jailtonjunior94/financialcontrol-api/internal/modules/finance/domain/ports/mocks/installment_repository.go:148.8,148.30 1 0
github.com/jailtonjunior94/financialcontrol-api/internal/modules/finance/domain/ports/mocks/installment_repository.go:148.30,150.3 1 0
github.com/jailtonjunior94/financialcontrol-api/internal/modules/finance/domain/ports/mocks/installment_repository.go:151.2,151.75 1 0
github.com/jailtonjunior94/financialcontrol-api/internal/modules/finance/domain/ports/mocks/installment_repository.go:151.75,153.3 1 0
github.com/jailtonjunior94/financialcontrol-api/internal/modules/finance/domain/ports/mocks/installment_repository.go:153.8,155.3 1 0
github.com/jailtonjunior94/financialcontrol-api/internal/modules/finance/domain/ports/mocks/installment_repository.go:156.2,156.15 1 0
github.com/jailtonjunior94/financialcontrol-api/internal/modules/finance/domain/ports/mocks/installment_repository.go:161.127,163.2 1 0
github.com/jailtonjunior94/financialcontrol-api/internal/modules/finance/domain/ports/mocks/installment_repository.go:165.155,166.40 1 0
github.com/jailtonjunior94/financialcontrol-api/internal/modules/finance/domain/ports/mocks/installment_repository.go:166.40,166.99 1 0
github.com/jailtonjunior94/financialcontrol-api/internal/modules/finance/domain/ports/mocks/installment_repository.go:167.2,167.11 1 0
github.com/jailtonjunior94/financialcontrol-api/internal/modules/finance/domain/ports/mocks/installment_repository.go:170.141,173.2 2 0
github.com/jailtonjunior94/financialcontrol-api/internal/modules/finance/domain/ports/mocks/installment_repository.go:175.182,178.2 2 0
github.com/jailtonjunior94/financialcontrol-api/internal/modules/finance/domain/ports/mocks/installment_repository.go:180.138,182.19 2 0
github.com/jailtonjunior94/financialcontrol-api/internal/modules/finance/domain/ports/mocks/installment_repository.go:182.19,183.59 1 0
github.com/jailtonjunior94/financialcontrol-api/internal/modules/finance/domain/ports/mocks/installment_repository.go:185.2,187.105 3 0
github.com/jailtonjunior94/financialcontrol-api/internal/modules/finance/domain/ports/mocks/installment_repository.go:187.105,189.3 1 0
github.com/jailtonjunior94/financialcontrol-api/internal/modules/finance/domain/ports/mocks/installment_repository.go:190.2,190.96 1 0
github.com/jailtonjunior94/financialcontrol-api/internal/modules/finance/domain/ports/mocks/installment_repository.go:190.96,192.3 1 0
github.com/jailtonjunior94/financialcontrol-api/internal/modules/finance/domain/ports/mocks/installment_repository.go:192.8,192.30 1 0
github.com/jailtonjunior94/financialcontrol-api/internal/modules/finance/domain/ports/mocks/installment_repository.go:192.30,194.3 1 0
github.com/jailtonjunior94/financialcontrol-api/internal/modules/finance/domain/ports/mocks/installment_repository.go:195.2,195.79 1 0
github.com/jailtonjunior94/financialcontrol-api/internal/modules/finance/domain/ports/mocks/installment_repository.go:195.79,197.3 1 0
github.com/jailtonjunior94/financialcontrol-api/internal/modules/finance/domain/ports/mocks/installment_repository.go:197.8,199.3 1 0
github.com/jailtonjunior94/financialcontrol-api/internal/modules/finance/domain/ports/mocks/installment_repository.go:200.2,200.15 1 0
github.com/jailtonjunior94/financialcontrol-api/internal/modules/finance/domain/ports/mocks/installment_repository.go:205.139,207.2 1 0
github.com/jailtonjunior94/financialcontrol-api/internal/modules/finance/domain/ports/mocks/installment_repository.go:209.171,210.40 1 0
github.com/jailtonjunior94/financialcontrol-api/internal/modules/finance/domain/ports/mocks/installment_repository.go:210.40,210.103 1 0
github.com/jailtonjunior94/financialcontrol-api/internal/modules/finance/domain/ports/mocks/installment_repository.go:211.2,211.11 1 0
github.com/jailtonjunior94/financialcontrol-api/internal/modules/finance/domain/ports/mocks/installment_repository.go:214.149,217.2 2 0
github.com/jailtonjunior94/financialcontrol-api/internal/modules/finance/domain/ports/mocks/installment_repository.go:219.194,222.2 2 0
github.com/jailtonjunior94/financialcontrol-api/internal/modules/finance/domain/ports/mocks/installment_repository.go:224.132,226.19 2 0
github.com/jailtonjunior94/financialcontrol-api/internal/modules/finance/domain/ports/mocks/installment_repository.go:226.19,227.71 1 0
github.com/jailtonjunior94/financialcontrol-api/internal/modules/finance/domain/ports/mocks/installment_repository.go:229.2,231.87 3 0
github.com/jailtonjunior94/financialcontrol-api/internal/modules/finance/domain/ports/mocks/installment_repository.go:231.87,233.3 1 0
github.com/jailtonjunior94/financialcontrol-api/internal/modules/finance/domain/ports/mocks/installment_repository.go:234.2,234.78 1 0
github.com/jailtonjunior94/financialcontrol-api/internal/modules/finance/domain/ports/mocks/installment_repository.go:234.78,236.3 1 0
github.com/jailtonjunior94/financialcontrol-api/internal/modules/finance/domain/ports/mocks/installment_repository.go:236.8,238.3 1 0
github.com/jailtonjunior94/financialcontrol-api/internal/modules/finance/domain/ports/mocks/installment_repository.go:239.2,239.79 1 0
github.com/jailtonjunior94/financialcontrol-api/internal/modules/finance/domain/ports/mocks/installment_repository.go:239.79,241.3 1 0
github.com/jailtonjunior94/financialcontrol-api/internal/modules/finance/domain/ports/mocks/installment_repository.go:241.8,243.3 1 0
github.com/jailtonjunior94/financialcontrol-api/internal/modules/finance/domain/ports/mocks/installment_repository.go:244.2,244.15 1 0
github.com/jailtonjunior94/financialcontrol-api/internal/modules/finance/domain/ports/mocks/installment_repository.go:249.163,251.2 1 0
github.com/jailtonjunior94/financialcontrol-api/internal/modules/finance/domain/ports/mocks/installment_repository.go:253.195,254.40 1 0
github.com/jailtonjunior94/financialcontrol-api/internal/modules/finance/domain/ports/mocks/installment_repository.go:254.40,254.103 1 0
github.com/jailtonjunior94/financialcontrol-api/internal/modules/finance/domain/ports/mocks/installment_repository.go:255.2,255.11 1 0
github.com/jailtonjunior94/financialcontrol-api/internal/modules/finance/domain/ports/mocks/installment_repository.go:258.155,261.2 2 0
github.com/jailtonjunior94/financialcontrol-api/internal/modules/finance/domain/ports/mocks/installment_repository.go:263.200,266.2 2 0
github.com/jailtonjunior94/financialcontrol-api/internal/modules/finance/domain/ports/mocks/installment_repository.go:268.140,270.19 2 0
github.com/jailtonjunior94/financialcontrol-api/internal/modules/finance/domain/ports/mocks/installment_repository.go:270.19,271.62 1 0
github.com/jailtonjunior94/financialcontrol-api/internal/modules/finance/domain/ports/mocks/installment_repository.go:273.2,275.104 3 0
github.com/jailtonjunior94/financialcontrol-api/internal/modules/finance/domain/ports/mocks/installment_repository.go:275.104,277.3 1 0
github.com/jailtonjunior94/financialcontrol-api/internal/modules/finance/domain/ports/mocks/installment_repository.go:278.2,278.95 1 0
github.com/jailtonjunior94/financialcontrol-api/internal/modules/finance/domain/ports/mocks/installment_repository.go:278.95,280.3 1 0
github.com/jailtonjunior94/financialcontrol-api/internal/modules/finance/domain/ports/mocks/installment_repository.go:280.8,282.3 1 0
github.com/jailtonjunior94/financialcontrol-api/internal/modules/finance/domain/ports/mocks/installment_repository.go:283.2,283.91 1 0
github.com/jailtonjunior94/financialcontrol-api/internal/modules/finance/domain/ports/mocks/installment_repository.go:283.91,285.3 1 0
github.com/jailtonjunior94/financialcontrol-api/internal/modules/finance/domain/ports/mocks/installment_repository.go:285.8,287.3 1 0
github.com/jailtonjunior94/financialcontrol-api/internal/modules/finance/domain/ports/mocks/installment_repository.go:288.2,288.15 1 0
github.com/jailtonjunior94/financialcontrol-api/internal/modules/finance/domain/ports/mocks/installment_repository.go:293.146,295.2 1 0
github.com/jailtonjunior94/financialcontrol-api/internal/modules/finance/domain/ports/mocks/installment_repository.go:297.189,298.40 1 0
github.com/jailtonjunior94/financialcontrol-api/internal/modules/finance/domain/ports/mocks/installment_repository.go:298.40,300.3 1 0
github.com/jailtonjunior94/financialcontrol-api/internal/modules/finance/domain/ports/mocks/installment_repository.go:301.2,301.11 1 0
github.com/jailtonjunior94/financialcontrol-api/internal/modules/finance/domain/ports/mocks/installment_repository.go:304.142,307.2 2 0
github.com/jailtonjunior94/financialcontrol-api/internal/modules/finance/domain/ports/mocks/installment_repository.go:309.199,312.2 2 0
github.com/jailtonjunior94/financialcontrol-api/internal/modules/finance/domain/ports/mocks/installment_repository.go:318.27,321.19 3 0
github.com/jailtonjunior94/financialcontrol-api/internal/modules/finance/domain/ports/mocks/installment_repository.go:321.19,321.49 1 0
github.com/jailtonjunior94/financialcontrol-api/internal/modules/finance/domain/ports/mocks/installment_repository.go:322.2,322.13 1 0
github.com/jailtonjunior94/financialcontrol-api/internal/modules/finance/domain/ports/mocks/invoice_repository.go:28.67,30.2 1 0
github.com/jailtonjunior94/financialcontrol-api/internal/modules/finance/domain/ports/mocks/invoice_repository.go:32.215,34.19 2 0
github.com/jailtonjunior94/financialcontrol-api/internal/modules/finance/domain/ports/mocks/invoice_repository.go:34.19,35.60 1 0
github.com/jailtonjunior94/financialcontrol-api/internal/modules/finance/domain/ports/mocks/invoice_repository.go:37.2,39.158 3 0
github.com/jailtonjunior94/financialcontrol-api/internal/modules/finance/domain/ports/mocks/invoice_repository.go:39.158,41.3 1 0
github.com/jailtonjunior94/financialcontrol-api/internal/modules/finance/domain/ports/mocks/invoice_repository.go:42.2,42.149 1 0
github.com/jailtonjunior94/financialcontrol-api/internal/modules/finance/domain/ports/mocks/invoice_repository.go:42.149,44.3 1 0
github.com/jailtonjunior94/financialcontrol-api/internal/modules/finance/domain/ports/mocks/invoice_repository.go:44.8,44.30 1 0
github.com/jailtonjunior94/financialcontrol-api/internal/modules/finance/domain/ports/mocks/invoice_repository.go:44.30,46.3 1 0
github.com/jailtonjunior94/financialcontrol-api/internal/modules/finance/domain/ports/mocks/invoice_repository.go:47.2,47.137 1 0
github.com/jailtonjunior94/financialcontrol-api/internal/modules/finance/domain/ports/mocks/invoice_repository.go:47.137,49.3 1 0
github.com/jailtonjunior94/financialcontrol-api/internal/modules/finance/domain/ports/mocks/invoice_repository.go:49.8,51.3 1 0
github.com/jailtonjunior94/financialcontrol-api/internal/modules/finance/domain/ports/mocks/invoice_repository.go:52.2,52.15 1 0
github.com/jailtonjunior94/financialcontrol-api/internal/modules/finance/domain/ports/mocks/invoice_repository.go:57.164,59.2 1 0
github.com/jailtonjunior94/financialcontrol-api/internal/modules/finance/domain/ports/mocks/invoice_repository.go:61.250,62.40 1 0
github.com/jailtonjunior94/financialcontrol-api/internal/modules/finance/domain/ports/mocks/invoice_repository.go:62.40,64.3 1 0
github.com/jailtonjunior94/financialcontrol-api/internal/modules/finance/domain/ports/mocks/invoice_repository.go:65.2,65.11 1 0
github.com/jailtonjunior94/financialcontrol-api/internal/modules/finance/domain/ports/mocks/invoice_repository.go:68.138,71.2 2 0
github.com/jailtonjunior94/financialcontrol-api/internal/modules/finance/domain/ports/mocks/invoice_repository.go:73.241,76.2 2 0
github.com/jailtonjunior94/financialcontrol-api/internal/modules/finance/domain/ports/mocks/invoice_repository.go:78.130,80.19 2 0
github.com/jailtonjunior94/financialcontrol-api/internal/modules/finance/domain/ports/mocks/invoice_repository.go:80.19,81.49 1 0
github.com/jailtonjunior94/financialcontrol-api/internal/modules/finance/domain/ports/mocks/invoice_repository.go:83.2,85.115 3 0
github.com/jailtonjunior94/financialcontrol-api/internal/modules/finance/domain/ports/mocks/invoice_repository.go:85.115,87.3 1 0
github.com/jailtonjunior94/financialcontrol-api/internal/modules/finance/domain/ports/mocks/invoice_repository.go:88.2,88.106 1 0
github.com/jailtonjunior94/financialcontrol-api/internal/modules/finance/domain/ports/mocks/invoice_repository.go:88.106,90.3 1 0
github.com/jailtonjunior94/financialcontrol-api/internal/modules/finance/domain/ports/mocks/invoice_repository.go:90.8,90.30 1 0
github.com/jailtonjunior94/financialcontrol-api/internal/modules/finance/domain/ports/mocks/invoice_repository.go:90.30,92.3 1 0
github.com/jailtonjunior94/financialcontrol-api/internal/modules/finance/domain/ports/mocks/invoice_repository.go:93.2,93.94 1 0
github.com/jailtonjunior94/financialcontrol-api/internal/modules/finance/domain/ports/mocks/invoice_repository.go:93.94,95.3 1 0
github.com/jailtonjunior94/financialcontrol-api/internal/modules/finance/domain/ports/mocks/invoice_repository.go:95.8,97.3 1 0
github.com/jailtonjunior94/financialcontrol-api/internal/modules/finance/domain/ports/mocks/invoice_repository.go:98.2,98.15 1 0
github.com/jailtonjunior94/financialcontrol-api/internal/modules/finance/domain/ports/mocks/invoice_repository.go:103.108,105.2 1 0
github.com/jailtonjunior94/financialcontrol-api/internal/modules/finance/domain/ports/mocks/invoice_repository.go:107.154,108.40 1 0
github.com/jailtonjunior94/financialcontrol-api/internal/modules/finance/domain/ports/mocks/invoice_repository.go:108.40,110.3 1 0
github.com/jailtonjunior94/financialcontrol-api/internal/modules/finance/domain/ports/mocks/invoice_repository.go:111.2,111.11 1 0
github.com/jailtonjunior94/financialcontrol-api/internal/modules/finance/domain/ports/mocks/invoice_repository.go:114.116,117.2 2 0
github.com/jailtonjunior94/financialcontrol-api/internal/modules/finance/domain/ports/mocks/invoice_repository.go:119.176,122.2 2 0
github.com/jailtonjunior94/financialcontrol-api/internal/modules/finance/domain/ports/mocks/invoice_repository.go:124.142,126.19 2 0
github.com/jailtonjunior94/financialcontrol-api/internal/modules/finance/domain/ports/mocks/invoice_repository.go:126.19,127.46 1 0
github.com/jailtonjunior94/financialcontrol-api/internal/modules/finance/domain/ports/mocks/invoice_repository.go:129.2,132.131 4 0
github.com/jailtonjunior94/financialcontrol-api/internal/modules/finance/domain/ports/mocks/invoice_repository.go:132.131,134.3 1 0
github.com/jailtonjunior94/financialcontrol-api/internal/modules/finance/domain/ports/mocks/invoice_repository.go:135.2,135.115 1 0
github.com/jailtonjunior94/financialcontrol-api/internal/modules/finance/domain/ports/mocks/invoice_repository.go:135.115,137.3 1 0
github.com/jailtonjunior94/financialcontrol-api/internal/modules/finance/domain/ports/mocks/invoice_repository.go:137.8,137.30 1 0
github.com/jailtonjunior94/financialcontrol-api/internal/modules/finance/domain/ports/mocks/invoice_repository.go:137.30,139.3 1 0
github.com/jailtonjunior94/financialcontrol-api/internal/modules/finance/domain/ports/mocks/invoice_repository.go:140.2,140.102 1 0
github.com/jailtonjunior94/financialcontrol-api/internal/modules/finance/domain/ports/mocks/invoice_repository.go:140.102,142.3 1 0
github.com/jailtonjunior94/financialcontrol-api/internal/modules/finance/domain/ports/mocks/invoice_repository.go:142.8,144.3 1 0
github.com/jailtonjunior94/financialcontrol-api/internal/modules/finance/domain/ports/mocks/invoice_repository.go:145.2,145.102 1 0
github.com/jailtonjunior94/financialcontrol-api/internal/modules/finance/domain/ports/mocks/invoice_repository.go:145.102,147.3 1 0
github.com/jailtonjunior94/financialcontrol-api/internal/modules/finance/domain/ports/mocks/invoice_repository.go:147.8,149.3 1 0
github.com/jailtonjunior94/financialcontrol-api/internal/modules/finance/domain/ports/mocks/invoice_repository.go:150.2,150.19 1 0
github.com/jailtonjunior94/financialcontrol-api/internal/modules/finance/domain/ports/mocks/invoice_repository.go:155.101,157.2 1 0
github.com/jailtonjunior94/financialcontrol-api/internal/modules/finance/domain/ports/mocks/invoice_repository.go:159.155,160.40 1 0
github.com/jailtonjunior94/financialcontrol-api/internal/modules/finance/domain/ports/mocks/invoice_repository.go:160.40,162.3 1 0
github.com/jailtonjunior94/financialcontrol-api/internal/modules/finance/domain/ports/mocks/invoice_repository.go:163.2,163.11 1 0
github.com/jailtonjunior94/financialcontrol-api/internal/modules/finance/domain/ports/mocks/invoice_repository.go:166.122,169.2 2 0
github.com/jailtonjunior94/financialcontrol-api/internal/modules/finance/domain/ports/mocks/invoice_repository.go:171.186,174.2 2 0
github.com/jailtonjunior94/financialcontrol-api/internal/modules/finance/domain/ports/mocks/invoice_repository.go:176.87,178.19 2 0
github.com/jailtonjunior94/financialcontrol-api/internal/modules/finance/domain/ports/mocks/invoice_repository.go:178.19,179.48 1 0
github.com/jailtonjunior94/financialcontrol-api/internal/modules/finance/domain/ports/mocks/invoice_repository.go:181.2,182.79 2 0
github.com/jailtonjunior94/financialcontrol-api/internal/modules/finance/domain/ports/mocks/invoice_repository.go:182.79,184.3 1 0
github.com/jailtonjunior94/financialcontrol-api/internal/modules/finance/domain/ports/mocks/invoice_repository.go:184.8,186.3 1 0
github.com/jailtonjunior94/financialcontrol-api/internal/modules/finance/domain/ports/mocks/invoice_repository.go:187.2,187.11 1 0
github.com/jailtonjunior94/financialcontrol-api/internal/modules/finance/domain/ports/mocks/invoice_repository.go:192.99,194.2 1 0
github.com/jailtonjunior94/financialcontrol-api/internal/modules/finance/domain/ports/mocks/invoice_repository.go:196.131,197.40 1 0
github.com/jailtonjunior94/financialcontrol-api/internal/modules/finance/domain/ports/mocks/invoice_repository.go:197.40,197.103 1 0
github.com/jailtonjunior94/financialcontrol-api/internal/modules/finance/domain/ports/mocks/invoice_repository.go:198.2,198.11 1 0
github.com/jailtonjunior94/financialcontrol-api/internal/modules/finance/domain/ports/mocks/invoice_repository.go:201.91,204.2 2 0
github.com/jailtonjunior94/financialcontrol-api/internal/modules/finance/domain/ports/mocks/invoice_repository.go:206.138,209.2 2 0
github.com/jailtonjunior94/financialcontrol-api/internal/modules/finance/domain/ports/mocks/invoice_repository.go:211.154,213.19 2 0
github.com/jailtonjunior94/financialcontrol-api/internal/modules/finance/domain/ports/mocks/invoice_repository.go:213.19,214.53 1 0
github.com/jailtonjunior94/financialcontrol-api/internal/modules/finance/domain/ports/mocks/invoice_repository.go:216.2,218.125 3 0
github.com/jailtonjunior94/financialcontrol-api/internal/modules/finance/domain/ports/mocks/invoice_repository.go:218.125,220.3 1 0
github.com/jailtonjunior94/financialcontrol-api/internal/modules/finance/domain/ports/mocks/invoice_repository.go:221.2,221.116 1 0
github.com/jailtonjunior94/financialcontrol-api/internal/modules/finance/domain/ports/mocks/invoice_repository.go:221.116,223.3 1 0
github.com/jailtonjunior94/financialcontrol-api/internal/modules/finance/domain/ports/mocks/invoice_repository.go:223.8,223.30 1 0
github.com/jailtonjunior94/financialcontrol-api/internal/modules/finance/domain/ports/mocks/invoice_repository.go:223.30,225.3 1 0
github.com/jailtonjunior94/financialcontrol-api/internal/modules/finance/domain/ports/mocks/invoice_repository.go:226.2,226.104 1 0
github.com/jailtonjunior94/financialcontrol-api/internal/modules/finance/domain/ports/mocks/invoice_repository.go:226.104,228.3 1 0
github.com/jailtonjunior94/financialcontrol-api/internal/modules/finance/domain/ports/mocks/invoice_repository.go:228.8,230.3 1 0
github.com/jailtonjunior94/financialcontrol-api/internal/modules/finance/domain/ports/mocks/invoice_repository.go:231.2,231.15 1 0
github.com/jailtonjunior94/financialcontrol-api/internal/modules/finance/domain/ports/mocks/invoice_repository.go:236.127,238.2 1 0
github.com/jailtonjunior94/financialcontrol-api/internal/modules/finance/domain/ports/mocks/invoice_repository.go:240.182,241.40 1 0
github.com/jailtonjunior94/financialcontrol-api/internal/modules/finance/domain/ports/mocks/invoice_repository.go:241.40,243.3 1 0
github.com/jailtonjunior94/financialcontrol-api/internal/modules/finance/domain/ports/mocks/invoice_repository.go:244.2,244.11 1 0
github.com/jailtonjunior94/financialcontrol-api/internal/modules/finance/domain/ports/mocks/invoice_repository.go:247.124,250.2 2 0
github.com/jailtonjunior94/financialcontrol-api/internal/modules/finance/domain/ports/mocks/invoice_repository.go:252.194,255.2 2 0
github.com/jailtonjunior94/financialcontrol-api/internal/modules/finance/domain/ports/mocks/invoice_repository.go:257.131,259.19 2 0
github.com/jailtonjunior94/financialcontrol-api/internal/modules/finance/domain/ports/mocks/invoice_repository.go:259.19,260.57 1 0
github.com/jailtonjunior94/financialcontrol-api/internal/modules/finance/domain/ports/mocks/invoice_repository.go:262.2,264.104 3 0
github.com/jailtonjunior94/financialcontrol-api/internal/modules/finance/domain/ports/mocks/invoice_repository.go:264.104,266.3 1 0
github.com/jailtonjunior94/financialcontrol-api/internal/modules/finance/domain/ports/mocks/invoice_repository.go:267.2,267.95 1 0
github.com/jailtonjunior94/financialcontrol-api/internal/modules/finance/domain/ports/mocks/invoice_repository.go:267.95,269.3 1 0
github.com/jailtonjunior94/financialcontrol-api/internal/modules/finance/domain/ports/mocks/invoice_repository.go:269.8,271.3 1 0
github.com/jailtonjunior94/financialcontrol-api/internal/modules/finance/domain/ports/mocks/invoice_repository.go:272.2,272.91 1 0
github.com/jailtonjunior94/financialcontrol-api/internal/modules/finance/domain/ports/mocks/invoice_repository.go:272.91,274.3 1 0
github.com/jailtonjunior94/financialcontrol-api/internal/modules/finance/domain/ports/mocks/invoice_repository.go:274.8,276.3 1 0
github.com/jailtonjunior94/financialcontrol-api/internal/modules/finance/domain/ports/mocks/invoice_repository.go:277.2,277.15 1 0
github.com/jailtonjunior94/financialcontrol-api/internal/modules/finance/domain/ports/mocks/invoice_repository.go:282.128,284.2 1 0
github.com/jailtonjunior94/financialcontrol-api/internal/modules/finance/domain/ports/mocks/invoice_repository.go:286.171,287.40 1 0
github.com/jailtonjunior94/financialcontrol-api/internal/modules/finance/domain/ports/mocks/invoice_repository.go:287.40,289.3 1 0
github.com/jailtonjunior94/financialcontrol-api/internal/modules/finance/domain/ports/mocks/invoice_repository.go:290.2,290.11 1 0
github.com/jailtonjunior94/financialcontrol-api/internal/modules/finance/domain/ports/mocks/invoice_repository.go:293.124,296.2 2 0
github.com/jailtonjunior94/financialcontrol-api/internal/modules/finance/domain/ports/mocks/invoice_repository.go:298.181,301.2 2 0
github.com/jailtonjunior94/financialcontrol-api/internal/modules/finance/domain/ports/mocks/invoice_repository.go:303.130,305.19 2 0
github.com/jailtonjunior94/financialcontrol-api/internal/modules/finance/domain/ports/mocks/invoice_repository.go:305.19,306.56 1 0
github.com/jailtonjunior94/financialcontrol-api/internal/modules/finance/domain/ports/mocks/invoice_repository.go:308.2,310.104 3 0
github.com/jailtonjunior94/financialcontrol-api/internal/modules/finance/domain/ports/mocks/invoice_repository.go:310.104,312.3 1 0
github.com/jailtonjunior94/financialcontrol-api/internal/modules/finance/domain/ports/mocks/invoice_repository.go:313.2,313.95 1 0
github.com/jailtonjunior94/financialcontrol-api/internal/modules/finance/domain/ports/mocks/invoice_repository.go:313.95,315.3 1 0
github.com/jailtonjunior94/financialcontrol-api/internal/modules/finance/domain/ports/mocks/invoice_repository.go:315.8,317.3 1 0
github.com/jailtonjunior94/financialcontrol-api/internal/modules/finance/domain/ports/mocks/invoice_repository.go:318.2,318.91 1 0
github.com/jailtonjunior94/financialcontrol-api/internal/modules/finance/domain/ports/mocks/invoice_repository.go:318.91,320.3 1 0
github.com/jailtonjunior94/financialcontrol-api/internal/modules/finance/domain/ports/mocks/invoice_repository.go:320.8,322.3 1 0
github.com/jailtonjunior94/financialcontrol-api/internal/modules/finance/domain/ports/mocks/invoice_repository.go:323.2,323.15 1 0
github.com/jailtonjunior94/financialcontrol-api/internal/modules/finance/domain/ports/mocks/invoice_repository.go:328.126,330.2 1 0
github.com/jailtonjunior94/financialcontrol-api/internal/modules/finance/domain/ports/mocks/invoice_repository.go:332.169,333.40 1 0
github.com/jailtonjunior94/financialcontrol-api/internal/modules/finance/domain/ports/mocks/invoice_repository.go:333.40,335.3 1 0
github.com/jailtonjunior94/financialcontrol-api/internal/modules/finance/domain/ports/mocks/invoice_repository.go:336.2,336.11 1 0
github.com/jailtonjunior94/financialcontrol-api/internal/modules/finance/domain/ports/mocks/invoice_repository.go:339.122,342.2 2 0
github.com/jailtonjunior94/financialcontrol-api/internal/modules/finance/domain/ports/mocks/invoice_repository.go:344.179,347.2 2 0
github.com/jailtonjunior94/financialcontrol-api/internal/modules/finance/domain/ports/mocks/invoice_repository.go:353.23,356.19 3 0
github.com/jailtonjunior94/financialcontrol-api/internal/modules/finance/domain/ports/mocks/invoice_repository.go:356.19,356.49 1 0
github.com/jailtonjunior94/financialcontrol-api/internal/modules/finance/domain/ports/mocks/invoice_repository.go:357.2,357.13 1 0
github.com/jailtonjunior94/financialcontrol-api/internal/modules/finance/domain/ports/mocks/transaction_repository.go:27.75,29.2 1 0
github.com/jailtonjunior94/financialcontrol-api/internal/modules/finance/domain/ports/mocks/transaction_repository.go:31.90,33.19 2 0
github.com/jailtonjunior94/financialcontrol-api/internal/modules/finance/domain/ports/mocks/transaction_repository.go:33.19,34.45 1 0
github.com/jailtonjunior94/financialcontrol-api/internal/modules/finance/domain/ports/mocks/transaction_repository.go:36.2,37.83 2 0
github.com/jailtonjunior94/financialcontrol-api/internal/modules/finance/domain/ports/mocks/transaction_repository.go:37.83,39.3 1 0
github.com/jailtonjunior94/financialcontrol-api/internal/modules/finance/domain/ports/mocks/transaction_repository.go:39.8,41.3 1 0
github.com/jailtonjunior94/financialcontrol-api/internal/modules/finance/domain/ports/mocks/transaction_repository.go:42.2,42.11 1 0
github.com/jailtonjunior94/financialcontrol-api/internal/modules/finance/domain/ports/mocks/transaction_repository.go:47.99,49.2 1 0
github.com/jailtonjunior94/financialcontrol-api/internal/modules/finance/domain/ports/mocks/transaction_repository.go:51.135,52.40 1 0
github.com/jailtonjunior94/financialcontrol-api/internal/modules/finance/domain/ports/mocks/transaction_repository.go:52.40,52.107 1 0
github.com/jailtonjunior94/financialcontrol-api/internal/modules/finance/domain/ports/mocks/transaction_repository.go:53.2,53.11 1 0
github.com/jailtonjunior94/financialcontrol-api/internal/modules/finance/domain/ports/mocks/transaction_repository.go:56.93,59.2 2 0
github.com/jailtonjunior94/financialcontrol-api/internal/modules/finance/domain/ports/mocks/transaction_repository.go:61.144,64.2 2 0
github.com/jailtonjunior94/financialcontrol-api/internal/modules/finance/domain/ports/mocks/transaction_repository.go:66.93,68.19 2 0
github.com/jailtonjunior94/financialcontrol-api/internal/modules/finance/domain/ports/mocks/transaction_repository.go:68.19,69.48 1 0
github.com/jailtonjunior94/financialcontrol-api/internal/modules/finance/domain/ports/mocks/transaction_repository.go:71.2,72.83 2 0
github.com/jailtonjunior94/financialcontrol-api/internal/modules/finance/domain/ports/mocks/transaction_repository.go:72.83,74.3 1 0
github.com/jailtonjunior94/financialcontrol-api/internal/modules/finance/domain/ports/mocks/transaction_repository.go:74.8,76.3 1 0
github.com/jailtonjunior94/financialcontrol-api/internal/modules/finance/domain/ports/mocks/transaction_repository.go:77.2,77.11 1 0
github.com/jailtonjunior94/financialcontrol-api/internal/modules/finance/domain/ports/mocks/transaction_repository.go:82.105,84.2 1 0
github.com/jailtonjunior94/financialcontrol-api/internal/modules/finance/domain/ports/mocks/transaction_repository.go:86.141,87.40 1 0
github.com/jailtonjunior94/financialcontrol-api/internal/modules/finance/domain/ports/mocks/transaction_repository.go:87.40,87.107 1 0
github.com/jailtonjunior94/financialcontrol-api/internal/modules/finance/domain/ports/mocks/transaction_repository.go:88.2,88.11 1 0
github.com/jailtonjunior94/financialcontrol-api/internal/modules/finance/domain/ports/mocks/transaction_repository.go:91.99,94.2 2 0
github.com/jailtonjunior94/financialcontrol-api/internal/modules/finance/domain/ports/mocks/transaction_repository.go:96.150,99.2 2 0
github.com/jailtonjunior94/financialcontrol-api/internal/modules/finance/domain/ports/mocks/transaction_repository.go:101.142,103.19 2 0
github.com/jailtonjunior94/financialcontrol-api/internal/modules/finance/domain/ports/mocks/transaction_repository.go:103.19,104.49 1 0
github.com/jailtonjunior94/financialcontrol-api/internal/modules/finance/domain/ports/mocks/transaction_repository.go:106.2,108.123 3 0
github.com/jailtonjunior94/financialcontrol-api/internal/modules/finance/domain/ports/mocks/transaction_repository.go:108.123,110.3 1 0
github.com/jailtonjunior94/financialcontrol-api/internal/modules/finance/domain/ports/mocks/transaction_repository.go:111.2,111.114 1 0
github.com/jailtonjunior94/financialcontrol-api/internal/modules/finance/domain/ports/mocks/transaction_repository.go:111.114,113.3 1 0
github.com/jailtonjunior94/financialcontrol-api/internal/modules/finance/domain/ports/mocks/transaction_repository.go:113.8,113.30 1 0
github.com/jailtonjunior94/financialcontrol-api/internal/modules/finance/domain/ports/mocks/transaction_repository.go:113.30,115.3 1 0
github.com/jailtonjunior94/financialcontrol-api/internal/modules/finance/domain/ports/mocks/transaction_repository.go:116.2,116.98 1 0
github.com/jailtonjunior94/financialcontrol-api/internal/modules/finance/domain/ports/mocks/transaction_repository.go:116.98,118.3 1 0
github.com/jailtonjunior94/financialcontrol-api/internal/modules/finance/domain/ports/mocks/transaction_repository.go:118.8,120.3 1 0
github.com/jailtonjunior94/financialcontrol-api/internal/modules/finance/domain/ports/mocks/transaction_repository.go:121.2,121.15 1 0
github.com/jailtonjunior94/financialcontrol-api/internal/modules/finance/domain/ports/mocks/transaction_repository.go:126.116,128.2 1 0
github.com/jailtonjunior94/financialcontrol-api/internal/modules/finance/domain/ports/mocks/transaction_repository.go:130.166,131.40 1 0
github.com/jailtonjunior94/financialcontrol-api/internal/modules/finance/domain/ports/mocks/transaction_repository.go:131.40,133.3 1 0
github.com/jailtonjunior94/financialcontrol-api/internal/modules/finance/domain/ports/mocks/transaction_repository.go:134.2,134.11 1 0
github.com/jailtonjunior94/financialcontrol-api/internal/modules/finance/domain/ports/mocks/transaction_repository.go:137.128,140.2 2 0
github.com/jailtonjunior94/financialcontrol-api/internal/modules/finance/domain/ports/mocks/transaction_repository.go:142.192,145.2 2 0
github.com/jailtonjunior94/financialcontrol-api/internal/modules/finance/domain/ports/mocks/transaction_repository.go:147.154,149.19 2 0
github.com/jailtonjunior94/financialcontrol-api/internal/modules/finance/domain/ports/mocks/transaction_repository.go:149.19,150.46 1 0
github.com/jailtonjunior94/financialcontrol-api/internal/modules/finance/domain/ports/mocks/transaction_repository.go:152.2,155.139 4 0
github.com/jailtonjunior94/financialcontrol-api/internal/modules/finance/domain/ports/mocks/transaction_repository.go:155.139,157.3 1 0
github.com/jailtonjunior94/financialcontrol-api/internal/modules/finance/domain/ports/mocks/transaction_repository.go:158.2,158.123 1 0
github.com/jailtonjunior94/financialcontrol-api/internal/modules/finance/domain/ports/mocks/transaction_repository.go:158.123,160.3 1 0
github.com/jailtonjunior94/financialcontrol-api/internal/modules/finance/domain/ports/mocks/transaction_repository.go:160.8,160.30 1 0
github.com/jailtonjunior94/financialcontrol-api/internal/modules/finance/domain/ports/mocks/transaction_repository.go:160.30,162.3 1 0
github.com/jailtonjunior94/financialcontrol-api/internal/modules/finance/domain/ports/mocks/transaction_repository.go:163.2,163.106 1 0
github.com/jailtonjunior94/financialcontrol-api/internal/modules/finance/domain/ports/mocks/transaction_repository.go:163.106,165.3 1 0
github.com/jailtonjunior94/financialcontrol-api/internal/modules/finance/domain/ports/mocks/transaction_repository.go:165.8,167.3 1 0
github.com/jailtonjunior94/financialcontrol-api/internal/modules/finance/domain/ports/mocks/transaction_repository.go:168.2,168.106 1 0
github.com/jailtonjunior94/financialcontrol-api/internal/modules/finance/domain/ports/mocks/transaction_repository.go:168.106,170.3 1 0
github.com/jailtonjunior94/financialcontrol-api/internal/modules/finance/domain/ports/mocks/transaction_repository.go:170.8,172.3 1 0
github.com/jailtonjunior94/financialcontrol-api/internal/modules/finance/domain/ports/mocks/transaction_repository.go:173.2,173.19 1 0
github.com/jailtonjunior94/financialcontrol-api/internal/modules/finance/domain/ports/mocks/transaction_repository.go:178.109,180.2 1 0
github.com/jailtonjunior94/financialcontrol-api/internal/modules/finance/domain/ports/mocks/transaction_repository.go:182.167,183.40 1 0
github.com/jailtonjunior94/financialcontrol-api/internal/modules/finance/domain/ports/mocks/transaction_repository.go:183.40,185.3 1 0
github.com/jailtonjunior94/financialcontrol-api/internal/modules/finance/domain/ports/mocks/transaction_repository.go:186.2,186.11 1 0
github.com/jailtonjunior94/financialcontrol-api/internal/modules/finance/domain/ports/mocks/transaction_repository.go:189.134,192.2 2 0
github.com/jailtonjunior94/financialcontrol-api/internal/modules/finance/domain/ports/mocks/transaction_repository.go:194.202,197.2 2 0
github.com/jailtonjunior94/financialcontrol-api/internal/modules/finance/domain/ports/mocks/transaction_repository.go:199.111,201.19 2 0
github.com/jailtonjunior94/financialcontrol-api/internal/modules/finance/domain/ports/mocks/transaction_repository.go:201.19,202.52 1 0
github.com/jailtonjunior94/financialcontrol-api/internal/modules/finance/domain/ports/mocks/transaction_repository.go:204.2,205.94 2 0
github.com/jailtonjunior94/financialcontrol-api/internal/modules/finance/domain/ports/mocks/transaction_repository.go:205.94,207.3 1 0
github.com/jailtonjunior94/financialcontrol-api/internal/modules/finance/domain/ports/mocks/transaction_repository.go:207.8,209.3 1 0
github.com/jailtonjunior94/financialcontrol-api/internal/modules/finance/domain/ports/mocks/transaction_repository.go:210.2,210.11 1 0
github.com/jailtonjunior94/financialcontrol-api/internal/modules/finance/domain/ports/mocks/transaction_repository.go:215.117,217.2 1 0
github.com/jailtonjunior94/financialcontrol-api/internal/modules/finance/domain/ports/mocks/transaction_repository.go:219.163,220.40 1 0
github.com/jailtonjunior94/financialcontrol-api/internal/modules/finance/domain/ports/mocks/transaction_repository.go:220.40,222.3 1 0
github.com/jailtonjunior94/financialcontrol-api/internal/modules/finance/domain/ports/mocks/transaction_repository.go:223.2,223.11 1 0
github.com/jailtonjunior94/financialcontrol-api/internal/modules/finance/domain/ports/mocks/transaction_repository.go:226.107,229.2 2 0
github.com/jailtonjunior94/financialcontrol-api/internal/modules/finance/domain/ports/mocks/transaction_repository.go:231.169,234.2 2 0
github.com/jailtonjunior94/financialcontrol-api/internal/modules/finance/domain/ports/mocks/transaction_repository.go:236.142,238.19 2 0
github.com/jailtonjunior94/financialcontrol-api/internal/modules/finance/domain/ports/mocks/transaction_repository.go:238.19,239.60 1 0
github.com/jailtonjunior94/financialcontrol-api/internal/modules/finance/domain/ports/mocks/transaction_repository.go:241.2,243.106 3 0
github.com/jailtonjunior94/financialcontrol-api/internal/modules/finance/domain/ports/mocks/transaction_repository.go:243.106,245.3 1 0
github.com/jailtonjunior94/financialcontrol-api/internal/modules/finance/domain/ports/mocks/transaction_repository.go:246.2,246.97 1 0
github.com/jailtonjunior94/financialcontrol-api/internal/modules/finance/domain/ports/mocks/transaction_repository.go:246.97,248.3 1 0
github.com/jailtonjunior94/financialcontrol-api/internal/modules/finance/domain/ports/mocks/transaction_repository.go:248.8,250.3 1 0
github.com/jailtonjunior94/financialcontrol-api/internal/modules/finance/domain/ports/mocks/transaction_repository.go:251.2,251.98 1 0
github.com/jailtonjunior94/financialcontrol-api/internal/modules/finance/domain/ports/mocks/transaction_repository.go:251.98,253.3 1 0
github.com/jailtonjunior94/financialcontrol-api/internal/modules/finance/domain/ports/mocks/transaction_repository.go:253.8,255.3 1 0
github.com/jailtonjunior94/financialcontrol-api/internal/modules/finance/domain/ports/mocks/transaction_repository.go:256.2,256.15 1 0
github.com/jailtonjunior94/financialcontrol-api/internal/modules/finance/domain/ports/mocks/transaction_repository.go:261.144,263.2 1 0
github.com/jailtonjunior94/financialcontrol-api/internal/modules/finance/domain/ports/mocks/transaction_repository.go:265.194,266.40 1 0
github.com/jailtonjunior94/financialcontrol-api/internal/modules/finance/domain/ports/mocks/transaction_repository.go:266.40,268.3 1 0
github.com/jailtonjunior94/financialcontrol-api/internal/modules/finance/domain/ports/mocks/transaction_repository.go:269.2,269.11 1 0
github.com/jailtonjunior94/financialcontrol-api/internal/modules/finance/domain/ports/mocks/transaction_repository.go:272.133,275.2 2 0
github.com/jailtonjunior94/financialcontrol-api/internal/modules/finance/domain/ports/mocks/transaction_repository.go:277.197,280.2 2 0
github.com/jailtonjunior94/financialcontrol-api/internal/modules/finance/domain/ports/mocks/transaction_repository.go:282.147,284.19 2 0
github.com/jailtonjunior94/financialcontrol-api/internal/modules/finance/domain/ports/mocks/transaction_repository.go:284.19,285.55 1 0
github.com/jailtonjunior94/financialcontrol-api/internal/modules/finance/domain/ports/mocks/transaction_repository.go:287.2,289.118 3 0
github.com/jailtonjunior94/financialcontrol-api/internal/modules/finance/domain/ports/mocks/transaction_repository.go:289.118,291.3 1 0
github.com/jailtonjunior94/financialcontrol-api/internal/modules/finance/domain/ports/mocks/transaction_repository.go:292.2,292.109 1 0
github.com/jailtonjunior94/financialcontrol-api/internal/modules/finance/domain/ports/mocks/transaction_repository.go:292.109,294.3 1 0
github.com/jailtonjunior94/financialcontrol-api/internal/modules/finance/domain/ports/mocks/transaction_repository.go:294.8,296.3 1 0
github.com/jailtonjunior94/financialcontrol-api/internal/modules/finance/domain/ports/mocks/transaction_repository.go:297.2,297.91 1 0
github.com/jailtonjunior94/financialcontrol-api/internal/modules/finance/domain/ports/mocks/transaction_repository.go:297.91,299.3 1 0
github.com/jailtonjunior94/financialcontrol-api/internal/modules/finance/domain/ports/mocks/transaction_repository.go:299.8,301.3 1 0
[...]
github.com/jailtonjunior94/financialcontrol-api/internal/modules/finance/infrastructure/persistence/mssql/row_mappers.go:80.16,82.3 1 1
github.com/jailtonjunior94/financialcontrol-api/internal/modules/finance/infrastructure/persistence/mssql/row_mappers.go:83.2,85.16 3 1
github.com/jailtonjunior94/financialcontrol-api/internal/modules/finance/infrastructure/persistence/mssql/row_mappers.go:85.16,87.3 1 1
github.com/jailtonjunior94/financialcontrol-api/internal/modules/finance/infrastructure/persistence/mssql/row_mappers.go:88.2,89.16 2 1
github.com/jailtonjunior94/financialcontrol-api/internal/modules/finance/infrastructure/persistence/mssql/row_mappers.go:89.16,91.3 1 1
github.com/jailtonjunior94/financialcontrol-api/internal/modules/finance/infrastructure/persistence/mssql/row_mappers.go:92.2,93.16 2 1
github.com/jailtonjunior94/financialcontrol-api/internal/modules/finance/infrastructure/persistence/mssql/row_mappers.go:93.16,95.3 1 0
github.com/jailtonjunior94/financialcontrol-api/internal/modules/finance/infrastructure/persistence/mssql/row_mappers.go:96.2,97.16 2 1
github.com/jailtonjunior94/financialcontrol-api/internal/modules/finance/infrastructure/persistence/mssql/row_mappers.go:97.16,99.3 1 0
github.com/jailtonjunior94/financialcontrol-api/internal/modules/finance/infrastructure/persistence/mssql/row_mappers.go:101.2,102.21 2 1
github.com/jailtonjunior94/financialcontrol-api/internal/modules/finance/infrastructure/persistence/mssql/row_mappers.go:102.21,104.18 2 1
github.com/jailtonjunior94/financialcontrol-api/internal/modules/finance/infrastructure/persistence/mssql/row_mappers.go:104.18,106.4 1 0
github.com/jailtonjunior94/financialcontrol-api/internal/modules/finance/infrastructure/persistence/mssql/row_mappers.go:107.3,107.14 1 1
github.com/jailtonjunior94/financialcontrol-api/internal/modules/finance/infrastructure/persistence/mssql/row_mappers.go:110.2,111.28 2 1
github.com/jailtonjunior94/financialcontrol-api/internal/modules/finance/infrastructure/persistence/mssql/row_mappers.go:111.28,113.18 2 1
github.com/jailtonjunior94/financialcontrol-api/internal/modules/finance/infrastructure/persistence/mssql/row_mappers.go:113.18,115.4 1 0
github.com/jailtonjunior94/financialcontrol-api/internal/modules/finance/infrastructure/persistence/mssql/row_mappers.go:116.3,116.16 1 1
github.com/jailtonjunior94/financialcontrol-api/internal/modules/finance/infrastructure/persistence/mssql/row_mappers.go:119.2,120.36 2 1
github.com/jailtonjunior94/financialcontrol-api/internal/modules/finance/infrastructure/persistence/mssql/row_mappers.go:120.36,122.18 2 0
github.com/jailtonjunior94/financialcontrol-api/internal/modules/finance/infrastructure/persistence/mssql/row_mappers.go:122.18,124.4 1 0
github.com/jailtonjunior94/financialcontrol-api/internal/modules/finance/infrastructure/persistence/mssql/row_mappers.go:125.3,125.16 1 0
github.com/jailtonjunior94/financialcontrol-api/internal/modules/finance/infrastructure/persistence/mssql/row_mappers.go:128.2,132.8 1 1
github.com/jailtonjunior94/financialcontrol-api/internal/modules/finance/infrastructure/persistence/mssql/row_mappers.go:136.61,138.16 2 1
github.com/jailtonjunior94/financialcontrol-api/internal/modules/finance/infrastructure/persistence/mssql/row_mappers.go:138.16,140.3 1 0
github.com/jailtonjunior94/financialcontrol-api/internal/modules/finance/infrastructure/persistence/mssql/row_mappers.go:141.2,142.16 2 1
github.com/jailtonjunior94/financialcontrol-api/internal/modules/finance/infrastructure/persistence/mssql/row_mappers.go:142.16,144.3 1 0
github.com/jailtonjunior94/financialcontrol-api/internal/modules/finance/infrastructure/persistence/mssql/row_mappers.go:145.2,146.16 2 1
github.com/jailtonjunior94/financialcontrol-api/internal/modules/finance/infrastructure/persistence/mssql/row_mappers.go:146.16,148.3 1 0
github.com/jailtonjunior94/financialcontrol-api/internal/modules/finance/infrastructure/persistence/mssql/row_mappers.go:149.2,150.16 2 1
github.com/jailtonjunior94/financialcontrol-api/internal/modules/finance/infrastructure/persistence/mssql/row_mappers.go:150.16,152.3 1 1
github.com/jailtonjunior94/financialcontrol-api/internal/modules/finance/infrastructure/persistence/mssql/row_mappers.go:153.2,154.16 2 1
github.com/jailtonjunior94/financialcontrol-api/internal/modules/finance/infrastructure/persistence/mssql/row_mappers.go:154.16,156.3 1 0
github.com/jailtonjunior94/financialcontrol-api/internal/modules/finance/infrastructure/persistence/mssql/row_mappers.go:157.2,164.8 2 1
github.com/jailtonjunior94/financialcontrol-api/internal/modules/finance/infrastructure/persistence/mssql/row_mappers.go:168.73,170.16 2 1
github.com/jailtonjunior94/financialcontrol-api/internal/modules/finance/infrastructure/persistence/mssql/row_mappers.go:170.16,172.3 1 0
github.com/jailtonjunior94/financialcontrol-api/internal/modules/finance/infrastructure/persistence/mssql/row_mappers.go:173.2,174.16 2 1
github.com/jailtonjunior94/financialcontrol-api/internal/modules/finance/infrastructure/persistence/mssql/row_mappers.go:174.16,176.3 1 0
github.com/jailtonjunior94/financialcontrol-api/internal/modules/finance/infrastructure/persistence/mssql/row_mappers.go:177.2,178.16 2 1
github.com/jailtonjunior94/financialcontrol-api/internal/modules/finance/infrastructure/persistence/mssql/row_mappers.go:178.16,180.3 1 0
github.com/jailtonjunior94/financialcontrol-api/internal/modules/finance/infrastructure/persistence/mssql/row_mappers.go:181.2,182.16 2 1
github.com/jailtonjunior94/financialcontrol-api/internal/modules/finance/infrastructure/persistence/mssql/row_mappers.go:182.16,184.3 1 1
github.com/jailtonjunior94/financialcontrol-api/internal/modules/finance/infrastructure/persistence/mssql/row_mappers.go:185.2,186.16 2 1
github.com/jailtonjunior94/financialcontrol-api/internal/modules/finance/infrastructure/persistence/mssql/row_mappers.go:186.16,188.3 1 0
github.com/jailtonjunior94/financialcontrol-api/internal/modules/finance/infrastructure/persistence/mssql/row_mappers.go:189.2,190.16 2 1
github.com/jailtonjunior94/financialcontrol-api/internal/modules/finance/infrastructure/persistence/mssql/row_mappers.go:190.16,192.3 1 0
github.com/jailtonjunior94/financialcontrol-api/internal/modules/finance/infrastructure/persistence/mssql/row_mappers.go:193.2,195.16 3 1
github.com/jailtonjunior94/financialcontrol-api/internal/modules/finance/infrastructure/persistence/mssql/row_mappers.go:195.16,197.3 1 1
github.com/jailtonjunior94/financialcontrol-api/internal/modules/finance/infrastructure/persistence/mssql/row_mappers.go:199.2,203.8 1 1
github.com/jailtonjunior94/financialcontrol-api/internal/modules/finance/infrastructure/persistence/mssql/transaction_repository.go:30.72,32.2 1 1
github.com/jailtonjunior94/financialcontrol-api/internal/modules/finance/infrastructure/persistence/mssql/transaction_repository.go:34.89,53.16 2 1
github.com/jailtonjunior94/financialcontrol-api/internal/modules/finance/infrastructure/persistence/mssql/transaction_repository.go:53.16,55.3 1 1
github.com/jailtonjunior94/financialcontrol-api/internal/modules/finance/infrastructure/persistence/mssql/transaction_repository.go:56.2,56.12 1 1
github.com/jailtonjunior94/financialcontrol-api/internal/modules/finance/infrastructure/persistence/mssql/transaction_repository.go:59.92,75.16 2 1
github.com/jailtonjunior94/financialcontrol-api/internal/modules/finance/infrastructure/persistence/mssql/transaction_repository.go:75.16,77.3 1 1
github.com/jailtonjunior94/financialcontrol-api/internal/modules/finance/infrastructure/persistence/mssql/transaction_repository.go:78.2,78.12 1 1
github.com/jailtonjunior94/financialcontrol-api/internal/modules/finance/infrastructure/persistence/mssql/transaction_repository.go:81.141,92.35 3 1
github.com/jailtonjunior94/financialcontrol-api/internal/modules/finance/infrastructure/persistence/mssql/transaction_repository.go:92.35,94.3 1 1
github.com/jailtonjunior94/financialcontrol-api/internal/modules/finance/infrastructure/persistence/mssql/transaction_repository.go:95.2,95.16 1 1
github.com/jailtonjunior94/financialcontrol-api/internal/modules/finance/infrastructure/persistence/mssql/transaction_repository.go:95.16,97.3 1 1
github.com/jailtonjunior94/financialcontrol-api/internal/modules/finance/infrastructure/persistence/mssql/transaction_repository.go:98.2,99.16 2 1
github.com/jailtonjunior94/financialcontrol-api/internal/modules/finance/infrastructure/persistence/mssql/transaction_repository.go:99.16,101.3 1 0
github.com/jailtonjunior94/financialcontrol-api/internal/modules/finance/infrastructure/persistence/mssql/transaction_repository.go:102.2,102.16 1 1
github.com/jailtonjunior94/financialcontrol-api/internal/modules/finance/infrastructure/persistence/mssql/transaction_repository.go:107.153,113.80 4 1
github.com/jailtonjunior94/financialcontrol-api/internal/modules/finance/infrastructure/persistence/mssql/transaction_repository.go:113.80,115.3 1 1
github.com/jailtonjunior94/financialcontrol-api/internal/modules/finance/infrastructure/persistence/mssql/transaction_repository.go:118.2,126.16 4 1
github.com/jailtonjunior94/financialcontrol-api/internal/modules/finance/infrastructure/persistence/mssql/transaction_repository.go:126.16,128.3 1 1
github.com/jailtonjunior94/financialcontrol-api/internal/modules/finance/infrastructure/persistence/mssql/transaction_repository.go:130.2,130.116 1 1
github.com/jailtonjunior94/financialcontrol-api/internal/modules/finance/infrastructure/persistence/mssql/transaction_repository.go:130.116,137.21 2 1
github.com/jailtonjunior94/financialcontrol-api/internal/modules/finance/infrastructure/persistence/mssql/transaction_repository.go:137.21,139.4 1 0
github.com/jailtonjunior94/financialcontrol-api/internal/modules/finance/infrastructure/persistence/mssql/transaction_repository.go:140.3,141.20 2 1
github.com/jailtonjunior94/financialcontrol-api/internal/modules/finance/infrastructure/persistence/mssql/transaction_repository.go:141.20,143.4 1 0
github.com/jailtonjunior94/financialcontrol-api/internal/modules/finance/infrastructure/persistence/mssql/transaction_repository.go:144.3,144.18 1 1
github.com/jailtonjunior94/financialcontrol-api/internal/modules/finance/infrastructure/persistence/mssql/transaction_repository.go:146.2,146.16 1 1
github.com/jailtonjunior94/financialcontrol-api/internal/modules/finance/infrastructure/persistence/mssql/transaction_repository.go:146.16,148.3 1 0
github.com/jailtonjunior94/financialcontrol-api/internal/modules/finance/infrastructure/persistence/mssql/transaction_repository.go:149.2,149.26 1 1
github.com/jailtonjunior94/financialcontrol-api/internal/modules/finance/infrastructure/persistence/mssql/transaction_repository.go:152.110,159.16 2 1
github.com/jailtonjunior94/financialcontrol-api/internal/modules/finance/infrastructure/persistence/mssql/transaction_repository.go:159.16,161.3 1 1
github.com/jailtonjunior94/financialcontrol-api/internal/modules/finance/infrastructure/persistence/mssql/transaction_repository.go:162.2,162.12 1 1
github.com/jailtonjunior94/financialcontrol-api/internal/modules/finance/infrastructure/persistence/mssql/transaction_repository.go:165.141,171.16 3 1
github.com/jailtonjunior94/financialcontrol-api/internal/modules/finance/infrastructure/persistence/mssql/transaction_repository.go:171.16,173.3 1 1
github.com/jailtonjunior94/financialcontrol-api/internal/modules/finance/infrastructure/persistence/mssql/transaction_repository.go:174.2,174.23 1 1
github.com/jailtonjunior94/financialcontrol-api/internal/modules/finance/infrastructure/persistence/mssql/transaction_repository.go:177.146,185.16 4 1
github.com/jailtonjunior94/financialcontrol-api/internal/modules/finance/infrastructure/persistence/mssql/transaction_repository.go:185.16,187.3 1 1
github.com/jailtonjunior94/financialcontrol-api/internal/modules/finance/infrastructure/persistence/mssql/transaction_repository.go:188.2,189.16 2 1
github.com/jailtonjunior94/financialcontrol-api/internal/modules/finance/infrastructure/persistence/mssql/transaction_repository.go:189.16,191.3 1 0
github.com/jailtonjunior94/financialcontrol-api/internal/modules/finance/infrastructure/persistence/mssql/transaction_repository.go:192.2,193.16 2 1
github.com/jailtonjunior94/financialcontrol-api/internal/modules/finance/infrastructure/persistence/mssql/transaction_repository.go:193.16,195.3 1 0
github.com/jailtonjunior94/financialcontrol-api/internal/modules/finance/infrastructure/persistence/mssql/transaction_repository.go:196.2,197.16 2 1
github.com/jailtonjunior94/financialcontrol-api/internal/modules/finance/infrastructure/persistence/mssql/transaction_repository.go:197.16,199.3 1 0
github.com/jailtonjunior94/financialcontrol-api/internal/modules/finance/infrastructure/persistence/mssql/transaction_repository.go:200.2,201.16 2 1
github.com/jailtonjunior94/financialcontrol-api/internal/modules/finance/infrastructure/persistence/mssql/transaction_repository.go:201.16,203.3 1 0
github.com/jailtonjunior94/financialcontrol-api/internal/modules/finance/infrastructure/persistence/mssql/transaction_repository.go:204.2,209.8 1 1
github.com/jailtonjunior94/financialcontrol-api/internal/modules/finance/infrastructure/persistence/mssql/transaction_repository.go:214.99,221.19 5 1
github.com/jailtonjunior94/financialcontrol-api/internal/modules/finance/infrastructure/persistence/mssql/transaction_repository.go:221.19,224.3 2 1
github.com/jailtonjunior94/financialcontrol-api/internal/modules/finance/infrastructure/persistence/mssql/transaction_repository.go:225.2,225.17 1 1
github.com/jailtonjunior94/financialcontrol-api/internal/modules/finance/infrastructure/persistence/mssql/transaction_repository.go:225.17,228.3 2 1
github.com/jailtonjunior94/financialcontrol-api/internal/modules/finance/infrastructure/persistence/mssql/transaction_repository.go:229.2,229.30 1 1
github.com/jailtonjunior94/financialcontrol-api/internal/modules/finance/infrastructure/persistence/mssql/transaction_repository.go:229.30,232.3 2 1
github.com/jailtonjunior94/financialcontrol-api/internal/modules/finance/infrastructure/persistence/mssql/transaction_repository.go:233.2,233.28 1 1
github.com/jailtonjunior94/financialcontrol-api/internal/modules/finance/infrastructure/persistence/mssql/transaction_repository.go:233.28,236.3 2 1
github.com/jailtonjunior94/financialcontrol-api/internal/modules/finance/infrastructure/persistence/mssql/transaction_repository.go:237.2,237.21 1 1
github.com/jailtonjunior94/financialcontrol-api/internal/modules/finance/infrastructure/persistence/mssql/transaction_repository.go:237.21,240.3 2 1
github.com/jailtonjunior94/financialcontrol-api/internal/modules/finance/infrastructure/persistence/mssql/transaction_repository.go:241.2,241.25 1 1
github.com/jailtonjunior94/financialcontrol-api/internal/modules/finance/infrastructure/persistence/mssql/transaction_repository.go:241.25,244.3 2 1
github.com/jailtonjunior94/financialcontrol-api/internal/modules/finance/infrastructure/persistence/mssql/transaction_repository.go:245.2,245.33 1 1
github.com/jailtonjunior94/financialcontrol-api/internal/modules/finance/infrastructure/persistence/mssql/transaction_repository.go:245.33,248.3 2 1
github.com/jailtonjunior94/financialcontrol-api/internal/modules/finance/infrastructure/persistence/mssql/transaction_repository.go:249.2,249.32 1 1
github.com/jailtonjunior94/financialcontrol-api/internal/modules/finance/infrastructure/persistence/mssql/transaction_repository.go:249.32,256.3 2 1
github.com/jailtonjunior94/financialcontrol-api/internal/modules/finance/infrastructure/persistence/mssql/transaction_repository.go:258.2,258.26 1 1
github.com/jailtonjunior94/financialcontrol-api/internal/modules/finance/infrastructure/persistence/mssql/transaction_repository.go:262.44,263.14 1 1
github.com/jailtonjunior94/financialcontrol-api/internal/modules/finance/infrastructure/persistence/mssql/transaction_repository.go:263.14,265.3 1 1
github.com/jailtonjunior94/financialcontrol-api/internal/modules/finance/infrastructure/persistence/mssql/transaction_repository.go:266.2,266.11 1 0
github.com/jailtonjunior94/financialcontrol-api/internal/modules/finance/infrastructure/persistence/mssql/transaction_repository.go:269.39,270.14 1 1
github.com/jailtonjunior94/financialcontrol-api/internal/modules/finance/infrastructure/persistence/mssql/transaction_repository.go:270.14,272.3 1 1
github.com/jailtonjunior94/financialcontrol-api/internal/modules/finance/infrastructure/persistence/mssql/transaction_repository.go:273.2,274.11 2 0
github.com/jailtonjunior94/financialcontrol-api/internal/modules/finance/infrastructure/persistence/mssql/transaction_repository.go:277.47,278.14 1 1
github.com/jailtonjunior94/financialcontrol-api/internal/modules/finance/infrastructure/persistence/mssql/transaction_repository.go:278.14,280.3 1 1
github.com/jailtonjunior94/financialcontrol-api/internal/modules/finance/infrastructure/persistence/mssql/transaction_repository.go:281.2,282.11 2 0
github.com/jailtonjunior94/financialcontrol-api/internal/modules/finance/infrastructure/persistence/mssql/transaction_repository.go:285.53,286.14 1 1
github.com/jailtonjunior94/financialcontrol-api/internal/modules/finance/infrastructure/persistence/mssql/transaction_repository.go:286.14,288.3 1 1
github.com/jailtonjunior94/financialcontrol-api/internal/modules/finance/infrastructure/persistence/mssql/transaction_repository.go:289.2,290.11 2 0
github.com/jailtonjunior94/financialcontrol-api/internal/modules/finance/infrastructure/providers/card_provider_adapter.go:26.87,28.2 1 1
github.com/jailtonjunior94/financialcontrol-api/internal/modules/finance/infrastructure/providers/card_provider_adapter.go:34.33,36.16 2 1
github.com/jailtonjunior94/financialcontrol-api/internal/modules/finance/infrastructure/providers/card_provider_adapter.go:36.16,38.3 1 0
github.com/jailtonjunior94/financialcontrol-api/internal/modules/finance/infrastructure/providers/card_provider_adapter.go:40.2,41.49 2 1
github.com/jailtonjunior94/financialcontrol-api/internal/modules/finance/infrastructure/providers/card_provider_adapter.go:41.49,43.3 1 1
github.com/jailtonjunior94/financialcontrol-api/internal/modules/finance/infrastructure/providers/card_provider_adapter.go:44.2,44.16 1 1
github.com/jailtonjunior94/financialcontrol-api/internal/modules/finance/infrastructure/providers/card_provider_adapter.go:44.16,46.3 1 1
github.com/jailtonjunior94/financialcontrol-api/internal/modules/finance/infrastructure/providers/card_provider_adapter.go:48.2,49.32 2 1
github.com/jailtonjunior94/financialcontrol-api/internal/modules/finance/infrastructure/providers/card_provider_adapter.go:49.32,51.3 1 1
github.com/jailtonjunior94/financialcontrol-api/internal/modules/finance/infrastructure/providers/card_provider_adapter.go:53.2,61.8 1 1
github.com/jailtonjunior94/financialcontrol-api/internal/modules/finance/infrastructure/providers/category_provider_adapter.go:26.104,28.2 1 1
github.com/jailtonjunior94/financialcontrol-api/internal/modules/finance/infrastructure/providers/category_provider_adapter.go:34.37,36.16 2 1
github.com/jailtonjunior94/financialcontrol-api/internal/modules/finance/infrastructure/providers/category_provider_adapter.go:36.16,38.3 1 0
github.com/jailtonjunior94/financialcontrol-api/internal/modules/finance/infrastructure/providers/category_provider_adapter.go:40.2,41.58 2 1
github.com/jailtonjunior94/financialcontrol-api/internal/modules/finance/infrastructure/providers/category_provider_adapter.go:41.58,43.3 1 1
github.com/jailtonjunior94/financialcontrol-api/internal/modules/finance/infrastructure/providers/category_provider_adapter.go:44.2,44.16 1 1
github.com/jailtonjunior94/financialcontrol-api/internal/modules/finance/infrastructure/providers/category_provider_adapter.go:44.16,46.3 1 1
github.com/jailtonjunior94/financialcontrol-api/internal/modules/finance/infrastructure/providers/category_provider_adapter.go:48.2,54.8 1 1
