mode: set
github.com/jailtonjunior94/financialcontrol-api/internal/application/services/auth.go:19.122,21.2 1 1
github.com/jailtonjunior94/financialcontrol-api/internal/application/services/auth.go:23.91,25.16 2 1
github.com/jailtonjunior94/financialcontrol-api/internal/application/services/auth.go:25.16,27.3 1 1
github.com/jailtonjunior94/financialcontrol-api/internal/application/services/auth.go:29.2,29.17 1 1
github.com/jailtonjunior94/financialcontrol-api/internal/application/services/auth.go:29.17,31.3 1 1
github.com/jailtonjunior94/financialcontrol-api/internal/application/services/auth.go:33.2,33.83 1 0
github.com/jailtonjunior94/financialcontrol-api/internal/application/services/auth.go:33.83,35.3 1 0
github.com/jailtonjunior94/financialcontrol-api/internal/application/services/auth.go:37.2,38.16 2 0
github.com/jailtonjunior94/financialcontrol-api/internal/application/services/auth.go:38.16,40.3 1 0
github.com/jailtonjunior94/financialcontrol-api/internal/application/services/auth.go:42.2,42.55 1 0
github.com/jailtonjunior94/financialcontrol-api/internal/application/services/auth.go:45.65,47.16 2 0
github.com/jailtonjunior94/financialcontrol-api/internal/application/services/auth.go:47.16,49.3 1 0
github.com/jailtonjunior94/financialcontrol-api/internal/application/services/auth.go:51.2,51.17 1 0
github.com/jailtonjunior94/financialcontrol-api/internal/application/services/auth.go:51.17,53.3 1 0
github.com/jailtonjunior94/financialcontrol-api/internal/application/services/auth.go:55.2,55.52 1 0
github.com/jailtonjunior94/financialcontrol-api/internal/application/services/bill.go:17.73,19.2 1 0
github.com/jailtonjunior94/financialcontrol-api/internal/application/services/bill.go:21.55,23.16 2 0
github.com/jailtonjunior94/financialcontrol-api/internal/application/services/bill.go:23.16,25.3 1 0
github.com/jailtonjunior94/financialcontrol-api/internal/application/services/bill.go:27.2,27.57 1 0
github.com/jailtonjunior94/financialcontrol-api/internal/application/services/bill.go:30.67,32.16 2 0
github.com/jailtonjunior94/financialcontrol-api/internal/application/services/bill.go:32.16,34.3 1 0
github.com/jailtonjunior94/financialcontrol-api/internal/application/services/bill.go:36.2,36.17 1 0
github.com/jailtonjunior94/financialcontrol-api/internal/application/services/bill.go:36.17,38.3 1 0
github.com/jailtonjunior94/financialcontrol-api/internal/application/services/bill.go:40.2,41.16 2 0
github.com/jailtonjunior94/financialcontrol-api/internal/application/services/bill.go:41.16,43.3 1 0
github.com/jailtonjunior94/financialcontrol-api/internal/application/services/bill.go:44.2,46.52 2 0
github.com/jailtonjunior94/financialcontrol-api/internal/application/services/bill.go:49.89,53.16 3 0
github.com/jailtonjunior94/financialcontrol-api/internal/application/services/bill.go:53.16,55.3 1 0
github.com/jailtonjunior94/financialcontrol-api/internal/application/services/bill.go:57.2,57.20 1 0
github.com/jailtonjunior94/financialcontrol-api/internal/application/services/bill.go:57.20,59.3 1 0
github.com/jailtonjunior94/financialcontrol-api/internal/application/services/bill.go:61.2,63.16 3 0
github.com/jailtonjunior94/financialcontrol-api/internal/application/services/bill.go:63.16,65.3 1 0
github.com/jailtonjunior94/financialcontrol-api/internal/application/services/bill.go:67.2,67.57 1 0
github.com/jailtonjunior94/financialcontrol-api/internal/application/services/bill.go:70.79,72.16 2 0
github.com/jailtonjunior94/financialcontrol-api/internal/application/services/bill.go:72.16,74.3 1 0
github.com/jailtonjunior94/financialcontrol-api/internal/application/services/bill.go:76.2,76.21 1 0
github.com/jailtonjunior94/financialcontrol-api/internal/application/services/bill.go:76.21,78.3 1 0
github.com/jailtonjunior94/financialcontrol-api/internal/application/services/bill.go:80.2,80.60 1 0
github.com/jailtonjunior94/financialcontrol-api/internal/application/services/bill.go:83.112,87.16 3 0
github.com/jailtonjunior94/financialcontrol-api/internal/application/services/bill.go:87.16,89.3 1 0
github.com/jailtonjunior94/financialcontrol-api/internal/application/services/bill.go:91.2,91.53 1 0
github.com/jailtonjunior94/financialcontrol-api/internal/application/services/bill.go:91.53,93.3 1 0
github.com/jailtonjunior94/financialcontrol-api/internal/application/services/bill.go:95.2,95.65 1 0
github.com/jailtonjunior94/financialcontrol-api/internal/application/services/bill.go:98.116,100.16 2 0
github.com/jailtonjunior94/financialcontrol-api/internal/application/services/bill.go:100.16,102.3 1 0
github.com/jailtonjunior94/financialcontrol-api/internal/application/services/bill.go:104.2,104.17 1 0
github.com/jailtonjunior94/financialcontrol-api/internal/application/services/bill.go:104.17,106.3 1 0
github.com/jailtonjunior94/financialcontrol-api/internal/application/services/bill.go:108.2,110.16 3 0
github.com/jailtonjunior94/financialcontrol-api/internal/application/services/bill.go:110.16,112.3 1 0
github.com/jailtonjunior94/financialcontrol-api/internal/application/services/bill.go:114.2,114.53 1 0
github.com/jailtonjunior94/financialcontrol-api/internal/application/services/bill.go:114.53,116.3 1 0
github.com/jailtonjunior94/financialcontrol-api/internal/application/services/bill.go:117.2,117.56 1 0
github.com/jailtonjunior94/financialcontrol-api/internal/application/services/bill.go:120.81,122.16 2 0
github.com/jailtonjunior94/financialcontrol-api/internal/application/services/bill.go:122.16,124.3 1 0
github.com/jailtonjunior94/financialcontrol-api/internal/application/services/bill.go:126.2,126.17 1 0
github.com/jailtonjunior94/financialcontrol-api/internal/application/services/bill.go:126.17,128.3 1 0
github.com/jailtonjunior94/financialcontrol-api/internal/application/services/bill.go:130.2,132.16 3 0
github.com/jailtonjunior94/financialcontrol-api/internal/application/services/bill.go:132.16,134.3 1 0
github.com/jailtonjunior94/financialcontrol-api/internal/application/services/bill.go:136.2,136.58 1 0
github.com/jailtonjunior94/financialcontrol-api/internal/application/services/bill.go:136.58,138.3 1 0
github.com/jailtonjunior94/financialcontrol-api/internal/application/services/bill.go:139.2,139.30 1 0
github.com/jailtonjunior94/financialcontrol-api/internal/application/services/bill.go:142.59,144.16 2 0
github.com/jailtonjunior94/financialcontrol-api/internal/application/services/bill.go:144.16,146.3 1 0
github.com/jailtonjunior94/financialcontrol-api/internal/application/services/bill.go:148.2,149.16 2 0
github.com/jailtonjunior94/financialcontrol-api/internal/application/services/bill.go:149.16,151.3 1 0
github.com/jailtonjunior94/financialcontrol-api/internal/application/services/bill.go:153.2,156.61 3 0
github.com/jailtonjunior94/financialcontrol-api/internal/application/services/bill.go:156.61,158.3 1 0
github.com/jailtonjunior94/financialcontrol-api/internal/application/services/bill.go:159.2,159.12 1 0
github.com/jailtonjunior94/financialcontrol-api/internal/application/services/card.go:16.73,18.2 1 0
github.com/jailtonjunior94/financialcontrol-api/internal/application/services/card.go:20.68,22.16 2 0
github.com/jailtonjunior94/financialcontrol-api/internal/application/services/card.go:22.16,24.3 1 0
github.com/jailtonjunior94/financialcontrol-api/internal/application/services/card.go:26.2,26.57 1 0
github.com/jailtonjunior94/financialcontrol-api/internal/application/services/card.go:29.75,31.16 2 0
github.com/jailtonjunior94/financialcontrol-api/internal/application/services/card.go:31.16,33.3 1 0
github.com/jailtonjunior94/financialcontrol-api/internal/application/services/card.go:35.2,35.17 1 0
github.com/jailtonjunior94/financialcontrol-api/internal/application/services/card.go:35.17,37.3 1 0
github.com/jailtonjunior94/financialcontrol-api/internal/application/services/card.go:39.2,39.52 1 0
github.com/jailtonjunior94/financialcontrol-api/internal/application/services/card.go:42.104,45.16 3 0
github.com/jailtonjunior94/financialcontrol-api/internal/application/services/card.go:45.16,47.3 1 0
github.com/jailtonjunior94/financialcontrol-api/internal/application/services/card.go:49.2,49.57 1 0
github.com/jailtonjunior94/financialcontrol-api/internal/application/services/card.go:52.108,54.16 2 0
github.com/jailtonjunior94/financialcontrol-api/internal/application/services/card.go:54.16,56.3 1 0
github.com/jailtonjunior94/financialcontrol-api/internal/application/services/card.go:58.2,58.17 1 0
github.com/jailtonjunior94/financialcontrol-api/internal/application/services/card.go:58.17,60.3 1 0
github.com/jailtonjunior94/financialcontrol-api/internal/application/services/card.go:62.2,64.16 3 0
github.com/jailtonjunior94/financialcontrol-api/internal/application/services/card.go:64.16,66.3 1 0
github.com/jailtonjunior94/financialcontrol-api/internal/application/services/card.go:68.2,68.52 1 0
github.com/jailtonjunior94/financialcontrol-api/internal/application/services/card.go:71.77,73.16 2 0
github.com/jailtonjunior94/financialcontrol-api/internal/application/services/card.go:73.16,75.3 1 0
github.com/jailtonjunior94/financialcontrol-api/internal/application/services/card.go:77.2,77.17 1 0
github.com/jailtonjunior94/financialcontrol-api/internal/application/services/card.go:77.17,79.3 1 0
github.com/jailtonjunior94/financialcontrol-api/internal/application/services/card.go:81.2,83.16 3 0
github.com/jailtonjunior94/financialcontrol-api/internal/application/services/card.go:83.16,85.3 1 0
github.com/jailtonjunior94/financialcontrol-api/internal/application/services/card.go:87.2,87.30 1 0
github.com/jailtonjunior94/financialcontrol-api/internal/application/services/category.go:14.85,16.2 1 0
github.com/jailtonjunior94/financialcontrol-api/internal/application/services/category.go:18.64,20.16 2 0
github.com/jailtonjunior94/financialcontrol-api/internal/application/services/category.go:20.16,22.3 1 0
github.com/jailtonjunior94/financialcontrol-api/internal/application/services/category.go:24.2,24.66 1 0
github.com/jailtonjunior94/financialcontrol-api/internal/application/services/flag.go:14.73,16.2 1 0
github.com/jailtonjunior94/financialcontrol-api/internal/application/services/flag.go:18.55,20.16 2 0
github.com/jailtonjunior94/financialcontrol-api/internal/application/services/flag.go:20.16,22.3 1 0
github.com/jailtonjunior94/financialcontrol-api/internal/application/services/flag.go:24.2,24.57 1 0
github.com/jailtonjunior94/financialcontrol-api/internal/application/services/invoice.go:25.139,27.2 1 0
github.com/jailtonjunior94/financialcontrol-api/internal/application/services/invoice.go:29.89,31.16 2 0
github.com/jailtonjunior94/financialcontrol-api/internal/application/services/invoice.go:31.16,33.3 1 0
github.com/jailtonjunior94/financialcontrol-api/internal/application/services/invoice.go:35.2,35.63 1 0
github.com/jailtonjunior94/financialcontrol-api/internal/application/services/invoice.go:38.81,40.16 2 0
github.com/jailtonjunior94/financialcontrol-api/internal/application/services/invoice.go:40.16,42.3 1 0
github.com/jailtonjunior94/financialcontrol-api/internal/application/services/invoice.go:44.2,44.63 1 0
github.com/jailtonjunior94/financialcontrol-api/internal/application/services/invoice.go:47.113,52.16 4 0
github.com/jailtonjunior94/financialcontrol-api/internal/application/services/invoice.go:52.16,54.3 1 0
github.com/jailtonjunior94/financialcontrol-api/internal/application/services/invoice.go:56.2,56.40 1 0
github.com/jailtonjunior94/financialcontrol-api/internal/application/services/invoice.go:59.113,61.2 1 0
github.com/jailtonjunior94/financialcontrol-api/internal/application/services/invoice.go:63.117,65.16 2 0
github.com/jailtonjunior94/financialcontrol-api/internal/application/services/invoice.go:65.16,67.3 1 0
github.com/jailtonjunior94/financialcontrol-api/internal/application/services/invoice.go:69.2,69.83 1 0
github.com/jailtonjunior94/financialcontrol-api/internal/application/services/invoice.go:69.83,71.3 1 0
github.com/jailtonjunior94/financialcontrol-api/internal/application/services/invoice.go:73.2,73.34 1 0
github.com/jailtonjunior94/financialcontrol-api/internal/application/services/invoice.go:76.79,78.16 2 0
github.com/jailtonjunior94/financialcontrol-api/internal/application/services/invoice.go:78.16,80.3 1 0
github.com/jailtonjunior94/financialcontrol-api/internal/application/services/invoice.go:82.2,83.16 2 0
github.com/jailtonjunior94/financialcontrol-api/internal/application/services/invoice.go:83.16,85.3 1 0
github.com/jailtonjunior94/financialcontrol-api/internal/application/services/invoice.go:87.2,87.83 1 0
github.com/jailtonjunior94/financialcontrol-api/internal/application/services/invoice.go:87.83,89.3 1 0
github.com/jailtonjunior94/financialcontrol-api/internal/application/services/invoice.go:91.2,91.36 1 0
github.com/jailtonjunior94/financialcontrol-api/internal/application/services/invoice.go:91.36,93.3 1 0
github.com/jailtonjunior94/financialcontrol-api/internal/application/services/invoice.go:95.2,95.30 1 0
github.com/jailtonjunior94/financialcontrol-api/internal/application/services/invoice.go:98.111,100.16 2 0
github.com/jailtonjunior94/financialcontrol-api/internal/application/services/invoice.go:100.16,102.3 1 0
github.com/jailtonjunior94/financialcontrol-api/internal/application/services/invoice.go:103.2,110.21 5 0
github.com/jailtonjunior94/financialcontrol-api/internal/application/services/invoice.go:110.21,116.3 4 0
github.com/jailtonjunior94/financialcontrol-api/internal/application/services/invoice.go:118.2,118.45 1 0
github.com/jailtonjunior94/financialcontrol-api/internal/application/services/invoice.go:118.45,120.3 1 0
github.com/jailtonjunior94/financialcontrol-api/internal/application/services/invoice.go:122.2,122.82 1 0
github.com/jailtonjunior94/financialcontrol-api/internal/application/services/invoice.go:125.106,127.16 2 0
github.com/jailtonjunior94/financialcontrol-api/internal/application/services/invoice.go:127.16,129.3 1 0
github.com/jailtonjunior94/financialcontrol-api/internal/application/services/invoice.go:131.2,132.16 2 0
github.com/jailtonjunior94/financialcontrol-api/internal/application/services/invoice.go:132.16,134.3 1 0
github.com/jailtonjunior94/financialcontrol-api/internal/application/services/invoice.go:136.2,139.47 3 0
github.com/jailtonjunior94/financialcontrol-api/internal/application/services/invoice.go:139.47,141.17 2 0
github.com/jailtonjunior94/financialcontrol-api/internal/application/services/invoice.go:141.17,143.4 1 0
github.com/jailtonjunior94/financialcontrol-api/internal/application/services/invoice.go:145.3,145.21 1 0
github.com/jailtonjunior94/financialcontrol-api/internal/application/services/invoice.go:145.21,147.18 2 0
github.com/jailtonjunior94/financialcontrol-api/internal/application/services/invoice.go:147.18,149.5 1 0
github.com/jailtonjunior94/financialcontrol-api/internal/application/services/invoice.go:150.4,151.12 2 0
github.com/jailtonjunior94/financialcontrol-api/internal/application/services/invoice.go:153.3,153.94 1 0
github.com/jailtonjunior94/financialcontrol-api/internal/application/services/invoice.go:156.2,156.79 1 0
github.com/jailtonjunior94/financialcontrol-api/internal/application/services/invoice.go:156.79,158.3 1 0
github.com/jailtonjunior94/financialcontrol-api/internal/application/services/invoice.go:160.2,160.44 1 0
github.com/jailtonjunior94/financialcontrol-api/internal/application/services/invoice.go:160.44,162.3 1 0
github.com/jailtonjunior94/financialcontrol-api/internal/application/services/invoice.go:164.2,164.82 1 0
github.com/jailtonjunior94/financialcontrol-api/internal/application/services/invoice.go:167.106,171.41 3 0
github.com/jailtonjunior94/financialcontrol-api/internal/application/services/invoice.go:171.41,174.3 2 0
github.com/jailtonjunior94/financialcontrol-api/internal/application/services/invoice.go:174.8,177.3 2 0
github.com/jailtonjunior94/financialcontrol-api/internal/application/services/invoice.go:179.2,179.27 1 0
github.com/jailtonjunior94/financialcontrol-api/internal/application/services/transaction.go:21.94,23.2 1 0
github.com/jailtonjunior94/financialcontrol-api/internal/application/services/transaction.go:25.82,27.16 2 0
github.com/jailtonjunior94/financialcontrol-api/internal/application/services/transaction.go:27.16,29.3 1 0
github.com/jailtonjunior94/financialcontrol-api/internal/application/services/transaction.go:31.2,31.71 1 0
github.com/jailtonjunior94/financialcontrol-api/internal/application/services/transaction.go:34.96,36.16 2 0
github.com/jailtonjunior94/financialcontrol-api/internal/application/services/transaction.go:36.16,38.3 1 0
github.com/jailtonjunior94/financialcontrol-api/internal/application/services/transaction.go:40.2,40.24 1 0
github.com/jailtonjunior94/financialcontrol-api/internal/application/services/transaction.go:40.24,42.3 1 0
github.com/jailtonjunior94/financialcontrol-api/internal/application/services/transaction.go:44.2,45.16 2 0
github.com/jailtonjunior94/financialcontrol-api/internal/application/services/transaction.go:45.16,47.3 1 0
github.com/jailtonjunior94/financialcontrol-api/internal/application/services/transaction.go:48.2,50.66 2 0
github.com/jailtonjunior94/financialcontrol-api/internal/application/services/transaction.go:53.125,55.16 2 0
github.com/jailtonjunior94/financialcontrol-api/internal/application/services/transaction.go:55.16,57.3 1 0
github.com/jailtonjunior94/financialcontrol-api/internal/application/services/transaction.go:59.2,59.13 1 0
github.com/jailtonjunior94/financialcontrol-api/internal/application/services/transaction.go:59.13,61.3 1 0
github.com/jailtonjunior94/financialcontrol-api/internal/application/services/transaction.go:63.2,65.16 3 0
github.com/jailtonjunior94/financialcontrol-api/internal/application/services/transaction.go:65.16,67.3 1 0
github.com/jailtonjunior94/financialcontrol-api/internal/application/services/transaction.go:69.2,69.71 1 0
github.com/jailtonjunior94/financialcontrol-api/internal/application/services/transaction.go:72.90,74.16 2 0
github.com/jailtonjunior94/financialcontrol-api/internal/application/services/transaction.go:74.16,76.3 1 0
github.com/jailtonjunior94/financialcontrol-api/internal/application/services/transaction.go:78.2,79.16 2 0
github.com/jailtonjunior94/financialcontrol-api/internal/application/services/transaction.go:79.16,81.3 1 0
github.com/jailtonjunior94/financialcontrol-api/internal/application/services/transaction.go:83.2,84.16 2 0
github.com/jailtonjunior94/financialcontrol-api/internal/application/services/transaction.go:84.16,86.3 1 0
github.com/jailtonjunior94/financialcontrol-api/internal/application/services/transaction.go:88.2,88.13 1 0
github.com/jailtonjunior94/financialcontrol-api/internal/application/services/transaction.go:88.13,90.3 1 0
github.com/jailtonjunior94/financialcontrol-api/internal/application/services/transaction.go:92.2,95.33 3 0
github.com/jailtonjunior94/financialcontrol-api/internal/application/services/transaction.go:95.33,98.3 2 0
github.com/jailtonjunior94/financialcontrol-api/internal/application/services/transaction.go:100.2,101.108 2 0
github.com/jailtonjunior94/financialcontrol-api/internal/application/services/transaction.go:101.108,103.3 1 0
github.com/jailtonjunior94/financialcontrol-api/internal/application/services/transaction.go:105.2,105.69 1 0
github.com/jailtonjunior94/financialcontrol-api/internal/application/services/transaction.go:108.100,110.16 2 0
github.com/jailtonjunior94/financialcontrol-api/internal/application/services/transaction.go:110.16,112.3 1 0
github.com/jailtonjunior94/financialcontrol-api/internal/application/services/transaction.go:114.2,114.17 1 0
github.com/jailtonjunior94/financialcontrol-api/internal/application/services/transaction.go:114.17,116.3 1 0
github.com/jailtonjunior94/financialcontrol-api/internal/application/services/transaction.go:118.2,118.63 1 0
github.com/jailtonjunior94/financialcontrol-api/internal/application/services/transaction.go:121.155,125.16 3 0
github.com/jailtonjunior94/financialcontrol-api/internal/application/services/transaction.go:125.16,127.3 1 0
github.com/jailtonjunior94/financialcontrol-api/internal/application/services/transaction.go:129.2,129.75 1 0
github.com/jailtonjunior94/financialcontrol-api/internal/application/services/transaction.go:129.75,131.3 1 0
github.com/jailtonjunior94/financialcontrol-api/internal/application/services/transaction.go:133.2,133.79 1 0
github.com/jailtonjunior94/financialcontrol-api/internal/application/services/transaction.go:136.152,138.16 2 0
github.com/jailtonjunior94/financialcontrol-api/internal/application/services/transaction.go:138.16,140.3 1 0
github.com/jailtonjunior94/financialcontrol-api/internal/application/services/transaction.go:142.2,142.17 1 0
github.com/jailtonjunior94/financialcontrol-api/internal/application/services/transaction.go:142.17,144.3 1 0
github.com/jailtonjunior94/financialcontrol-api/internal/application/services/transaction.go:146.2,148.16 3 0
github.com/jailtonjunior94/financialcontrol-api/internal/application/services/transaction.go:148.16,150.3 1 0
github.com/jailtonjunior94/financialcontrol-api/internal/application/services/transaction.go:152.2,152.80 1 0
github.com/jailtonjunior94/financialcontrol-api/internal/application/services/transaction.go:152.80,154.3 1 0
github.com/jailtonjunior94/financialcontrol-api/internal/application/services/transaction.go:155.2,155.63 1 0
github.com/jailtonjunior94/financialcontrol-api/internal/application/services/transaction.go:158.155,160.16 2 0
github.com/jailtonjunior94/financialcontrol-api/internal/application/services/transaction.go:160.16,162.3 1 0
github.com/jailtonjunior94/financialcontrol-api/internal/application/services/transaction.go:164.2,164.17 1 0
github.com/jailtonjunior94/financialcontrol-api/internal/application/services/transaction.go:164.17,166.3 1 0
github.com/jailtonjunior94/financialcontrol-api/internal/application/services/transaction.go:168.2,170.16 3 0
github.com/jailtonjunior94/financialcontrol-api/internal/application/services/transaction.go:170.16,172.3 1 0
github.com/jailtonjunior94/financialcontrol-api/internal/application/services/transaction.go:174.2,174.30 1 0
github.com/jailtonjunior94/financialcontrol-api/internal/application/services/transaction.go:177.110,179.16 2 0
github.com/jailtonjunior94/financialcontrol-api/internal/application/services/transaction.go:179.16,181.3 1 0
github.com/jailtonjunior94/financialcontrol-api/internal/application/services/transaction.go:183.2,183.17 1 0
github.com/jailtonjunior94/financialcontrol-api/internal/application/services/transaction.go:183.17,185.3 1 0
github.com/jailtonjunior94/financialcontrol-api/internal/application/services/transaction.go:187.2,189.16 3 0
github.com/jailtonjunior94/financialcontrol-api/internal/application/services/transaction.go:189.16,191.3 1 0
github.com/jailtonjunior94/financialcontrol-api/internal/application/services/transaction.go:193.2,193.80 1 0
github.com/jailtonjunior94/financialcontrol-api/internal/application/services/transaction.go:193.80,195.3 1 0
github.com/jailtonjunior94/financialcontrol-api/internal/application/services/transaction.go:196.2,196.30 1 0
github.com/jailtonjunior94/financialcontrol-api/internal/application/services/transaction.go:199.92,201.16 2 0
github.com/jailtonjunior94/financialcontrol-api/internal/application/services/transaction.go:201.16,203.3 1 0
github.com/jailtonjunior94/financialcontrol-api/internal/application/services/transaction.go:205.2,206.16 2 0
github.com/jailtonjunior94/financialcontrol-api/internal/application/services/transaction.go:206.16,208.3 1 0
github.com/jailtonjunior94/financialcontrol-api/internal/application/services/transaction.go:210.2,213.82 3 0
github.com/jailtonjunior94/financialcontrol-api/internal/application/services/transaction.go:213.82,215.3 1 0
github.com/jailtonjunior94/financialcontrol-api/internal/application/services/transaction.go:216.2,216.12 1 0
github.com/jailtonjunior94/financialcontrol-api/internal/application/services/transaction.go:219.94,223.16 3 0
github.com/jailtonjunior94/financialcontrol-api/internal/application/services/transaction.go:223.16,225.3 1 0
github.com/jailtonjunior94/financialcontrol-api/internal/application/services/transaction.go:227.2,227.20 1 0
github.com/jailtonjunior94/financialcontrol-api/internal/application/services/transaction.go:227.20,229.3 1 0
github.com/jailtonjunior94/financialcontrol-api/internal/application/services/transaction.go:231.2,231.19 1 0
github.com/jailtonjunior94/financialcontrol-api/internal/application/services/user.go:18.98,20.2 1 0
github.com/jailtonjunior94/financialcontrol-api/internal/application/services/user.go:22.89,24.16 2 0
github.com/jailtonjunior94/financialcontrol-api/internal/application/services/user.go:24.16,26.3 1 0
github.com/jailtonjunior94/financialcontrol-api/internal/application/services/user.go:28.2,30.16 3 0
github.com/jailtonjunior94/financialcontrol-api/internal/application/services/user.go:30.16,32.3 1 0
github.com/jailtonjunior94/financialcontrol-api/internal/application/services/user.go:34.2,35.34 2 0
github.com/jailtonjunior94/financialcontrol-api/internal/infrastructure/config/environment.go:22.26,23.31 1 0
github.com/jailtonjunior94/financialcontrol-api/internal/infrastructure/config/environment.go:23.31,25.3 1 0
github.com/jailtonjunior94/financialcontrol-api/internal/infrastructure/config/environment.go:28.19,30.23 2 1
github.com/jailtonjunior94/financialcontrol-api/internal/infrastructure/config/environment.go:30.23,32.3 1 1
github.com/jailtonjunior94/financialcontrol-api/internal/infrastructure/config/environment.go:34.2,36.16 3 1
github.com/jailtonjunior94/financialcontrol-api/internal/infrastructure/config/environment.go:36.16,38.3 1 1
github.com/jailtonjunior94/financialcontrol-api/internal/infrastructure/config/environment.go:39.2,41.41 2 1
github.com/jailtonjunior94/financialcontrol-api/internal/infrastructure/config/environment.go:41.41,43.3 1 0
github.com/jailtonjunior94/financialcontrol-api/internal/infrastructure/config/environment.go:45.2,50.12 5 1
github.com/jailtonjunior94/financialcontrol-api/internal/infrastructure/config/environment.go:53.60,56.16 3 1
github.com/jailtonjunior94/financialcontrol-api/internal/infrastructure/config/environment.go:56.16,58.3 1 0
github.com/jailtonjunior94/financialcontrol-api/internal/infrastructure/config/environment.go:60.2,60.6 1 1
github.com/jailtonjunior94/financialcontrol-api/internal/infrastructure/config/environment.go:60.6,62.47 2 1
github.com/jailtonjunior94/financialcontrol-api/internal/infrastructure/config/environment.go:62.47,64.4 1 1
github.com/jailtonjunior94/financialcontrol-api/internal/infrastructure/config/environment.go:66.3,67.24 2 1
github.com/jailtonjunior94/financialcontrol-api/internal/infrastructure/config/environment.go:67.24,69.4 1 1
github.com/jailtonjunior94/financialcontrol-api/internal/infrastructure/config/environment.go:71.3,71.19 1 1
github.com/jailtonjunior94/financialcontrol-api/internal/modules/identity/application/auth_service.go:14.116,20.2 1 1
github.com/jailtonjunior94/financialcontrol-api/internal/modules/identity/application/auth_service.go:22.89,24.16 2 1
github.com/jailtonjunior94/financialcontrol-api/internal/modules/identity/application/auth_service.go:24.16,26.3 1 1
github.com/jailtonjunior94/financialcontrol-api/internal/modules/identity/application/auth_service.go:28.2,28.17 1 1
github.com/jailtonjunior94/financialcontrol-api/internal/modules/identity/application/auth_service.go:28.17,30.3 1 0
github.com/jailtonjunior94/financialcontrol-api/internal/modules/identity/application/auth_service.go:32.2,32.83 1 1
github.com/jailtonjunior94/financialcontrol-api/internal/modules/identity/application/auth_service.go:32.83,34.3 1 1
github.com/jailtonjunior94/financialcontrol-api/internal/modules/identity/application/auth_service.go:36.2,37.16 2 1
github.com/jailtonjunior94/financialcontrol-api/internal/modules/identity/application/auth_service.go:37.16,39.3 1 0
github.com/jailtonjunior94/financialcontrol-api/internal/modules/identity/application/auth_service.go:41.2,41.45 1 1
github.com/jailtonjunior94/financialcontrol-api/internal/modules/identity/application/auth_service.go:44.72,46.16 2 1
github.com/jailtonjunior94/financialcontrol-api/internal/modules/identity/application/auth_service.go:46.16,48.3 1 0
github.com/jailtonjunior94/financialcontrol-api/internal/modules/identity/application/auth_service.go:50.2,50.17 1 1
github.com/jailtonjunior94/financialcontrol-api/internal/modules/identity/application/auth_service.go:50.17,52.3 1 0
github.com/jailtonjunior94/financialcontrol-api/internal/modules/identity/application/auth_service.go:54.2,54.43 1 1
github.com/jailtonjunior94/financialcontrol-api/internal/modules/identity/application/mappings.go:5.79,8.2 2 1
github.com/jailtonjunior94/financialcontrol-api/internal/modules/identity/application/mappings.go:10.62,17.2 1 1
github.com/jailtonjunior94/financialcontrol-api/internal/modules/identity/application/requests.go:10.39,11.19 1 0
github.com/jailtonjunior94/financialcontrol-api/internal/modules/identity/application/requests.go:11.19,13.3 1 0
github.com/jailtonjunior94/financialcontrol-api/internal/modules/identity/application/requests.go:15.2,15.22 1 0
github.com/jailtonjunior94/financialcontrol-api/internal/modules/identity/application/requests.go:15.22,17.3 1 0
github.com/jailtonjunior94/financialcontrol-api/internal/modules/identity/application/requests.go:19.2,19.12 1 0
github.com/jailtonjunior94/financialcontrol-api/internal/modules/identity/application/requests.go:28.39,29.18 1 0
github.com/jailtonjunior94/financialcontrol-api/internal/modules/identity/application/requests.go:29.18,31.3 1 0
github.com/jailtonjunior94/financialcontrol-api/internal/modules/identity/application/requests.go:33.2,33.19 1 0
github.com/jailtonjunior94/financialcontrol-api/internal/modules/identity/application/requests.go:33.19,35.3 1 0
github.com/jailtonjunior94/financialcontrol-api/internal/modules/identity/application/requests.go:37.2,37.22 1 0
github.com/jailtonjunior94/financialcontrol-api/internal/modules/identity/application/requests.go:37.22,39.3 1 0
github.com/jailtonjunior94/financialcontrol-api/internal/modules/identity/application/requests.go:41.2,41.12 1 0
github.com/jailtonjunior94/financialcontrol-api/internal/modules/identity/application/responses.go:14.50,19.2 1 1
github.com/jailtonjunior94/financialcontrol-api/internal/modules/identity/application/user_service.go:13.89,18.2 1 1
github.com/jailtonjunior94/financialcontrol-api/internal/modules/identity/application/user_service.go:20.87,22.16 2 1
github.com/jailtonjunior94/financialcontrol-api/internal/modules/identity/application/user_service.go:22.16,24.3 1 0
github.com/jailtonjunior94/financialcontrol-api/internal/modules/identity/application/user_service.go:26.2,28.16 3 1
github.com/jailtonjunior94/financialcontrol-api/internal/modules/identity/application/user_service.go:28.16,30.3 1 0
github.com/jailtonjunior94/financialcontrol-api/internal/modules/identity/application/user_service.go:32.2,32.48 1 1
github.com/jailtonjunior94/financialcontrol-api/internal/platform/security/hash.go:12.35,14.2 1 0
github.com/jailtonjunior94/financialcontrol-api/internal/platform/security/hash.go:16.70,19.2 2 0
github.com/jailtonjunior94/financialcontrol-api/internal/platform/security/hash.go:21.62,24.2 2 0
github.com/jailtonjunior94/financialcontrol-api/internal/platform/security/jwt.go:21.35,23.2 1 0
github.com/jailtonjunior94/financialcontrol-api/internal/platform/security/jwt.go:25.73,34.16 7 0
github.com/jailtonjunior94/financialcontrol-api/internal/platform/security/jwt.go:34.16,36.3 1 0
github.com/jailtonjunior94/financialcontrol-api/internal/platform/security/jwt.go:38.2,38.15 1 0
github.com/jailtonjunior94/financialcontrol-api/internal/platform/security/jwt.go:41.73,43.20 2 0
github.com/jailtonjunior94/financialcontrol-api/internal/platform/security/jwt.go:43.20,45.3 1 0
github.com/jailtonjunior94/financialcontrol-api/internal/platform/security/jwt.go:47.2,50.83 3 0
github.com/jailtonjunior94/financialcontrol-api/internal/platform/security/jwt.go:50.83,52.3 1 0
github.com/jailtonjunior94/financialcontrol-api/internal/platform/security/jwt.go:53.2,53.16 1 0
github.com/jailtonjunior94/financialcontrol-api/internal/platform/security/jwt.go:53.16,55.3 1 0
github.com/jailtonjunior94/financialcontrol-api/internal/platform/security/jwt.go:57.2,58.9 2 0
github.com/jailtonjunior94/financialcontrol-api/internal/platform/security/jwt.go:58.9,60.3 1 0
github.com/jailtonjunior94/financialcontrol-api/internal/platform/security/jwt.go:62.2,63.18 2 0
github.com/jailtonjunior94/financialcontrol-api/internal/platform/security/middleware.go:11.32,16.2 1 1
github.com/jailtonjunior94/financialcontrol-api/internal/platform/security/middleware.go:18.46,19.51 1 1
github.com/jailtonjunior94/financialcontrol-api/internal/platform/security/middleware.go:19.51,21.3 1 1
github.com/jailtonjunior94/financialcontrol-api/internal/platform/security/middleware.go:23.2,23.102 1 0
github.com/jailtonjunior94/financialcontrol-api/internal/application/mappings/bill.go:10.63,15.2 3 0
github.com/jailtonjunior94/financialcontrol-api/internal/application/mappings/bill.go:17.67,27.2 1 0
github.com/jailtonjunior94/financialcontrol-api/internal/application/mappings/bill.go:29.80,30.24 1 0
github.com/jailtonjunior94/financialcontrol-api/internal/application/mappings/bill.go:30.24,32.3 1 0
github.com/jailtonjunior94/financialcontrol-api/internal/application/mappings/bill.go:34.2,34.29 1 0
github.com/jailtonjunior94/financialcontrol-api/internal/application/mappings/bill.go:34.29,44.3 2 0
github.com/jailtonjunior94/financialcontrol-api/internal/application/mappings/bill.go:46.2,46.10 1 0
github.com/jailtonjunior94/financialcontrol-api/internal/application/mappings/bill.go:49.90,54.2 3 0
github.com/jailtonjunior94/financialcontrol-api/internal/application/mappings/bill.go:56.79,63.2 1 0
github.com/jailtonjunior94/financialcontrol-api/internal/application/mappings/bill.go:65.92,66.29 1 0
github.com/jailtonjunior94/financialcontrol-api/internal/application/mappings/bill.go:66.29,74.3 2 0
github.com/jailtonjunior94/financialcontrol-api/internal/application/mappings/bill.go:76.2,76.10 1 0
github.com/jailtonjunior94/financialcontrol-api/internal/application/mappings/card.go:9.78,12.2 2 0
github.com/jailtonjunior94/financialcontrol-api/internal/application/mappings/card.go:14.67,30.2 1 0
github.com/jailtonjunior94/financialcontrol-api/internal/application/mappings/card.go:32.77,37.2 1 0
github.com/jailtonjunior94/financialcontrol-api/internal/application/mappings/card.go:39.80,40.24 1 0
github.com/jailtonjunior94/financialcontrol-api/internal/application/mappings/card.go:40.24,42.3 1 0
github.com/jailtonjunior94/financialcontrol-api/internal/application/mappings/card.go:44.2,44.29 1 0
github.com/jailtonjunior94/financialcontrol-api/internal/application/mappings/card.go:44.29,61.3 2 0
github.com/jailtonjunior94/financialcontrol-api/internal/application/mappings/card.go:63.2,63.10 1 0
github.com/jailtonjunior94/financialcontrol-api/internal/application/mappings/category.go:8.92,9.29 1 0
github.com/jailtonjunior94/financialcontrol-api/internal/application/mappings/category.go:9.29,17.3 2 0
github.com/jailtonjunior94/financialcontrol-api/internal/application/mappings/category.go:19.2,19.10 1 0
github.com/jailtonjunior94/financialcontrol-api/internal/application/mappings/flag.go:8.80,9.29 1 0
github.com/jailtonjunior94/financialcontrol-api/internal/application/mappings/flag.go:9.29,16.3 2 0
github.com/jailtonjunior94/financialcontrol-api/internal/application/mappings/flag.go:18.2,18.10 1 0
github.com/jailtonjunior94/financialcontrol-api/internal/application/mappings/invoice.go:12.103,15.2 2 0
github.com/jailtonjunior94/financialcontrol-api/internal/application/mappings/invoice.go:17.137,28.2 3 0
github.com/jailtonjunior94/financialcontrol-api/internal/application/mappings/invoice.go:30.77,31.19 1 0
github.com/jailtonjunior94/financialcontrol-api/internal/application/mappings/invoice.go:31.19,33.3 1 0
github.com/jailtonjunior94/financialcontrol-api/internal/application/mappings/invoice.go:35.2,44.16 2 0
github.com/jailtonjunior94/financialcontrol-api/internal/application/mappings/invoice.go:47.86,49.24 2 0
github.com/jailtonjunior94/financialcontrol-api/internal/application/mappings/invoice.go:49.24,51.3 1 0
github.com/jailtonjunior94/financialcontrol-api/internal/application/mappings/invoice.go:53.2,53.38 1 0
github.com/jailtonjunior94/financialcontrol-api/internal/application/mappings/invoice.go:53.38,62.3 2 0
github.com/jailtonjunior94/financialcontrol-api/internal/application/mappings/invoice.go:64.2,64.17 1 0
github.com/jailtonjunior94/financialcontrol-api/internal/application/mappings/invoice.go:67.98,69.21 2 0
github.com/jailtonjunior94/financialcontrol-api/internal/application/mappings/invoice.go:69.21,71.3 1 0
github.com/jailtonjunior94/financialcontrol-api/internal/application/mappings/invoice.go:73.2,73.38 1 0
github.com/jailtonjunior94/financialcontrol-api/internal/application/mappings/invoice.go:73.38,90.3 2 0
github.com/jailtonjunior94/financialcontrol-api/internal/application/mappings/invoice.go:92.2,92.14 1 0
github.com/jailtonjunior94/financialcontrol-api/internal/application/mappings/transaction.go:10.99,13.2 2 0
github.com/jailtonjunior94/financialcontrol-api/internal/application/mappings/transaction.go:15.88,25.2 1 0
github.com/jailtonjunior94/financialcontrol-api/internal/application/mappings/transaction.go:27.101,28.24 1 0
github.com/jailtonjunior94/financialcontrol-api/internal/application/mappings/transaction.go:28.24,30.3 1 0
github.com/jailtonjunior94/financialcontrol-api/internal/application/mappings/transaction.go:32.2,32.29 1 0
github.com/jailtonjunior94/financialcontrol-api/internal/application/mappings/transaction.go:32.29,42.3 2 0
github.com/jailtonjunior94/financialcontrol-api/internal/application/mappings/transaction.go:44.2,44.10 1 0
github.com/jailtonjunior94/financialcontrol-api/internal/application/mappings/transaction.go:47.118,50.2 2 0
github.com/jailtonjunior94/financialcontrol-api/internal/application/mappings/transaction.go:52.100,61.2 1 0
github.com/jailtonjunior94/financialcontrol-api/internal/application/mappings/transaction.go:63.113,64.29 1 0
github.com/jailtonjunior94/financialcontrol-api/internal/application/mappings/transaction.go:64.29,74.3 2 0
github.com/jailtonjunior94/financialcontrol-api/internal/application/mappings/transaction.go:76.2,76.10 1 0
github.com/jailtonjunior94/financialcontrol-api/internal/application/mappings/user.go:9.80,12.2 2 0
github.com/jailtonjunior94/financialcontrol-api/internal/application/mappings/user.go:14.67,21.2 1 0
github.com/jailtonjunior94/financialcontrol-api/internal/application/dtos/requests/auth.go:10.39,11.19 1 0
github.com/jailtonjunior94/financialcontrol-api/internal/application/dtos/requests/auth.go:11.19,13.3 1 0
github.com/jailtonjunior94/financialcontrol-api/internal/application/dtos/requests/auth.go:15.2,15.22 1 0
github.com/jailtonjunior94/financialcontrol-api/internal/application/dtos/requests/auth.go:15.22,17.3 1 0
github.com/jailtonjunior94/financialcontrol-api/internal/application/dtos/requests/auth.go:19.2,19.12 1 0
github.com/jailtonjunior94/financialcontrol-api/internal/application/dtos/requests/bill.go:13.39,14.26 1 0
github.com/jailtonjunior94/financialcontrol-api/internal/application/dtos/requests/bill.go:14.26,16.3 1 0
github.com/jailtonjunior94/financialcontrol-api/internal/application/dtos/requests/bill.go:18.2,18.12 1 0
github.com/jailtonjunior94/financialcontrol-api/internal/application/dtos/requests/bill_item.go:10.43,11.19 1 0
github.com/jailtonjunior94/financialcontrol-api/internal/application/dtos/requests/bill_item.go:11.19,13.3 1 0
github.com/jailtonjunior94/financialcontrol-api/internal/application/dtos/requests/bill_item.go:15.2,15.18 1 0
github.com/jailtonjunior94/financialcontrol-api/internal/application/dtos/requests/bill_item.go:15.18,17.3 1 0
github.com/jailtonjunior94/financialcontrol-api/internal/application/dtos/requests/bill_item.go:19.2,19.12 1 0
github.com/jailtonjunior94/financialcontrol-api/internal/application/dtos/requests/card.go:18.39,19.18 1 0
github.com/jailtonjunior94/financialcontrol-api/internal/application/dtos/requests/card.go:19.18,21.3 1 0
github.com/jailtonjunior94/financialcontrol-api/internal/application/dtos/requests/card.go:23.2,23.12 1 0
github.com/jailtonjunior94/financialcontrol-api/internal/application/dtos/requests/invoice.go:21.42,22.20 1 0
github.com/jailtonjunior94/financialcontrol-api/internal/application/dtos/requests/invoice.go:22.20,24.3 1 0
github.com/jailtonjunior94/financialcontrol-api/internal/application/dtos/requests/invoice.go:26.2,26.12 1 0
github.com/jailtonjunior94/financialcontrol-api/internal/application/dtos/requests/invoice.go:29.130,31.16 2 0
github.com/jailtonjunior94/financialcontrol-api/internal/application/dtos/requests/invoice.go:31.16,33.3 1 0
github.com/jailtonjunior94/financialcontrol-api/internal/application/dtos/requests/invoice.go:35.2,36.16 2 0
github.com/jailtonjunior94/financialcontrol-api/internal/application/dtos/requests/invoice.go:36.16,38.3 1 0
github.com/jailtonjunior94/financialcontrol-api/internal/application/dtos/requests/invoice.go:40.2,41.16 2 0
github.com/jailtonjunior94/financialcontrol-api/internal/application/dtos/requests/invoice.go:41.16,43.3 1 0
github.com/jailtonjunior94/financialcontrol-api/internal/application/dtos/requests/invoice.go:45.2,53.3 1 0
github.com/jailtonjunior94/financialcontrol-api/internal/application/dtos/requests/range_date.go:13.44,14.26 1 0
github.com/jailtonjunior94/financialcontrol-api/internal/application/dtos/requests/range_date.go:14.26,16.3 1 0
github.com/jailtonjunior94/financialcontrol-api/internal/application/dtos/requests/range_date.go:18.2,18.24 1 0
github.com/jailtonjunior94/financialcontrol-api/internal/application/dtos/requests/range_date.go:18.24,20.3 1 0
github.com/jailtonjunior94/financialcontrol-api/internal/application/dtos/requests/range_date.go:22.2,22.12 1 0
github.com/jailtonjunior94/financialcontrol-api/internal/application/dtos/requests/transaction.go:13.46,14.26 1 0
github.com/jailtonjunior94/financialcontrol-api/internal/application/dtos/requests/transaction.go:14.26,16.3 1 0
github.com/jailtonjunior94/financialcontrol-api/internal/application/dtos/requests/transaction.go:18.2,18.12 1 0
github.com/jailtonjunior94/financialcontrol-api/internal/application/dtos/requests/transaction_item.go:13.50,14.19 1 0
github.com/jailtonjunior94/financialcontrol-api/internal/application/dtos/requests/transaction_item.go:14.19,16.3 1 0
github.com/jailtonjunior94/financialcontrol-api/internal/application/dtos/requests/transaction_item.go:18.2,18.18 1 0
github.com/jailtonjunior94/financialcontrol-api/internal/application/dtos/requests/transaction_item.go:18.18,20.3 1 0
github.com/jailtonjunior94/financialcontrol-api/internal/application/dtos/requests/transaction_item.go:22.2,22.18 1 0
github.com/jailtonjunior94/financialcontrol-api/internal/application/dtos/requests/transaction_item.go:22.18,24.3 1 0
github.com/jailtonjunior94/financialcontrol-api/internal/application/dtos/requests/transaction_item.go:26.2,26.12 1 0
github.com/jailtonjunior94/financialcontrol-api/internal/application/dtos/requests/transaction_item.go:29.102,35.2 1 0
github.com/jailtonjunior94/financialcontrol-api/internal/application/dtos/requests/user.go:13.39,14.18 1 0
github.com/jailtonjunior94/financialcontrol-api/internal/application/dtos/requests/user.go:14.18,16.3 1 0
github.com/jailtonjunior94/financialcontrol-api/internal/application/dtos/requests/user.go:18.2,18.19 1 0
github.com/jailtonjunior94/financialcontrol-api/internal/application/dtos/requests/user.go:18.19,20.3 1 0
github.com/jailtonjunior94/financialcontrol-api/internal/application/dtos/requests/user.go:22.2,22.22 1 0
github.com/jailtonjunior94/financialcontrol-api/internal/application/dtos/requests/user.go:22.22,24.3 1 0
github.com/jailtonjunior94/financialcontrol-api/internal/application/dtos/requests/user.go:26.2,26.12 1 0
github.com/jailtonjunior94/financialcontrol-api/internal/application/dtos/responses/auth.go:14.50,16.2 1 0
github.com/jailtonjunior94/financialcontrol-api/internal/application/dtos/responses/http.go:15.70,17.2 1 0
github.com/jailtonjunior94/financialcontrol-api/internal/application/dtos/responses/http.go:19.57,24.2 3 0
github.com/jailtonjunior94/financialcontrol-api/internal/application/dtos/responses/http.go:26.41,28.2 1 0
github.com/jailtonjunior94/financialcontrol-api/internal/application/dtos/responses/http.go:30.46,32.2 1 0
github.com/jailtonjunior94/financialcontrol-api/internal/application/dtos/responses/http.go:34.32,36.2 1 0
github.com/jailtonjunior94/financialcontrol-api/internal/application/dtos/responses/http.go:38.49,40.2 1 0
github.com/jailtonjunior94/financialcontrol-api/internal/application/dtos/responses/http.go:42.51,44.2 1 0
github.com/jailtonjunior94/financialcontrol-api/internal/application/dtos/responses/http.go:46.47,48.2 1 0
github.com/jailtonjunior94/financialcontrol-api/internal/application/dtos/responses/http.go:50.34,52.2 1 0
github.com/jailtonjunior94/financialcontrol-api/internal/application/handlers/invoice_update_listener.go:25.27,31.2 1 0
github.com/jailtonjunior94/financialcontrol-api/internal/application/handlers/invoice_update_listener.go:33.60,35.2 1 0
github.com/jailtonjunior94/financialcontrol-api/internal/application/handlers/invoice_update_listener.go:37.49,39.16 2 0
github.com/jailtonjunior94/financialcontrol-api/internal/application/handlers/invoice_update_listener.go:39.16,41.3 1 0
github.com/jailtonjunior94/financialcontrol-api/internal/application/handlers/invoice_update_listener.go:43.2,45.16 3 0
github.com/jailtonjunior94/financialcontrol-api/internal/application/handlers/invoice_update_listener.go:45.16,47.3 1 0
github.com/jailtonjunior94/financialcontrol-api/internal/application/handlers/invoice_update_listener.go:49.2,49.57 1 0
github.com/jailtonjunior94/financialcontrol-api/internal/application/handlers/invoice_update_listener.go:49.57,51.3 1 0
github.com/jailtonjunior94/financialcontrol-api/internal/application/handlers/invoice_update_listener.go:53.2,54.12 2 0
github.com/jailtonjunior94/financialcontrol-api/internal/application/handlers/invoice_update_listener.go:57.90,58.37 1 0
github.com/jailtonjunior94/financialcontrol-api/internal/application/handlers/invoice_update_listener.go:58.37,61.3 2 0
github.com/jailtonjunior94/financialcontrol-api/internal/application/handlers/invoice_update_listener.go:63.2,64.16 2 0
github.com/jailtonjunior94/financialcontrol-api/internal/application/handlers/invoice_update_listener.go:64.16,66.3 1 0
github.com/jailtonjunior94/financialcontrol-api/internal/application/handlers/invoice_update_listener.go:68.2,71.46 3 0
github.com/jailtonjunior94/financialcontrol-api/internal/application/handlers/invoice_update_listener.go:71.46,72.58 1 0
github.com/jailtonjunior94/financialcontrol-api/internal/application/handlers/invoice_update_listener.go:72.58,76.4 3 0
github.com/jailtonjunior94/financialcontrol-api/internal/application/handlers/invoice_update_listener.go:79.2,79.12 1 0
github.com/jailtonjunior94/financialcontrol-api/cmd/financialcontrol-api/main.go:9.13,10.47 1 0
github.com/jailtonjunior94/financialcontrol-api/cmd/financialcontrol-api/main.go:10.47,12.3 1 0
github.com/jailtonjunior94/financialcontrol-api/main.go:9.13,10.47 1 0
github.com/jailtonjunior94/financialcontrol-api/main.go:10.47,12.3 1 0
github.com/jailtonjunior94/financialcontrol-api/internal/application/usecase/update_transaction_bill.go:22.26,28.2 1 0
github.com/jailtonjunior94/financialcontrol-api/internal/application/usecase/update_transaction_bill.go:37.76,44.2 1 0
github.com/jailtonjunior94/financialcontrol-api/internal/application/usecase/update_transaction_bill.go:46.67,66.16 3 0
github.com/jailtonjunior94/financialcontrol-api/internal/application/usecase/update_transaction_bill.go:66.16,68.3 1 0
github.com/jailtonjunior94/financialcontrol-api/internal/application/usecase/update_transaction_bill.go:70.2,70.29 1 0
github.com/jailtonjunior94/financialcontrol-api/internal/application/usecase/update_transaction_bill.go:70.29,72.17 2 0
github.com/jailtonjunior94/financialcontrol-api/internal/application/usecase/update_transaction_bill.go:72.17,74.12 2 0
github.com/jailtonjunior94/financialcontrol-api/internal/application/usecase/update_transaction_bill.go:77.3,78.31 2 0
github.com/jailtonjunior94/financialcontrol-api/internal/application/usecase/update_transaction_bill.go:78.31,80.4 1 0
github.com/jailtonjunior94/financialcontrol-api/internal/application/usecase/update_transaction_bill.go:82.3,82.31 1 0
github.com/jailtonjunior94/financialcontrol-api/internal/application/usecase/update_transaction_bill.go:82.31,84.4 1 0
github.com/jailtonjunior94/financialcontrol-api/internal/application/usecase/update_transaction_bill.go:86.3,87.25 2 0
github.com/jailtonjunior94/financialcontrol-api/internal/application/usecase/update_transaction_bill.go:87.25,92.12 1 0
github.com/jailtonjunior94/financialcontrol-api/internal/application/usecase/update_transaction_bill.go:95.3,96.77 2 0
github.com/jailtonjunior94/financialcontrol-api/internal/application/usecase/update_transaction_bill.go:98.2,98.12 1 0
github.com/jailtonjunior94/financialcontrol-api/internal/application/usecase/update_transaction_item.go:21.29,27.2 1 0
github.com/jailtonjunior94/financialcontrol-api/internal/application/usecase/update_transaction_item.go:29.85,33.16 3 0
github.com/jailtonjunior94/financialcontrol-api/internal/application/usecase/update_transaction_item.go:33.16,35.3 1 0
github.com/jailtonjunior94/financialcontrol-api/internal/application/usecase/update_transaction_item.go:37.2,37.35 1 0
github.com/jailtonjunior94/financialcontrol-api/internal/application/usecase/update_transaction_item.go:37.35,39.17 2 0
github.com/jailtonjunior94/financialcontrol-api/internal/application/usecase/update_transaction_item.go:39.17,41.12 2 0
github.com/jailtonjunior94/financialcontrol-api/internal/application/usecase/update_transaction_item.go:44.3,45.25 2 0
github.com/jailtonjunior94/financialcontrol-api/internal/application/usecase/update_transaction_item.go:45.25,50.12 1 0
github.com/jailtonjunior94/financialcontrol-api/internal/application/usecase/update_transaction_item.go:53.3,54.77 2 0
github.com/jailtonjunior94/financialcontrol-api/internal/application/usecase/update_transaction_item.go:56.2,56.12 1 0
github.com/jailtonjunior94/financialcontrol-api/internal/bootstrap/cli/budget.go:22.37,49.16 15 0
github.com/jailtonjunior94/financialcontrol-api/internal/bootstrap/cli/budget.go:49.16,51.3 1 0
github.com/jailtonjunior94/financialcontrol-api/internal/bootstrap/cli/budget.go:53.2,54.16 2 0
github.com/jailtonjunior94/financialcontrol-api/internal/bootstrap/cli/budget.go:54.16,56.3 1 0
github.com/jailtonjunior94/financialcontrol-api/internal/bootstrap/cli/budget.go:58.2,58.71 1 0
github.com/jailtonjunior94/financialcontrol-api/internal/bootstrap/cli/budget.go:58.71,60.3 1 0
github.com/jailtonjunior94/financialcontrol-api/internal/bootstrap/cli/budget.go:62.2,62.71 1 0
github.com/jailtonjunior94/financialcontrol-api/internal/bootstrap/cli/budget.go:62.71,64.3 1 0
github.com/jailtonjunior94/financialcontrol-api/internal/bootstrap/cli/budget.go:65.2,67.72 2 0
github.com/jailtonjunior94/financialcontrol-api/internal/bootstrap/cli/budget.go:67.72,69.3 1 0
github.com/jailtonjunior94/financialcontrol-api/internal/bootstrap/cli/budget.go:71.2,71.73 1 0
github.com/jailtonjunior94/financialcontrol-api/internal/bootstrap/cli/budget.go:71.73,73.3 1 0
github.com/jailtonjunior94/financialcontrol-api/internal/bootstrap/cli/budget.go:74.2,76.83 2 0
github.com/jailtonjunior94/financialcontrol-api/internal/bootstrap/cli/budget.go:76.83,78.3 1 0
github.com/jailtonjunior94/financialcontrol-api/internal/bootstrap/cli/budget.go:80.2,80.39 1 0
github.com/jailtonjunior94/financialcontrol-api/internal/bootstrap/cli/budget.go:80.39,81.63 1 0
github.com/jailtonjunior94/financialcontrol-api/internal/bootstrap/cli/budget.go:81.63,83.4 1 0
github.com/jailtonjunior94/financialcontrol-api/internal/bootstrap/cli/budget.go:85.3,85.39 1 0
github.com/jailtonjunior94/financialcontrol-api/internal/bootstrap/cli/budget.go:85.39,86.30 1 0
github.com/jailtonjunior94/financialcontrol-api/internal/bootstrap/cli/budget.go:86.30,88.5 1 0
github.com/jailtonjunior94/financialcontrol-api/internal/bootstrap/cli/budget.go:92.2,96.36 4 0
github.com/jailtonjunior94/financialcontrol-api/internal/bootstrap/cli/budget.go:96.36,106.3 1 0
github.com/jailtonjunior94/financialcontrol-api/internal/bootstrap/cli/budget.go:108.2,108.25 1 0
github.com/jailtonjunior94/financialcontrol-api/internal/bootstrap/cli/budget.go:108.25,110.3 1 0
github.com/jailtonjunior94/financialcontrol-api/internal/bootstrap/cli/budget.go:112.2,112.16 1 0
github.com/jailtonjunior94/financialcontrol-api/internal/bootstrap/cli/budget.go:115.50,123.16 6 0
github.com/jailtonjunior94/financialcontrol-api/internal/bootstrap/cli/budget.go:123.16,125.3 1 0
github.com/jailtonjunior94/financialcontrol-api/internal/bootstrap/cli/budget.go:127.2,128.16 2 0
github.com/jailtonjunior94/financialcontrol-api/internal/bootstrap/cli/budget.go:128.16,130.3 1 0
github.com/jailtonjunior94/financialcontrol-api/internal/bootstrap/cli/budget.go:132.2,132.71 1 0
github.com/jailtonjunior94/financialcontrol-api/internal/bootstrap/cli/budget.go:132.71,134.3 1 0
github.com/jailtonjunior94/financialcontrol-api/internal/bootstrap/cli/budget.go:136.2,136.72 1 0
github.com/jailtonjunior94/financialcontrol-api/internal/bootstrap/cli/budget.go:136.72,138.3 1 0
github.com/jailtonjunior94/financialcontrol-api/internal/bootstrap/cli/budget.go:140.2,140.72 1 0
github.com/jailtonjunior94/financialcontrol-api/internal/bootstrap/cli/budget.go:140.72,142.3 1 0
github.com/jailtonjunior94/financialcontrol-api/internal/bootstrap/cli/budget.go:144.2,144.74 1 0
github.com/jailtonjunior94/financialcontrol-api/internal/bootstrap/cli/budget.go:144.74,146.3 1 0
github.com/jailtonjunior94/financialcontrol-api/internal/bootstrap/cli/budget.go:148.2,148.83 1 0
github.com/jailtonjunior94/financialcontrol-api/internal/bootstrap/cli/budget.go:148.83,150.3 1 0
github.com/jailtonjunior94/financialcontrol-api/internal/bootstrap/cli/budget.go:152.2,166.39 6 0
github.com/jailtonjunior94/financialcontrol-api/internal/bootstrap/cli/budget.go:166.39,167.63 1 0
github.com/jailtonjunior94/financialcontrol-api/internal/bootstrap/cli/budget.go:167.63,169.4 1 0
github.com/jailtonjunior94/financialcontrol-api/internal/bootstrap/cli/budget.go:171.3,171.43 1 0
github.com/jailtonjunior94/financialcontrol-api/internal/bootstrap/cli/budget.go:171.43,172.30 1 0
github.com/jailtonjunior94/financialcontrol-api/internal/bootstrap/cli/budget.go:172.30,174.5 1 0
github.com/jailtonjunior94/financialcontrol-api/internal/bootstrap/cli/budget.go:178.2,182.40 4 0
github.com/jailtonjunior94/financialcontrol-api/internal/bootstrap/cli/budget.go:182.40,190.3 1 0
github.com/jailtonjunior94/financialcontrol-api/internal/bootstrap/cli/budget.go:192.2,192.25 1 0
github.com/jailtonjunior94/financialcontrol-api/internal/bootstrap/cli/budget.go:192.25,194.3 1 0
github.com/jailtonjunior94/financialcontrol-api/internal/bootstrap/cli/budget.go:196.2,196.16 1 0
github.com/jailtonjunior94/financialcontrol-api/internal/bootstrap/cli/budget.go:199.44,226.16 15 0
github.com/jailtonjunior94/financialcontrol-api/internal/bootstrap/cli/budget.go:226.16,228.3 1 0
github.com/jailtonjunior94/financialcontrol-api/internal/bootstrap/cli/budget.go:230.2,231.16 2 0
github.com/jailtonjunior94/financialcontrol-api/internal/bootstrap/cli/budget.go:231.16,233.3 1 0
github.com/jailtonjunior94/financialcontrol-api/internal/bootstrap/cli/budget.go:235.2,235.71 1 0
github.com/jailtonjunior94/financialcontrol-api/internal/bootstrap/cli/budget.go:235.71,237.3 1 0
github.com/jailtonjunior94/financialcontrol-api/internal/bootstrap/cli/budget.go:238.2,238.71 1 0
github.com/jailtonjunior94/financialcontrol-api/internal/bootstrap/cli/budget.go:238.71,238.89 1 0
github.com/jailtonjunior94/financialcontrol-api/internal/bootstrap/cli/budget.go:239.2,241.72 2 0
github.com/jailtonjunior94/financialcontrol-api/internal/bootstrap/cli/budget.go:241.72,243.3 1 0
github.com/jailtonjunior94/financialcontrol-api/internal/bootstrap/cli/budget.go:244.2,244.73 1 0
github.com/jailtonjunior94/financialcontrol-api/internal/bootstrap/cli/budget.go:244.73,244.91 1 0
github.com/jailtonjunior94/financialcontrol-api/internal/bootstrap/cli/budget.go:245.2,249.83 3 0
github.com/jailtonjunior94/financialcontrol-api/internal/bootstrap/cli/budget.go:249.83,251.3 1 0
github.com/jailtonjunior94/financialcontrol-api/internal/bootstrap/cli/budget.go:252.2,252.39 1 0
github.com/jailtonjunior94/financialcontrol-api/internal/bootstrap/cli/budget.go:252.39,253.63 1 0
github.com/jailtonjunior94/financialcontrol-api/internal/bootstrap/cli/budget.go:253.63,253.92 1 0
github.com/jailtonjunior94/financialcontrol-api/internal/bootstrap/cli/budget.go:254.3,255.37 2 0
github.com/jailtonjunior94/financialcontrol-api/internal/bootstrap/cli/budget.go:255.37,256.28 1 0
github.com/jailtonjunior94/financialcontrol-api/internal/bootstrap/cli/budget.go:256.28,258.5 1 0
github.com/jailtonjunior94/financialcontrol-api/internal/bootstrap/cli/budget.go:263.2,275.36 4 0
github.com/jailtonjunior94/financialcontrol-api/internal/bootstrap/cli/budget.go:275.36,291.3 5 0
github.com/jailtonjunior94/financialcontrol-api/internal/bootstrap/cli/budget.go:293.2,293.16 1 0
github.com/jailtonjunior94/financialcontrol-api/internal/bootstrap/cli/budget.go:296.45,323.16 15 0
github.com/jailtonjunior94/financialcontrol-api/internal/bootstrap/cli/budget.go:323.16,325.3 1 0
github.com/jailtonjunior94/financialcontrol-api/internal/bootstrap/cli/budget.go:327.2,328.16 2 0
github.com/jailtonjunior94/financialcontrol-api/internal/bootstrap/cli/budget.go:328.16,330.3 1 0
github.com/jailtonjunior94/financialcontrol-api/internal/bootstrap/cli/budget.go:332.2,332.71 1 0
github.com/jailtonjunior94/financialcontrol-api/internal/bootstrap/cli/budget.go:332.71,334.3 1 0
github.com/jailtonjunior94/financialcontrol-api/internal/bootstrap/cli/budget.go:335.2,335.71 1 0
github.com/jailtonjunior94/financialcontrol-api/internal/bootstrap/cli/budget.go:335.71,335.89 1 0
github.com/jailtonjunior94/financialcontrol-api/internal/bootstrap/cli/budget.go:336.2,338.72 2 0
github.com/jailtonjunior94/financialcontrol-api/internal/bootstrap/cli/budget.go:338.72,340.3 1 0
github.com/jailtonjunior94/financialcontrol-api/internal/bootstrap/cli/budget.go:341.2,341.73 1 0
github.com/jailtonjunior94/financialcontrol-api/internal/bootstrap/cli/budget.go:341.73,341.91 1 0
github.com/jailtonjunior94/financialcontrol-api/internal/bootstrap/cli/budget.go:342.2,344.83 2 0
github.com/jailtonjunior94/financialcontrol-api/internal/bootstrap/cli/budget.go:344.83,346.3 1 0
github.com/jailtonjunior94/financialcontrol-api/internal/bootstrap/cli/budget.go:348.2,348.39 1 0
github.com/jailtonjunior94/financialcontrol-api/internal/bootstrap/cli/budget.go:348.39,349.63 1 0
github.com/jailtonjunior94/financialcontrol-api/internal/bootstrap/cli/budget.go:349.63,351.4 1 0
github.com/jailtonjunior94/financialcontrol-api/internal/bootstrap/cli/budget.go:352.3,352.37 1 0
github.com/jailtonjunior94/financialcontrol-api/internal/bootstrap/cli/budget.go:352.37,353.28 1 0
github.com/jailtonjunior94/financialcontrol-api/internal/bootstrap/cli/budget.go:353.28,355.5 1 0
github.com/jailtonjunior94/financialcontrol-api/internal/bootstrap/cli/budget.go:360.2,364.36 5 0
github.com/jailtonjunior94/financialcontrol-api/internal/bootstrap/cli/budget.go:364.36,374.3 1 0
github.com/jailtonjunior94/financialcontrol-api/internal/bootstrap/cli/budget.go:375.2,375.31 1 0
github.com/jailtonjunior94/financialcontrol-api/internal/bootstrap/cli/budget.go:375.31,377.3 1 0
github.com/jailtonjunior94/financialcontrol-api/internal/bootstrap/cli/budget.go:378.2,395.39 7 0
github.com/jailtonjunior94/financialcontrol-api/internal/bootstrap/cli/budget.go:395.39,396.63 1 0
github.com/jailtonjunior94/financialcontrol-api/internal/bootstrap/cli/budget.go:396.63,398.4 1 0
github.com/jailtonjunior94/financialcontrol-api/internal/bootstrap/cli/budget.go:399.3,399.41 1 0
github.com/jailtonjunior94/financialcontrol-api/internal/bootstrap/cli/budget.go:399.41,400.28 1 0
github.com/jailtonjunior94/financialcontrol-api/internal/bootstrap/cli/budget.go:400.28,402.5 1 0
github.com/jailtonjunior94/financialcontrol-api/internal/bootstrap/cli/budget.go:406.2,410.40 5 0
github.com/jailtonjunior94/financialcontrol-api/internal/bootstrap/cli/budget.go:410.40,418.3 1 0
github.com/jailtonjunior94/financialcontrol-api/internal/bootstrap/cli/budget.go:419.2,419.29 1 0
github.com/jailtonjunior94/financialcontrol-api/internal/bootstrap/cli/budget.go:419.29,421.3 1 0
github.com/jailtonjunior94/financialcontrol-api/internal/bootstrap/cli/budget.go:422.2,422.20 1 0
github.com/jailtonjunior94/financialcontrol-api/internal/bootstrap/cli/budget.go:425.38,452.16 15 0
github.com/jailtonjunior94/financialcontrol-api/internal/bootstrap/cli/budget.go:452.16,454.3 1 0
github.com/jailtonjunior94/financialcontrol-api/internal/bootstrap/cli/budget.go:456.2,457.16 2 0
github.com/jailtonjunior94/financialcontrol-api/internal/bootstrap/cli/budget.go:457.16,459.3 1 0
github.com/jailtonjunior94/financialcontrol-api/internal/bootstrap/cli/budget.go:461.2,461.71 1 0
github.com/jailtonjunior94/financialcontrol-api/internal/bootstrap/cli/budget.go:461.71,463.3 1 0
github.com/jailtonjunior94/financialcontrol-api/internal/bootstrap/cli/budget.go:464.2,464.71 1 0
github.com/jailtonjunior94/financialcontrol-api/internal/bootstrap/cli/budget.go:464.71,464.89 1 0
github.com/jailtonjunior94/financialcontrol-api/internal/bootstrap/cli/budget.go:465.2,467.72 2 0
github.com/jailtonjunior94/financialcontrol-api/internal/bootstrap/cli/budget.go:467.72,469.3 1 0
github.com/jailtonjunior94/financialcontrol-api/internal/bootstrap/cli/budget.go:470.2,470.73 1 0
github.com/jailtonjunior94/financialcontrol-api/internal/bootstrap/cli/budget.go:470.73,470.91 1 0
github.com/jailtonjunior94/financialcontrol-api/internal/bootstrap/cli/budget.go:471.2,474.36 3 0
github.com/jailtonjunior94/financialcontrol-api/internal/bootstrap/cli/budget.go:474.36,476.3 1 0
github.com/jailtonjunior94/financialcontrol-api/internal/bootstrap/cli/budget.go:478.2,478.83 1 0
github.com/jailtonjunior94/financialcontrol-api/internal/bootstrap/cli/budget.go:478.83,480.3 1 0
github.com/jailtonjunior94/financialcontrol-api/internal/bootstrap/cli/budget.go:482.2,485.39 3 0
github.com/jailtonjunior94/financialcontrol-api/internal/bootstrap/cli/budget.go:485.39,486.28 1 0
github.com/jailtonjunior94/financialcontrol-api/internal/bootstrap/cli/budget.go:486.28,487.64 1 0
github.com/jailtonjunior94/financialcontrol-api/internal/bootstrap/cli/budget.go:487.64,487.93 1 0
github.com/jailtonjunior94/financialcontrol-api/internal/bootstrap/cli/budget.go:488.4,489.12 2 0
github.com/jailtonjunior94/financialcontrol-api/internal/bootstrap/cli/budget.go:491.3,492.63 2 0
github.com/jailtonjunior94/financialcontrol-api/internal/bootstrap/cli/budget.go:492.63,492.92 1 0
github.com/jailtonjunior94/financialcontrol-api/internal/bootstrap/cli/budget.go:493.3,493.37 1 0
github.com/jailtonjunior94/financialcontrol-api/internal/bootstrap/cli/budget.go:493.37,494.28 1 0
github.com/jailtonjunior94/financialcontrol-api/internal/bootstrap/cli/budget.go:494.28,496.5 1 0
github.com/jailtonjunior94/financialcontrol-api/internal/bootstrap/cli/budget.go:500.2,500.19 1 0
github.com/jailtonjunior94/financialcontrol-api/internal/bootstrap/cli/budget.go:500.19,502.3 1 0
github.com/jailtonjunior94/financialcontrol-api/internal/bootstrap/cli/budget.go:504.2,509.36 5 0
github.com/jailtonjunior94/financialcontrol-api/internal/bootstrap/cli/budget.go:509.36,518.3 1 0
github.com/jailtonjunior94/financialcontrol-api/internal/bootstrap/cli/budget.go:520.2,520.32 1 0
github.com/jailtonjunior94/financialcontrol-api/internal/bootstrap/cli/budget.go:520.32,522.3 1 0
github.com/jailtonjunior94/financialcontrol-api/internal/bootstrap/cli/budget.go:523.2,530.42 6 0
github.com/jailtonjunior94/financialcontrol-api/internal/bootstrap/cli/budget.go:530.42,532.10 2 0
github.com/jailtonjunior94/financialcontrol-api/internal/bootstrap/cli/budget.go:532.10,533.12 1 0
github.com/jailtonjunior94/financialcontrol-api/internal/bootstrap/cli/budget.go:536.3,537.72 2 0
github.com/jailtonjunior94/financialcontrol-api/internal/bootstrap/cli/budget.go:537.72,537.101 1 0
github.com/jailtonjunior94/financialcontrol-api/internal/bootstrap/cli/budget.go:538.3,540.73 2 0
github.com/jailtonjunior94/financialcontrol-api/internal/bootstrap/cli/budget.go:540.73,541.29 1 0
github.com/jailtonjunior94/financialcontrol-api/internal/bootstrap/cli/budget.go:541.29,543.5 1 0
github.com/jailtonjunior94/financialcontrol-api/internal/bootstrap/cli/budget.go:544.4,544.26 1 0
github.com/jailtonjunior94/financialcontrol-api/internal/bootstrap/cli/budget.go:547.3,547.44 1 0
github.com/jailtonjunior94/financialcontrol-api/internal/bootstrap/cli/budget.go:547.44,548.70 1 0
github.com/jailtonjunior94/financialcontrol-api/internal/bootstrap/cli/budget.go:548.70,548.99 1 0
github.com/jailtonjunior94/financialcontrol-api/internal/bootstrap/cli/budget.go:549.4,556.6 1 0
github.com/jailtonjunior94/financialcontrol-api/internal/bootstrap/cli/budget.go:560.2,560.29 1 0
github.com/jailtonjunior94/financialcontrol-api/internal/bootstrap/cli/budget.go:560.29,562.3 1 0
github.com/jailtonjunior94/financialcontrol-api/internal/bootstrap/cli/budget.go:563.2,563.20 1 0
github.com/jailtonjunior94/financialcontrol-api/internal/bootstrap/cli/budget.go:578.63,581.2 2 0
github.com/jailtonjunior94/financialcontrol-api/internal/bootstrap/cli/budget.go:583.64,591.16 6 0
github.com/jailtonjunior94/financialcontrol-api/internal/bootstrap/cli/budget.go:591.16,593.3 1 0
github.com/jailtonjunior94/financialcontrol-api/internal/bootstrap/cli/budget.go:595.2,596.16 2 0
github.com/jailtonjunior94/financialcontrol-api/internal/bootstrap/cli/budget.go:596.16,598.3 1 0
github.com/jailtonjunior94/financialcontrol-api/internal/bootstrap/cli/budget.go:600.2,607.83 5 0
github.com/jailtonjunior94/financialcontrol-api/internal/bootstrap/cli/budget.go:607.83,609.3 1 0
github.com/jailtonjunior94/financialcontrol-api/internal/bootstrap/cli/budget.go:611.2,611.39 1 0
github.com/jailtonjunior94/financialcontrol-api/internal/bootstrap/cli/budget.go:611.39,612.40 1 0
github.com/jailtonjunior94/financialcontrol-api/internal/bootstrap/cli/budget.go:612.40,613.12 1 0
github.com/jailtonjunior94/financialcontrol-api/internal/bootstrap/cli/budget.go:615.3,615.30 1 0
github.com/jailtonjunior94/financialcontrol-api/internal/bootstrap/cli/budget.go:615.30,623.4 2 0
github.com/jailtonjunior94/financialcontrol-api/internal/bootstrap/cli/budget.go:627.2,627.45 1 0
github.com/jailtonjunior94/financialcontrol-api/internal/bootstrap/cli/budget.go:627.45,628.36 1 0
github.com/jailtonjunior94/financialcontrol-api/internal/bootstrap/cli/budget.go:628.36,629.52 1 0
github.com/jailtonjunior94/financialcontrol-api/internal/bootstrap/cli/budget.go:629.52,637.5 2 0
github.com/jailtonjunior94/financialcontrol-api/internal/bootstrap/cli/budget.go:639.8,639.56 1 0
github.com/jailtonjunior94/financialcontrol-api/internal/bootstrap/cli/budget.go:639.56,640.36 1 0
github.com/jailtonjunior94/financialcontrol-api/internal/bootstrap/cli/budget.go:640.36,641.53 1 0
github.com/jailtonjunior94/financialcontrol-api/internal/bootstrap/cli/budget.go:641.53,649.5 2 0
github.com/jailtonjunior94/financialcontrol-api/internal/bootstrap/cli/budget.go:653.2,654.63 2 0
github.com/jailtonjunior94/financialcontrol-api/internal/bootstrap/cli/budget.go:657.42,660.2 2 0
github.com/jailtonjunior94/financialcontrol-api/internal/bootstrap/cli/budget.go:662.52,664.2 1 0
github.com/jailtonjunior94/financialcontrol-api/internal/bootstrap/cli/root.go:11.22,13.2 1 0
github.com/jailtonjunior94/financialcontrol-api/internal/bootstrap/cli/root.go:15.47,19.55 1 1
github.com/jailtonjunior94/financialcontrol-api/internal/bootstrap/cli/root.go:19.55,21.4 1 1
github.com/jailtonjunior94/financialcontrol-api/internal/bootstrap/cli/root.go:24.2,26.13 2 1
github.com/jailtonjunior94/financialcontrol-api/internal/bootstrap/cli/runners.go:11.34,13.2 1 0
github.com/jailtonjunior94/financialcontrol-api/internal/bootstrap/cli/runners.go:15.40,17.2 1 0
github.com/jailtonjunior94/financialcontrol-api/internal/bootstrap/cli/runners.go:19.54,22.2 2 0
github.com/jailtonjunior94/financialcontrol-api/internal/bootstrap/cli/runners.go:24.68,27.2 2 0
github.com/jailtonjunior94/financialcontrol-api/internal/bootstrap/cli/runners.go:29.61,32.2 2 0
github.com/jailtonjunior94/financialcontrol-api/internal/bootstrap/cli/runners.go:34.58,37.2 2 0
github.com/jailtonjunior94/financialcontrol-api/internal/bootstrap/cli/runners.go:39.55,42.2 2 0
github.com/jailtonjunior94/financialcontrol-api/internal/bootstrap/cli/runners.go:44.81,47.2 2 0
github.com/jailtonjunior94/financialcontrol-api/internal/bootstrap/cli/runners.go:49.38,52.2 2 0
github.com/jailtonjunior94/financialcontrol-api/internal/bootstrap/cli/sync.go:11.16,27.2 11 0
github.com/jailtonjunior94/financialcontrol-api/internal/bootstrap/http/http.go:15.65,26.2 5 1
github.com/jailtonjunior94/financialcontrol-api/internal/bootstrap/http/http.go:28.35,30.2 1 0
github.com/jailtonjunior94/financialcontrol-api/internal/bootstrap/http/http.go:32.24,37.2 3 0
github.com/jailtonjunior94/financialcontrol-api/internal/bootstrap/http/http.go:39.78,41.2 1 1
github.com/jailtonjunior94/financialcontrol-api/internal/bootstrap/container/container.go:59.62,113.2 29 0
github.com/jailtonjunior94/financialcontrol-api/internal/bootstrap/container/container.go:115.32,118.2 2 0
github.com/jailtonjunior94/financialcontrol-api/internal/domain/entities/bill.go:19.40,22.2 2 0
github.com/jailtonjunior94/financialcontrol-api/internal/domain/entities/bill.go:24.51,26.2 1 0
github.com/jailtonjunior94/financialcontrol-api/internal/domain/entities/bill.go:28.33,33.2 4 0
github.com/jailtonjunior94/financialcontrol-api/internal/domain/entities/bill.go:35.27,38.27 2 0
github.com/jailtonjunior94/financialcontrol-api/internal/domain/entities/bill.go:38.27,40.3 1 0
github.com/jailtonjunior94/financialcontrol-api/internal/domain/entities/bill.go:42.2,42.35 1 0
github.com/jailtonjunior94/financialcontrol-api/internal/domain/entities/bill.go:42.35,44.3 1 0
github.com/jailtonjunior94/financialcontrol-api/internal/domain/entities/bill.go:46.2,46.17 1 0
github.com/jailtonjunior94/financialcontrol-api/internal/domain/entities/bill.go:49.34,51.2 1 0
github.com/jailtonjunior94/financialcontrol-api/internal/domain/entities/bill.go:53.34,55.2 1 0
github.com/jailtonjunior94/financialcontrol-api/internal/domain/entities/bill_item.go:11.69,16.2 4 0
github.com/jailtonjunior94/financialcontrol-api/internal/domain/entities/bill_item.go:18.56,22.2 3 0
github.com/jailtonjunior94/financialcontrol-api/internal/domain/entities/bill_item.go:24.46,27.2 2 0
github.com/jailtonjunior94/financialcontrol-api/internal/domain/entities/budget.go:29.62,34.2 1 0
github.com/jailtonjunior94/financialcontrol-api/internal/domain/entities/budget.go:36.53,41.2 4 0
github.com/jailtonjunior94/financialcontrol-api/internal/domain/entities/budget.go:43.40,44.31 1 0
github.com/jailtonjunior94/financialcontrol-api/internal/domain/entities/budget.go:44.31,46.3 1 0
github.com/jailtonjunior94/financialcontrol-api/internal/domain/entities/budget.go:49.44,50.31 1 0
github.com/jailtonjunior94/financialcontrol-api/internal/domain/entities/budget.go:50.31,52.3 1 0
github.com/jailtonjunior94/financialcontrol-api/internal/domain/entities/budget.go:55.50,57.31 2 0
github.com/jailtonjunior94/financialcontrol-api/internal/domain/entities/budget.go:57.31,59.3 1 0
github.com/jailtonjunior94/financialcontrol-api/internal/domain/entities/budget.go:60.2,60.45 1 0
github.com/jailtonjunior94/financialcontrol-api/internal/domain/entities/budget.go:63.96,75.2 3 0
github.com/jailtonjunior94/financialcontrol-api/internal/domain/entities/budget.go:77.44,79.2 1 0
github.com/jailtonjunior94/financialcontrol-api/internal/domain/entities/budget.go:81.54,87.2 4 0
github.com/jailtonjunior94/financialcontrol-api/internal/domain/entities/card.go:23.112,36.2 3 0
github.com/jailtonjunior94/financialcontrol-api/internal/domain/entities/card.go:38.107,46.2 7 0
github.com/jailtonjunior94/financialcontrol-api/internal/domain/entities/card.go:48.42,51.2 2 0
github.com/jailtonjunior94/financialcontrol-api/internal/domain/entities/card.go:53.35,59.2 4 0
github.com/jailtonjunior94/financialcontrol-api/internal/domain/entities/entity.go:18.30,23.2 4 0
github.com/jailtonjunior94/financialcontrol-api/internal/domain/entities/entity.go:25.36,27.2 1 0
github.com/jailtonjunior94/financialcontrol-api/internal/domain/entities/entity.go:29.44,31.2 1 0
github.com/jailtonjunior94/financialcontrol-api/internal/domain/entities/invoice.go:19.72,28.2 3 0
github.com/jailtonjunior94/financialcontrol-api/internal/domain/entities/invoice.go:30.63,32.2 1 0
github.com/jailtonjunior94/financialcontrol-api/internal/domain/entities/invoice.go:34.36,37.2 2 0
github.com/jailtonjunior94/financialcontrol-api/internal/domain/entities/invoice.go:39.30,42.30 2 0
github.com/jailtonjunior94/financialcontrol-api/internal/domain/entities/invoice.go:42.30,44.3 1 0
github.com/jailtonjunior94/financialcontrol-api/internal/domain/entities/invoice.go:46.2,46.41 1 0
github.com/jailtonjunior94/financialcontrol-api/internal/domain/entities/invoice.go:46.41,48.3 1 0
github.com/jailtonjunior94/financialcontrol-api/internal/domain/entities/invoice.go:50.2,50.17 1 0
github.com/jailtonjunior94/financialcontrol-api/internal/domain/entities/invoice_item.go:24.128,36.2 3 0
github.com/jailtonjunior94/financialcontrol-api/internal/domain/entities/invoice_item.go:38.103,42.2 3 0
github.com/jailtonjunior94/financialcontrol-api/internal/domain/entities/invoice_item.go:44.65,52.2 1 0
github.com/jailtonjunior94/financialcontrol-api/internal/domain/entities/transaction.go:21.65,29.2 3 0
github.com/jailtonjunior94/financialcontrol-api/internal/domain/entities/transaction.go:31.107,42.2 3 0
github.com/jailtonjunior94/financialcontrol-api/internal/domain/entities/transaction.go:44.57,46.2 1 0
github.com/jailtonjunior94/financialcontrol-api/internal/domain/entities/transaction.go:48.40,51.2 2 0
github.com/jailtonjunior94/financialcontrol-api/internal/domain/entities/transaction.go:53.42,56.2 2 0
github.com/jailtonjunior94/financialcontrol-api/internal/domain/entities/transaction.go:58.44,59.50 1 0
github.com/jailtonjunior94/financialcontrol-api/internal/domain/entities/transaction.go:59.50,61.3 1 0
github.com/jailtonjunior94/financialcontrol-api/internal/domain/entities/transaction.go:63.2,64.23 2 0
github.com/jailtonjunior94/financialcontrol-api/internal/domain/entities/transaction.go:64.23,66.3 1 0
github.com/jailtonjunior94/financialcontrol-api/internal/domain/entities/transaction.go:68.2,69.28 2 0
github.com/jailtonjunior94/financialcontrol-api/internal/domain/entities/transaction.go:69.28,71.3 1 0
github.com/jailtonjunior94/financialcontrol-api/internal/domain/entities/transaction.go:73.2,73.28 1 0
github.com/jailtonjunior94/financialcontrol-api/internal/domain/entities/transaction.go:76.57,79.2 2 0
github.com/jailtonjunior94/financialcontrol-api/internal/domain/entities/transaction.go:81.44,82.51 1 0
github.com/jailtonjunior94/financialcontrol-api/internal/domain/entities/transaction.go:82.51,84.3 1 0
github.com/jailtonjunior94/financialcontrol-api/internal/domain/entities/transaction.go:86.2,87.24 2 0
github.com/jailtonjunior94/financialcontrol-api/internal/domain/entities/transaction.go:87.24,89.3 1 0
github.com/jailtonjunior94/financialcontrol-api/internal/domain/entities/transaction.go:91.2,92.29 2 0
github.com/jailtonjunior94/financialcontrol-api/internal/domain/entities/transaction.go:92.29,94.3 1 0
github.com/jailtonjunior94/financialcontrol-api/internal/domain/entities/transaction.go:96.2,96.30 1 0
github.com/jailtonjunior94/financialcontrol-api/internal/domain/entities/transaction.go:99.59,102.2 2 0
github.com/jailtonjunior94/financialcontrol-api/internal/domain/entities/transaction.go:104.90,105.23 1 0
github.com/jailtonjunior94/financialcontrol-api/internal/domain/entities/transaction.go:105.23,106.14 1 0
github.com/jailtonjunior94/financialcontrol-api/internal/domain/entities/transaction.go:106.14,108.4 1 0
github.com/jailtonjunior94/financialcontrol-api/internal/domain/entities/transaction.go:110.2,110.8 1 0
github.com/jailtonjunior94/financialcontrol-api/internal/domain/entities/transaction_item.go:14.91,25.2 3 0
github.com/jailtonjunior94/financialcontrol-api/internal/domain/entities/transaction_item.go:27.83,32.2 4 0
github.com/jailtonjunior94/financialcontrol-api/internal/domain/entities/transaction_item.go:34.53,37.2 2 0
github.com/jailtonjunior94/financialcontrol-api/internal/domain/entities/transaction_item.go:39.49,42.2 2 0
github.com/jailtonjunior94/financialcontrol-api/internal/domain/entities/user.go:10.50,19.2 3 0
github.com/jailtonjunior94/financialcontrol-api/internal/http/middlewares/auth.go:9.32,11.2 1 0
github.com/jailtonjunior94/financialcontrol-api/internal/domain/events/event_dispatcher.go:17.44,21.2 1 0
github.com/jailtonjunior94/financialcontrol-api/internal/domain/events/event_dispatcher.go:23.72,24.24 1 0
github.com/jailtonjunior94/financialcontrol-api/internal/domain/events/event_dispatcher.go:24.24,26.3 1 0
github.com/jailtonjunior94/financialcontrol-api/internal/domain/events/event_dispatcher.go:27.2,27.59 1 0
github.com/jailtonjunior94/financialcontrol-api/internal/domain/events/event_dispatcher.go:30.49,31.24 1 0
github.com/jailtonjunior94/financialcontrol-api/internal/domain/events/event_dispatcher.go:31.24,33.3 1 0
github.com/jailtonjunior94/financialcontrol-api/internal/domain/events/event_dispatcher.go:35.2,35.55 1 0
github.com/jailtonjunior94/financialcontrol-api/internal/domain/events/event_dispatcher.go:35.55,38.3 2 0
github.com/jailtonjunior94/financialcontrol-api/internal/domain/events/invoice_changed_event.go:7.68,11.2 1 0
github.com/jailtonjunior94/financialcontrol-api/internal/domain/events/invoice_changed_event.go:13.47,15.2 1 0
github.com/jailtonjunior94/financialcontrol-api/internal/domain/events/invoice_changed_event.go:17.53,19.2 1 0
github.com/jailtonjunior94/financialcontrol-api/internal/http/controllers/auth.go:17.89,19.2 1 0
github.com/jailtonjunior94/financialcontrol-api/internal/http/controllers/auth.go:21.59,23.46 2 0
github.com/jailtonjunior94/financialcontrol-api/internal/http/controllers/auth.go:23.46,25.3 1 0
github.com/jailtonjunior94/financialcontrol-api/internal/http/controllers/auth.go:27.2,27.42 1 0
github.com/jailtonjunior94/financialcontrol-api/internal/http/controllers/auth.go:27.42,29.3 1 0
github.com/jailtonjunior94/financialcontrol-api/internal/http/controllers/auth.go:31.2,32.58 2 0
github.com/jailtonjunior94/financialcontrol-api/internal/http/controllers/auth.go:35.49,37.16 2 0
github.com/jailtonjunior94/financialcontrol-api/internal/http/controllers/auth.go:37.16,39.3 1 0
github.com/jailtonjunior94/financialcontrol-api/internal/http/controllers/auth.go:41.2,42.58 2 0
github.com/jailtonjunior94/financialcontrol-api/internal/http/controllers/bill.go:15.65,17.2 1 0
github.com/jailtonjunior94/financialcontrol-api/internal/http/controllers/bill.go:19.52,22.2 2 0
github.com/jailtonjunior94/financialcontrol-api/internal/http/controllers/bill.go:24.55,27.2 2 0
[...]
github.com/jailtonjunior94/financialcontrol-api/internal/modules/identity/http/auth_controller.go:24.46,26.3 1 0
github.com/jailtonjunior94/financialcontrol-api/internal/modules/identity/http/auth_controller.go:28.2,28.42 1 1
github.com/jailtonjunior94/financialcontrol-api/internal/modules/identity/http/auth_controller.go:28.42,30.3 1 0
github.com/jailtonjunior94/financialcontrol-api/internal/modules/identity/http/auth_controller.go:32.2,33.58 2 1
github.com/jailtonjunior94/financialcontrol-api/internal/modules/identity/http/auth_controller.go:36.49,38.16 2 1
github.com/jailtonjunior94/financialcontrol-api/internal/modules/identity/http/auth_controller.go:38.16,40.3 1 1
github.com/jailtonjunior94/financialcontrol-api/internal/modules/identity/http/auth_controller.go:42.2,43.58 2 0
github.com/jailtonjunior94/financialcontrol-api/internal/modules/identity/http/claims.go:13.78,15.2 1 0
github.com/jailtonjunior94/financialcontrol-api/internal/modules/identity/http/claims.go:17.90,19.16 2 0
github.com/jailtonjunior94/financialcontrol-api/internal/modules/identity/http/claims.go:19.16,21.3 1 0
github.com/jailtonjunior94/financialcontrol-api/internal/modules/identity/http/claims.go:23.2,23.21 1 0
github.com/jailtonjunior94/financialcontrol-api/internal/modules/identity/http/routes.go:9.69,12.2 2 0
github.com/jailtonjunior94/financialcontrol-api/internal/modules/identity/http/routes.go:14.69,16.2 1 0
github.com/jailtonjunior94/financialcontrol-api/internal/modules/identity/http/user_controller.go:14.73,16.2 1 0
github.com/jailtonjunior94/financialcontrol-api/internal/modules/identity/http/user_controller.go:18.53,20.46 2 0
github.com/jailtonjunior94/financialcontrol-api/internal/modules/identity/http/user_controller.go:20.46,22.3 1 0
github.com/jailtonjunior94/financialcontrol-api/internal/modules/identity/http/user_controller.go:24.2,24.42 1 0
github.com/jailtonjunior94/financialcontrol-api/internal/modules/identity/http/user_controller.go:24.42,26.3 1 0
github.com/jailtonjunior94/financialcontrol-api/internal/modules/identity/http/user_controller.go:28.2,29.58 2 0
github.com/jailtonjunior94/financialcontrol-api/internal/modules/registry.go:18.59,28.2 1 1
github.com/jailtonjunior94/financialcontrol-api/internal/modules/registry.go:30.81,31.47 1 0
github.com/jailtonjunior94/financialcontrol-api/internal/modules/registry.go:31.47,32.39 1 0
github.com/jailtonjunior94/financialcontrol-api/internal/modules/registry.go:32.39,33.12 1 0
github.com/jailtonjunior94/financialcontrol-api/internal/modules/registry.go:36.3,36.47 1 0
github.com/jailtonjunior94/financialcontrol-api/internal/modules/registry.go:40.74,41.47 1 0
github.com/jailtonjunior94/financialcontrol-api/internal/modules/registry.go:41.47,42.38 1 0
github.com/jailtonjunior94/financialcontrol-api/internal/modules/registry.go:42.38,43.12 1 0
github.com/jailtonjunior94/financialcontrol-api/internal/modules/registry.go:46.3,46.42 1 0
github.com/jailtonjunior94/financialcontrol-api/internal/modules/cards/application/card_service.go:12.60,14.2 1 1
github.com/jailtonjunior94/financialcontrol-api/internal/modules/cards/application/card_service.go:16.75,18.16 2 1
github.com/jailtonjunior94/financialcontrol-api/internal/modules/cards/application/card_service.go:18.16,20.3 1 1
github.com/jailtonjunior94/financialcontrol-api/internal/modules/cards/application/card_service.go:22.2,22.48 1 0
github.com/jailtonjunior94/financialcontrol-api/internal/modules/cards/application/card_service.go:25.82,27.16 2 1
github.com/jailtonjunior94/financialcontrol-api/internal/modules/cards/application/card_service.go:27.16,29.3 1 0
github.com/jailtonjunior94/financialcontrol-api/internal/modules/cards/application/card_service.go:31.2,31.17 1 1
github.com/jailtonjunior94/financialcontrol-api/internal/modules/cards/application/card_service.go:31.17,33.3 1 1
github.com/jailtonjunior94/financialcontrol-api/internal/modules/cards/application/card_service.go:35.2,35.43 1 0
github.com/jailtonjunior94/financialcontrol-api/internal/modules/cards/application/card_service.go:38.102,40.16 2 1
github.com/jailtonjunior94/financialcontrol-api/internal/modules/cards/application/card_service.go:40.16,42.3 1 0
github.com/jailtonjunior94/financialcontrol-api/internal/modules/cards/application/card_service.go:44.2,44.48 1 1
github.com/jailtonjunior94/financialcontrol-api/internal/modules/cards/application/card_service.go:47.106,49.16 2 0
github.com/jailtonjunior94/financialcontrol-api/internal/modules/cards/application/card_service.go:49.16,51.3 1 0
github.com/jailtonjunior94/financialcontrol-api/internal/modules/cards/application/card_service.go:53.2,53.17 1 0
github.com/jailtonjunior94/financialcontrol-api/internal/modules/cards/application/card_service.go:53.17,55.3 1 0
github.com/jailtonjunior94/financialcontrol-api/internal/modules/cards/application/card_service.go:57.2,58.57 2 0
github.com/jailtonjunior94/financialcontrol-api/internal/modules/cards/application/card_service.go:58.57,60.3 1 0
github.com/jailtonjunior94/financialcontrol-api/internal/modules/cards/application/card_service.go:62.2,62.43 1 0
github.com/jailtonjunior94/financialcontrol-api/internal/modules/cards/application/card_service.go:65.84,67.16 2 1
github.com/jailtonjunior94/financialcontrol-api/internal/modules/cards/application/card_service.go:67.16,69.3 1 0
github.com/jailtonjunior94/financialcontrol-api/internal/modules/cards/application/card_service.go:71.2,71.17 1 1
github.com/jailtonjunior94/financialcontrol-api/internal/modules/cards/application/card_service.go:71.17,73.3 1 0
github.com/jailtonjunior94/financialcontrol-api/internal/modules/cards/application/card_service.go:75.2,76.57 2 1
github.com/jailtonjunior94/financialcontrol-api/internal/modules/cards/application/card_service.go:76.57,78.3 1 0
github.com/jailtonjunior94/financialcontrol-api/internal/modules/cards/application/card_service.go:80.2,80.30 1 1
github.com/jailtonjunior94/financialcontrol-api/internal/modules/cards/application/mappings.go:5.71,15.2 1 1
github.com/jailtonjunior94/financialcontrol-api/internal/modules/cards/application/mappings.go:17.56,33.2 1 1
github.com/jailtonjunior94/financialcontrol-api/internal/modules/cards/application/mappings.go:35.63,36.21 1 0
github.com/jailtonjunior94/financialcontrol-api/internal/modules/cards/application/mappings.go:36.21,38.3 1 0
github.com/jailtonjunior94/financialcontrol-api/internal/modules/cards/application/mappings.go:40.2,41.29 2 0
github.com/jailtonjunior94/financialcontrol-api/internal/modules/cards/application/mappings.go:41.29,43.3 1 0
github.com/jailtonjunior94/financialcontrol-api/internal/modules/cards/application/mappings.go:45.2,45.15 1 0
github.com/jailtonjunior94/financialcontrol-api/internal/modules/cards/application/requests.go:18.39,19.18 1 0
github.com/jailtonjunior94/financialcontrol-api/internal/modules/cards/application/requests.go:19.18,21.3 1 0
github.com/jailtonjunior94/financialcontrol-api/internal/modules/cards/application/requests.go:23.2,23.12 1 0
github.com/jailtonjunior94/financialcontrol-api/internal/modules/identity/registration.go:11.56,14.84 1 0
github.com/jailtonjunior94/financialcontrol-api/internal/modules/identity/registration.go:14.84,17.4 2 0
github.com/jailtonjunior94/financialcontrol-api/internal/modules/cards/http/card_controller.go:15.101,20.2 1 1
github.com/jailtonjunior94/financialcontrol-api/internal/modules/cards/http/card_controller.go:22.54,24.16 2 1
github.com/jailtonjunior94/financialcontrol-api/internal/modules/cards/http/card_controller.go:24.16,26.3 1 1
github.com/jailtonjunior94/financialcontrol-api/internal/modules/cards/http/card_controller.go:28.2,29.60 2 0
github.com/jailtonjunior94/financialcontrol-api/internal/modules/cards/http/card_controller.go:32.57,34.16 2 0
github.com/jailtonjunior94/financialcontrol-api/internal/modules/cards/http/card_controller.go:34.16,36.3 1 0
github.com/jailtonjunior94/financialcontrol-api/internal/modules/cards/http/card_controller.go:38.2,39.60 2 0
github.com/jailtonjunior94/financialcontrol-api/internal/modules/cards/http/card_controller.go:42.59,44.16 2 1
github.com/jailtonjunior94/financialcontrol-api/internal/modules/cards/http/card_controller.go:44.16,46.3 1 0
github.com/jailtonjunior94/financialcontrol-api/internal/modules/cards/http/card_controller.go:48.2,49.72 2 1
github.com/jailtonjunior94/financialcontrol-api/internal/modules/cards/http/card_controller.go:49.72,51.3 1 0
github.com/jailtonjunior94/financialcontrol-api/internal/modules/cards/http/card_controller.go:53.2,54.60 2 1
github.com/jailtonjunior94/financialcontrol-api/internal/modules/cards/http/card_controller.go:57.59,59.72 2 0
github.com/jailtonjunior94/financialcontrol-api/internal/modules/cards/http/card_controller.go:59.72,61.3 1 0
github.com/jailtonjunior94/financialcontrol-api/internal/modules/cards/http/card_controller.go:63.2,64.16 2 0
github.com/jailtonjunior94/financialcontrol-api/internal/modules/cards/http/card_controller.go:64.16,66.3 1 0
github.com/jailtonjunior94/financialcontrol-api/internal/modules/cards/http/card_controller.go:68.2,69.60 2 0
github.com/jailtonjunior94/financialcontrol-api/internal/modules/cards/http/card_controller.go:72.59,74.16 2 0
github.com/jailtonjunior94/financialcontrol-api/internal/modules/cards/http/card_controller.go:74.16,76.3 1 0
github.com/jailtonjunior94/financialcontrol-api/internal/modules/cards/http/card_controller.go:78.2,79.60 2 0
github.com/jailtonjunior94/financialcontrol-api/internal/modules/cards/http/card_controller.go:82.103,83.48 1 1
github.com/jailtonjunior94/financialcontrol-api/internal/modules/cards/http/card_controller.go:83.48,85.3 1 0
github.com/jailtonjunior94/financialcontrol-api/internal/modules/cards/http/card_controller.go:87.2,87.42 1 1
github.com/jailtonjunior94/financialcontrol-api/internal/modules/cards/http/card_controller.go:87.42,89.3 1 0
github.com/jailtonjunior94/financialcontrol-api/internal/modules/cards/http/card_controller.go:91.2,91.35 1 1
github.com/jailtonjunior94/financialcontrol-api/internal/modules/cards/http/claims.go:13.83,15.2 1 0
github.com/jailtonjunior94/financialcontrol-api/internal/modules/cards/http/claims.go:17.82,19.16 2 0
github.com/jailtonjunior94/financialcontrol-api/internal/modules/cards/http/claims.go:19.16,21.3 1 0
github.com/jailtonjunior94/financialcontrol-api/internal/modules/cards/http/claims.go:23.2,23.21 1 0
github.com/jailtonjunior94/financialcontrol-api/internal/modules/cards/http/routes.go:10.69,16.2 5 0
github.com/jailtonjunior94/financialcontrol-api/internal/modules/invoicing/registration.go:11.56,14.84 1 0
github.com/jailtonjunior94/financialcontrol-api/internal/modules/invoicing/registration.go:14.84,16.4 1 0
github.com/jailtonjunior94/financialcontrol-api/internal/modules/identity/domain/user.go:7.50,9.2 1 0
github.com/jailtonjunior94/financialcontrol-api/internal/modules/catalog/application/category_service.go:9.72,11.2 1 1
github.com/jailtonjunior94/financialcontrol-api/internal/modules/catalog/application/category_service.go:13.71,15.16 2 1
github.com/jailtonjunior94/financialcontrol-api/internal/modules/catalog/application/category_service.go:15.16,17.3 1 1
github.com/jailtonjunior94/financialcontrol-api/internal/modules/catalog/application/category_service.go:19.2,19.57 1 1
github.com/jailtonjunior94/financialcontrol-api/internal/modules/catalog/application/flag_service.go:9.60,11.2 1 1
github.com/jailtonjunior94/financialcontrol-api/internal/modules/catalog/application/flag_service.go:13.62,15.16 2 1
github.com/jailtonjunior94/financialcontrol-api/internal/modules/catalog/application/flag_service.go:15.16,17.3 1 1
github.com/jailtonjunior94/financialcontrol-api/internal/modules/catalog/application/flag_service.go:19.2,19.48 1 1
github.com/jailtonjunior94/financialcontrol-api/internal/modules/catalog/application/mappings.go:5.63,6.21 1 1
github.com/jailtonjunior94/financialcontrol-api/internal/modules/catalog/application/mappings.go:6.21,8.3 1 0
github.com/jailtonjunior94/financialcontrol-api/internal/modules/catalog/application/mappings.go:10.2,11.29 2 1
github.com/jailtonjunior94/financialcontrol-api/internal/modules/catalog/application/mappings.go:11.29,17.3 1 1
github.com/jailtonjunior94/financialcontrol-api/internal/modules/catalog/application/mappings.go:19.2,19.15 1 1
github.com/jailtonjunior94/financialcontrol-api/internal/modules/catalog/application/mappings.go:22.75,23.21 1 1
github.com/jailtonjunior94/financialcontrol-api/internal/modules/catalog/application/mappings.go:23.21,25.3 1 0
github.com/jailtonjunior94/financialcontrol-api/internal/modules/catalog/application/mappings.go:27.2,28.29 2 1
github.com/jailtonjunior94/financialcontrol-api/internal/modules/catalog/application/mappings.go:28.29,35.3 1 1
github.com/jailtonjunior94/financialcontrol-api/internal/modules/catalog/application/mappings.go:37.2,37.15 1 1
github.com/jailtonjunior94/financialcontrol-api/internal/modules/identity/infrastructure/user_repository.go:16.79,18.2 1 0
github.com/jailtonjunior94/financialcontrol-api/internal/modules/identity/infrastructure/user_repository.go:20.87,22.16 2 0
github.com/jailtonjunior94/financialcontrol-api/internal/modules/identity/infrastructure/user_repository.go:22.16,24.3 1 0
github.com/jailtonjunior94/financialcontrol-api/internal/modules/identity/infrastructure/user_repository.go:25.2,25.15 1 0
github.com/jailtonjunior94/financialcontrol-api/internal/modules/identity/infrastructure/user_repository.go:25.15,27.3 1 0
github.com/jailtonjunior94/financialcontrol-api/internal/modules/identity/infrastructure/user_repository.go:29.2,38.57 2 0
github.com/jailtonjunior94/financialcontrol-api/internal/modules/identity/infrastructure/user_repository.go:38.57,40.3 1 0
github.com/jailtonjunior94/financialcontrol-api/internal/modules/identity/infrastructure/user_repository.go:42.2,42.18 1 0
github.com/jailtonjunior94/financialcontrol-api/internal/modules/identity/infrastructure/user_repository.go:45.81,50.132 4 0
github.com/jailtonjunior94/financialcontrol-api/internal/modules/identity/infrastructure/user_repository.go:50.132,52.3 1 0
github.com/jailtonjunior94/financialcontrol-api/internal/modules/identity/infrastructure/user_repository.go:54.2,54.18 1 0
github.com/jailtonjunior94/financialcontrol-api/internal/modules/identity/infrastructure/user_repository.go:57.75,62.132 4 0
github.com/jailtonjunior94/financialcontrol-api/internal/modules/identity/infrastructure/user_repository.go:62.132,64.3 1 0
github.com/jailtonjunior94/financialcontrol-api/internal/modules/identity/infrastructure/user_repository.go:66.2,66.18 1 0
github.com/jailtonjunior94/financialcontrol-api/internal/modules/catalog/http/category_controller.go:13.84,15.2 1 1
github.com/jailtonjunior94/financialcontrol-api/internal/modules/catalog/http/category_controller.go:17.63,20.2 2 1
github.com/jailtonjunior94/financialcontrol-api/internal/modules/catalog/http/flag_controller.go:13.72,15.2 1 1
github.com/jailtonjunior94/financialcontrol-api/internal/modules/catalog/http/flag_controller.go:17.54,20.2 2 0
github.com/jailtonjunior94/financialcontrol-api/internal/modules/catalog/http/routes.go:10.69,12.2 1 1
github.com/jailtonjunior94/financialcontrol-api/internal/modules/catalog/http/routes.go:14.77,16.2 1 0
github.com/jailtonjunior94/financialcontrol-api/internal/modules/transactions/registration.go:11.56,14.84 1 0
github.com/jailtonjunior94/financialcontrol-api/internal/modules/transactions/registration.go:14.84,16.4 1 0
github.com/jailtonjunior94/financialcontrol-api/internal/modules/planning/registration.go:12.56,15.77 1 0
github.com/jailtonjunior94/financialcontrol-api/internal/modules/planning/registration.go:15.77,25.4 1 0
github.com/jailtonjunior94/financialcontrol-api/internal/modules/planning/registration.go:29.67,35.55 2 0
github.com/jailtonjunior94/financialcontrol-api/internal/modules/planning/registration.go:35.55,37.4 1 0
github.com/jailtonjunior94/financialcontrol-api/internal/modules/planning/registration.go:39.2,40.12 2 0
github.com/jailtonjunior94/financialcontrol-api/internal/modules/planning/registration.go:43.81,49.55 2 0
github.com/jailtonjunior94/financialcontrol-api/internal/modules/planning/registration.go:49.55,51.4 1 0
github.com/jailtonjunior94/financialcontrol-api/internal/modules/planning/registration.go:53.2,54.12 2 0
github.com/jailtonjunior94/financialcontrol-api/internal/modules/planning/registration.go:57.74,63.55 2 0
github.com/jailtonjunior94/financialcontrol-api/internal/modules/planning/registration.go:63.55,65.4 1 0
github.com/jailtonjunior94/financialcontrol-api/internal/modules/planning/registration.go:67.2,68.12 2 0
github.com/jailtonjunior94/financialcontrol-api/internal/modules/planning/registration.go:71.71,77.55 2 0
github.com/jailtonjunior94/financialcontrol-api/internal/modules/planning/registration.go:77.55,79.4 1 0
github.com/jailtonjunior94/financialcontrol-api/internal/modules/planning/registration.go:81.2,82.12 2 0
github.com/jailtonjunior94/financialcontrol-api/internal/modules/planning/registration.go:85.68,91.55 2 0
github.com/jailtonjunior94/financialcontrol-api/internal/modules/planning/registration.go:91.55,93.4 1 0
github.com/jailtonjunior94/financialcontrol-api/internal/modules/planning/registration.go:95.2,96.12 2 0
github.com/jailtonjunior94/financialcontrol-api/internal/modules/planning/registration.go:99.75,106.55 3 0
github.com/jailtonjunior94/financialcontrol-api/internal/modules/planning/registration.go:106.55,107.27 1 0
github.com/jailtonjunior94/financialcontrol-api/internal/modules/planning/registration.go:107.27,109.5 1 0
github.com/jailtonjunior94/financialcontrol-api/internal/modules/planning/registration.go:111.4,111.69 1 0
github.com/jailtonjunior94/financialcontrol-api/internal/modules/planning/registration.go:114.2,116.12 3 0
github.com/jailtonjunior94/financialcontrol-api/internal/modules/planning/registration.go:119.65,123.55 1 0
github.com/jailtonjunior94/financialcontrol-api/internal/modules/planning/registration.go:123.55,125.4 1 0
github.com/jailtonjunior94/financialcontrol-api/internal/modules/planning/registration.go:129.40,130.17 1 0
github.com/jailtonjunior94/financialcontrol-api/internal/modules/planning/registration.go:130.17,132.3 1 0
github.com/jailtonjunior94/financialcontrol-api/internal/modules/planning/registration.go:134.2,135.16 2 0
github.com/jailtonjunior94/financialcontrol-api/internal/modules/planning/registration.go:135.16,137.3 1 0
github.com/jailtonjunior94/financialcontrol-api/internal/modules/planning/registration.go:139.2,139.13 1 0
github.com/jailtonjunior94/financialcontrol-api/internal/platform/http/router.go:10.78,13.2 2 0
github.com/jailtonjunior94/financialcontrol-api/internal/shared/filter.go:3.51,5.26 2 0
github.com/jailtonjunior94/financialcontrol-api/internal/shared/filter.go:5.26,6.11 1 0
github.com/jailtonjunior94/financialcontrol-api/internal/shared/filter.go:6.11,8.4 1 0
github.com/jailtonjunior94/financialcontrol-api/internal/shared/filter.go:10.2,10.10 1 0
github.com/jailtonjunior94/financialcontrol-api/internal/shared/time.go:17.40,19.16 2 0
github.com/jailtonjunior94/financialcontrol-api/internal/shared/time.go:19.16,21.3 1 0
github.com/jailtonjunior94/financialcontrol-api/internal/shared/time.go:23.2,25.25 2 0
github.com/jailtonjunior94/financialcontrol-api/internal/shared/time.go:25.25,29.3 3 0
github.com/jailtonjunior94/financialcontrol-api/internal/shared/time.go:31.2,34.3 1 0
github.com/jailtonjunior94/financialcontrol-api/internal/shared/time.go:37.45,39.2 1 0
github.com/jailtonjunior94/financialcontrol-api/internal/shared/time.go:41.38,43.2 1 0
github.com/jailtonjunior94/financialcontrol-api/internal/shared/time.go:45.36,47.2 1 0
github.com/jailtonjunior94/financialcontrol-api/internal/shared/time.go:49.39,51.2 1 0
github.com/jailtonjunior94/financialcontrol-api/internal/shared/time.go:53.59,55.2 1 0
github.com/jailtonjunior94/financialcontrol-api/internal/shared/time.go:57.43,62.2 3 0
