mode: set
github.com/jailtonjunior94/financialcontrol-api/internal/bootstrap/cli/root.go:11.22,13.2 1 0
github.com/jailtonjunior94/financialcontrol-api/internal/bootstrap/cli/root.go:15.47,19.55 1 1
github.com/jailtonjunior94/financialcontrol-api/internal/bootstrap/cli/root.go:19.55,21.4 1 1
github.com/jailtonjunior94/financialcontrol-api/internal/bootstrap/cli/root.go:24.2,26.13 2 1
github.com/jailtonjunior94/financialcontrol-api/internal/bootstrap/cli/runners.go:21.34,24.2 2 0
github.com/jailtonjunior94/financialcontrol-api/internal/bootstrap/cli/runners.go:30.87,35.2 4 0
github.com/jailtonjunior94/financialcontrol-api/internal/bootstrap/cli/runners.go:37.40,39.2 1 0
github.com/jailtonjunior94/financialcontrol-api/internal/bootstrap/cli/runners.go:41.54,43.2 1 0
github.com/jailtonjunior94/financialcontrol-api/internal/bootstrap/cli/runners.go:45.68,47.2 1 0
github.com/jailtonjunior94/financialcontrol-api/internal/bootstrap/cli/runners.go:49.61,51.2 1 0
github.com/jailtonjunior94/financialcontrol-api/internal/bootstrap/cli/runners.go:53.58,55.2 1 0
github.com/jailtonjunior94/financialcontrol-api/internal/bootstrap/cli/runners.go:57.55,59.2 1 0
github.com/jailtonjunior94/financialcontrol-api/internal/bootstrap/cli/runners.go:61.81,63.2 1 0
github.com/jailtonjunior94/financialcontrol-api/internal/bootstrap/cli/runners.go:65.38,67.2 1 0
github.com/jailtonjunior94/financialcontrol-api/internal/bootstrap/http/http.go:15.65,26.2 5 1
github.com/jailtonjunior94/financialcontrol-api/internal/bootstrap/http/http.go:28.35,30.2 1 0
github.com/jailtonjunior94/financialcontrol-api/internal/bootstrap/http/http.go:32.24,37.2 3 0
github.com/jailtonjunior94/financialcontrol-api/internal/bootstrap/http/http.go:39.78,41.2 1 1
github.com/jailtonjunior94/financialcontrol-api/internal/modules/registry.go:17.59,25.2 1 1
github.com/jailtonjunior94/financialcontrol-api/internal/modules/registry.go:27.81,35.47 3 0
github.com/jailtonjunior94/financialcontrol-api/internal/modules/registry.go:35.47,36.39 1 0
github.com/jailtonjunior94/financialcontrol-api/internal/modules/registry.go:36.39,37.12 1 0
github.com/jailtonjunior94/financialcontrol-api/internal/modules/registry.go:40.3,40.47 1 0
github.com/jailtonjunior94/financialcontrol-api/internal/modules/registry.go:44.74,45.47 1 0
github.com/jailtonjunior94/financialcontrol-api/internal/modules/registry.go:45.47,46.38 1 0
github.com/jailtonjunior94/financialcontrol-api/internal/modules/registry.go:46.38,47.12 1 0
github.com/jailtonjunior94/financialcontrol-api/internal/modules/registry.go:50.3,50.42 1 0
github.com/jailtonjunior94/financialcontrol-api/internal/modules/billing/registration.go:11.56,14.84 1 1
github.com/jailtonjunior94/financialcontrol-api/internal/modules/billing/registration.go:14.84,16.4 1 1
github.com/jailtonjunior94/financialcontrol-api/cmd/financialcontrol-api/main.go:9.13,10.47 1 0
github.com/jailtonjunior94/financialcontrol-api/cmd/financialcontrol-api/main.go:10.47,12.3 1 0
github.com/jailtonjunior94/financialcontrol-api/internal/modules/billing/domain/bill.go:19.40,22.2 2 0
github.com/jailtonjunior94/financialcontrol-api/internal/modules/billing/domain/bill.go:24.51,26.2 1 0
github.com/jailtonjunior94/financialcontrol-api/internal/modules/billing/domain/bill.go:28.33,33.2 4 0
github.com/jailtonjunior94/financialcontrol-api/internal/modules/billing/domain/bill.go:35.27,38.27 2 0
github.com/jailtonjunior94/financialcontrol-api/internal/modules/billing/domain/bill.go:38.27,40.3 1 0
github.com/jailtonjunior94/financialcontrol-api/internal/modules/billing/domain/bill.go:42.2,42.35 1 0
github.com/jailtonjunior94/financialcontrol-api/internal/modules/billing/domain/bill.go:42.35,44.3 1 0
github.com/jailtonjunior94/financialcontrol-api/internal/modules/billing/domain/bill.go:46.2,46.17 1 0
github.com/jailtonjunior94/financialcontrol-api/internal/modules/billing/domain/bill.go:49.34,51.2 1 0
github.com/jailtonjunior94/financialcontrol-api/internal/modules/billing/domain/bill.go:53.34,55.2 1 0
github.com/jailtonjunior94/financialcontrol-api/internal/modules/billing/domain/bill.go:65.69,70.2 4 0
github.com/jailtonjunior94/financialcontrol-api/internal/modules/billing/domain/bill.go:72.56,76.2 3 0
github.com/jailtonjunior94/financialcontrol-api/internal/modules/billing/domain/bill.go:78.46,81.2 2 0
github.com/jailtonjunior94/financialcontrol-api/internal/bootstrap/container/container.go:69.105,71.16 2 0
github.com/jailtonjunior94/financialcontrol-api/internal/bootstrap/container/container.go:71.16,73.3 1 0
github.com/jailtonjunior94/financialcontrol-api/internal/bootstrap/container/container.go:74.2,75.16 2 0
github.com/jailtonjunior94/financialcontrol-api/internal/bootstrap/container/container.go:75.16,77.3 1 0
github.com/jailtonjunior94/financialcontrol-api/internal/bootstrap/container/container.go:78.2,79.16 2 0
github.com/jailtonjunior94/financialcontrol-api/internal/bootstrap/container/container.go:79.16,81.3 1 0
github.com/jailtonjunior94/financialcontrol-api/internal/bootstrap/container/container.go:82.2,82.97 1 0
github.com/jailtonjunior94/financialcontrol-api/internal/bootstrap/container/container.go:85.62,98.16 4 0
github.com/jailtonjunior94/financialcontrol-api/internal/bootstrap/container/container.go:98.16,100.3 1 0
github.com/jailtonjunior94/financialcontrol-api/internal/bootstrap/container/container.go:102.2,103.16 2 0
github.com/jailtonjunior94/financialcontrol-api/internal/bootstrap/container/container.go:103.16,105.3 1 0
github.com/jailtonjunior94/financialcontrol-api/internal/bootstrap/container/container.go:106.2,155.10 27 0
github.com/jailtonjunior94/financialcontrol-api/internal/bootstrap/container/container.go:158.32,161.2 2 0
github.com/jailtonjunior94/financialcontrol-api/internal/modules/billing/infrastructure/bill_repository.go:16.68,18.2 1 0
github.com/jailtonjunior94/financialcontrol-api/internal/modules/billing/infrastructure/bill_repository.go:20.67,22.64 2 0
github.com/jailtonjunior94/financialcontrol-api/internal/modules/billing/infrastructure/bill_repository.go:22.64,24.3 1 0
github.com/jailtonjunior94/financialcontrol-api/internal/modules/billing/infrastructure/bill_repository.go:26.2,26.19 1 0
github.com/jailtonjunior94/financialcontrol-api/internal/modules/billing/infrastructure/bill_repository.go:29.78,34.26 4 0
github.com/jailtonjunior94/financialcontrol-api/internal/modules/billing/infrastructure/bill_repository.go:34.26,36.3 1 0
github.com/jailtonjunior94/financialcontrol-api/internal/modules/billing/infrastructure/bill_repository.go:37.2,37.16 1 0
github.com/jailtonjunior94/financialcontrol-api/internal/modules/billing/infrastructure/bill_repository.go:37.16,39.3 1 0
github.com/jailtonjunior94/financialcontrol-api/internal/modules/billing/infrastructure/bill_repository.go:41.2,41.18 1 0
github.com/jailtonjunior94/financialcontrol-api/internal/modules/billing/infrastructure/bill_repository.go:44.99,49.26 4 0
github.com/jailtonjunior94/financialcontrol-api/internal/modules/billing/infrastructure/bill_repository.go:49.26,51.3 1 0
github.com/jailtonjunior94/financialcontrol-api/internal/modules/billing/infrastructure/bill_repository.go:52.2,52.16 1 0
github.com/jailtonjunior94/financialcontrol-api/internal/modules/billing/infrastructure/bill_repository.go:52.16,54.3 1 0
github.com/jailtonjunior94/financialcontrol-api/internal/modules/billing/infrastructure/bill_repository.go:56.2,56.18 1 0
github.com/jailtonjunior94/financialcontrol-api/internal/modules/billing/infrastructure/bill_repository.go:59.89,61.16 2 0
github.com/jailtonjunior94/financialcontrol-api/internal/modules/billing/infrastructure/bill_repository.go:61.16,63.3 1 0
github.com/jailtonjunior94/financialcontrol-api/internal/modules/billing/infrastructure/bill_repository.go:64.2,64.15 1 0
github.com/jailtonjunior94/financialcontrol-api/internal/modules/billing/infrastructure/bill_repository.go:64.15,66.3 1 0
github.com/jailtonjunior94/financialcontrol-api/internal/modules/billing/infrastructure/bill_repository.go:68.2,78.57 2 0
github.com/jailtonjunior94/financialcontrol-api/internal/modules/billing/infrastructure/bill_repository.go:78.57,80.3 1 0
github.com/jailtonjunior94/financialcontrol-api/internal/modules/billing/infrastructure/bill_repository.go:82.2,82.18 1 0
github.com/jailtonjunior94/financialcontrol-api/internal/modules/billing/infrastructure/bill_repository.go:85.92,87.16 2 0
github.com/jailtonjunior94/financialcontrol-api/internal/modules/billing/infrastructure/bill_repository.go:87.16,89.3 1 0
github.com/jailtonjunior94/financialcontrol-api/internal/modules/billing/infrastructure/bill_repository.go:90.2,90.15 1 0
github.com/jailtonjunior94/financialcontrol-api/internal/modules/billing/infrastructure/bill_repository.go:90.15,92.3 1 0
github.com/jailtonjunior94/financialcontrol-api/internal/modules/billing/infrastructure/bill_repository.go:94.2,101.57 2 0
github.com/jailtonjunior94/financialcontrol-api/internal/modules/billing/infrastructure/bill_repository.go:101.57,103.3 1 0
github.com/jailtonjunior94/financialcontrol-api/internal/modules/billing/infrastructure/bill_repository.go:105.2,105.18 1 0
github.com/jailtonjunior94/financialcontrol-api/internal/modules/billing/infrastructure/bill_repository.go:108.95,110.104 2 0
github.com/jailtonjunior94/financialcontrol-api/internal/modules/billing/infrastructure/bill_repository.go:110.104,112.3 1 0
github.com/jailtonjunior94/financialcontrol-api/internal/modules/billing/infrastructure/bill_repository.go:114.2,114.19 1 0
github.com/jailtonjunior94/financialcontrol-api/internal/modules/billing/infrastructure/bill_repository.go:117.94,122.26 4 0
github.com/jailtonjunior94/financialcontrol-api/internal/modules/billing/infrastructure/bill_repository.go:122.26,124.3 1 0
github.com/jailtonjunior94/financialcontrol-api/internal/modules/billing/infrastructure/bill_repository.go:125.2,125.16 1 0
github.com/jailtonjunior94/financialcontrol-api/internal/modules/billing/infrastructure/bill_repository.go:125.16,127.3 1 0
github.com/jailtonjunior94/financialcontrol-api/internal/modules/billing/infrastructure/bill_repository.go:129.2,129.18 1 0
github.com/jailtonjunior94/financialcontrol-api/internal/modules/billing/infrastructure/bill_repository.go:132.101,134.16 2 0
github.com/jailtonjunior94/financialcontrol-api/internal/modules/billing/infrastructure/bill_repository.go:134.16,136.3 1 0
github.com/jailtonjunior94/financialcontrol-api/internal/modules/billing/infrastructure/bill_repository.go:137.2,137.15 1 0
github.com/jailtonjunior94/financialcontrol-api/internal/modules/billing/infrastructure/bill_repository.go:137.15,139.3 1 0
github.com/jailtonjunior94/financialcontrol-api/internal/modules/billing/infrastructure/bill_repository.go:141.2,150.57 2 0
github.com/jailtonjunior94/financialcontrol-api/internal/modules/billing/infrastructure/bill_repository.go:150.57,152.3 1 0
github.com/jailtonjunior94/financialcontrol-api/internal/modules/billing/infrastructure/bill_repository.go:154.2,154.18 1 0
github.com/jailtonjunior94/financialcontrol-api/internal/modules/billing/infrastructure/bill_repository.go:157.104,159.16 2 0
github.com/jailtonjunior94/financialcontrol-api/internal/modules/billing/infrastructure/bill_repository.go:159.16,161.3 1 0
github.com/jailtonjunior94/financialcontrol-api/internal/modules/billing/infrastructure/bill_repository.go:162.2,162.15 1 0
github.com/jailtonjunior94/financialcontrol-api/internal/modules/billing/infrastructure/bill_repository.go:162.15,164.3 1 0
github.com/jailtonjunior94/financialcontrol-api/internal/modules/billing/infrastructure/bill_repository.go:166.2,174.57 2 0
github.com/jailtonjunior94/financialcontrol-api/internal/modules/billing/infrastructure/bill_repository.go:174.57,176.3 1 0
github.com/jailtonjunior94/financialcontrol-api/internal/modules/billing/infrastructure/bill_repository.go:178.2,178.18 1 0
github.com/jailtonjunior94/financialcontrol-api/internal/modules/billing/infrastructure/bill_repository.go:181.78,196.16 3 0
github.com/jailtonjunior94/financialcontrol-api/internal/modules/billing/infrastructure/bill_repository.go:196.16,198.3 1 0
github.com/jailtonjunior94/financialcontrol-api/internal/modules/billing/infrastructure/bill_repository.go:199.2,199.15 1 0
github.com/jailtonjunior94/financialcontrol-api/internal/modules/billing/infrastructure/bill_repository.go:199.15,201.3 1 0
github.com/jailtonjunior94/financialcontrol-api/internal/modules/billing/infrastructure/bill_repository.go:203.2,207.18 4 0
github.com/jailtonjunior94/financialcontrol-api/internal/modules/billing/infrastructure/bill_repository.go:207.18,208.99 1 0
github.com/jailtonjunior94/financialcontrol-api/internal/modules/billing/infrastructure/bill_repository.go:208.99,210.4 1 0
github.com/jailtonjunior94/financialcontrol-api/internal/modules/billing/infrastructure/bill_repository.go:212.3,212.52 1 0
github.com/jailtonjunior94/financialcontrol-api/internal/modules/billing/infrastructure/bill_repository.go:215.2,216.19 2 0
github.com/jailtonjunior94/financialcontrol-api/internal/modules/billing/application/bill_service.go:13.60,15.2 1 1
github.com/jailtonjunior94/financialcontrol-api/internal/modules/billing/application/bill_service.go:17.52,19.16 2 0
github.com/jailtonjunior94/financialcontrol-api/internal/modules/billing/application/bill_service.go:19.16,21.3 1 0
github.com/jailtonjunior94/financialcontrol-api/internal/modules/billing/application/bill_service.go:23.2,23.42 1 0
github.com/jailtonjunior94/financialcontrol-api/internal/modules/billing/application/bill_service.go:26.64,28.16 2 0
github.com/jailtonjunior94/financialcontrol-api/internal/modules/billing/application/bill_service.go:28.16,30.3 1 0
github.com/jailtonjunior94/financialcontrol-api/internal/modules/billing/application/bill_service.go:32.2,32.17 1 0
github.com/jailtonjunior94/financialcontrol-api/internal/modules/billing/application/bill_service.go:32.17,34.3 1 0
github.com/jailtonjunior94/financialcontrol-api/internal/modules/billing/application/bill_service.go:36.2,37.16 2 0
github.com/jailtonjunior94/financialcontrol-api/internal/modules/billing/application/bill_service.go:37.16,39.3 1 0
github.com/jailtonjunior94/financialcontrol-api/internal/modules/billing/application/bill_service.go:41.2,42.37 2 0
github.com/jailtonjunior94/financialcontrol-api/internal/modules/billing/application/bill_service.go:45.77,49.16 3 1
github.com/jailtonjunior94/financialcontrol-api/internal/modules/billing/application/bill_service.go:49.16,51.3 1 0
github.com/jailtonjunior94/financialcontrol-api/internal/modules/billing/application/bill_service.go:53.2,53.19 1 1
github.com/jailtonjunior94/financialcontrol-api/internal/modules/billing/application/bill_service.go:53.19,55.3 1 1
github.com/jailtonjunior94/financialcontrol-api/internal/modules/billing/application/bill_service.go:57.2,58.16 2 0
github.com/jailtonjunior94/financialcontrol-api/internal/modules/billing/application/bill_service.go:58.16,60.3 1 0
github.com/jailtonjunior94/financialcontrol-api/internal/modules/billing/application/bill_service.go:62.2,62.42 1 0
github.com/jailtonjunior94/financialcontrol-api/internal/modules/billing/application/bill_service.go:65.76,67.16 2 0
github.com/jailtonjunior94/financialcontrol-api/internal/modules/billing/application/bill_service.go:67.16,69.3 1 0
github.com/jailtonjunior94/financialcontrol-api/internal/modules/billing/application/bill_service.go:71.2,71.17 1 0
github.com/jailtonjunior94/financialcontrol-api/internal/modules/billing/application/bill_service.go:71.17,73.3 1 0
github.com/jailtonjunior94/financialcontrol-api/internal/modules/billing/application/bill_service.go:75.2,75.41 1 0
github.com/jailtonjunior94/financialcontrol-api/internal/modules/billing/application/bill_service.go:78.100,80.16 2 0
github.com/jailtonjunior94/financialcontrol-api/internal/modules/billing/application/bill_service.go:80.16,82.3 1 0
github.com/jailtonjunior94/financialcontrol-api/internal/modules/billing/application/bill_service.go:84.2,84.51 1 0
github.com/jailtonjunior94/financialcontrol-api/internal/modules/billing/application/bill_service.go:84.51,86.3 1 0
github.com/jailtonjunior94/financialcontrol-api/internal/modules/billing/application/bill_service.go:88.2,88.46 1 0
github.com/jailtonjunior94/financialcontrol-api/internal/modules/billing/application/bill_service.go:91.104,93.16 2 0
github.com/jailtonjunior94/financialcontrol-api/internal/modules/billing/application/bill_service.go:93.16,95.3 1 0
github.com/jailtonjunior94/financialcontrol-api/internal/modules/billing/application/bill_service.go:97.2,97.17 1 0
github.com/jailtonjunior94/financialcontrol-api/internal/modules/billing/application/bill_service.go:97.17,99.3 1 0
github.com/jailtonjunior94/financialcontrol-api/internal/modules/billing/application/bill_service.go:101.2,103.16 3 0
github.com/jailtonjunior94/financialcontrol-api/internal/modules/billing/application/bill_service.go:103.16,105.3 1 0
github.com/jailtonjunior94/financialcontrol-api/internal/modules/billing/application/bill_service.go:107.2,107.51 1 0
github.com/jailtonjunior94/financialcontrol-api/internal/modules/billing/application/bill_service.go:107.51,109.3 1 0
github.com/jailtonjunior94/financialcontrol-api/internal/modules/billing/application/bill_service.go:111.2,111.41 1 0
github.com/jailtonjunior94/financialcontrol-api/internal/modules/billing/application/bill_service.go:114.78,116.16 2 1
github.com/jailtonjunior94/financialcontrol-api/internal/modules/billing/application/bill_service.go:116.16,118.3 1 0
github.com/jailtonjunior94/financialcontrol-api/internal/modules/billing/application/bill_service.go:120.2,120.17 1 1
github.com/jailtonjunior94/financialcontrol-api/internal/modules/billing/application/bill_service.go:120.17,122.3 1 0
github.com/jailtonjunior94/financialcontrol-api/internal/modules/billing/application/bill_service.go:124.2,125.61 2 1
github.com/jailtonjunior94/financialcontrol-api/internal/modules/billing/application/bill_service.go:125.61,127.3 1 0
github.com/jailtonjunior94/financialcontrol-api/internal/modules/billing/application/bill_service.go:129.2,129.56 1 1
github.com/jailtonjunior94/financialcontrol-api/internal/modules/billing/application/bill_service.go:129.56,131.3 1 0
github.com/jailtonjunior94/financialcontrol-api/internal/modules/billing/application/bill_service.go:133.2,133.24 1 1
github.com/jailtonjunior94/financialcontrol-api/internal/modules/billing/application/bill_service.go:136.64,138.16 2 1
github.com/jailtonjunior94/financialcontrol-api/internal/modules/billing/application/bill_service.go:138.16,140.3 1 0
github.com/jailtonjunior94/financialcontrol-api/internal/modules/billing/application/bill_service.go:142.2,143.16 2 1
github.com/jailtonjunior94/financialcontrol-api/internal/modules/billing/application/bill_service.go:143.16,145.3 1 0
github.com/jailtonjunior94/financialcontrol-api/internal/modules/billing/application/bill_service.go:147.2,150.12 4 1
github.com/jailtonjunior94/financialcontrol-api/internal/modules/billing/application/mappings.go:8.61,12.2 3 0
github.com/jailtonjunior94/financialcontrol-api/internal/modules/billing/application/mappings.go:14.63,24.2 1 0
github.com/jailtonjunior94/financialcontrol-api/internal/modules/billing/application/mappings.go:26.71,27.24 1 0
github.com/jailtonjunior94/financialcontrol-api/internal/modules/billing/application/mappings.go:27.24,29.3 1 0
github.com/jailtonjunior94/financialcontrol-api/internal/modules/billing/application/mappings.go:31.2,32.34 2 0
github.com/jailtonjunior94/financialcontrol-api/internal/modules/billing/application/mappings.go:32.34,41.3 1 0
github.com/jailtonjunior94/financialcontrol-api/internal/modules/billing/application/mappings.go:43.2,43.17 1 0
github.com/jailtonjunior94/financialcontrol-api/internal/modules/billing/application/mappings.go:46.88,50.2 3 0
github.com/jailtonjunior94/financialcontrol-api/internal/modules/billing/application/mappings.go:52.75,59.2 1 0
github.com/jailtonjunior94/financialcontrol-api/internal/modules/billing/application/mappings.go:61.83,63.34 2 0
github.com/jailtonjunior94/financialcontrol-api/internal/modules/billing/application/mappings.go:63.34,70.3 1 0
github.com/jailtonjunior94/financialcontrol-api/internal/modules/billing/application/mappings.go:72.2,72.17 1 0
github.com/jailtonjunior94/financialcontrol-api/internal/modules/billing/application/requests.go:13.39,14.21 1 0
github.com/jailtonjunior94/financialcontrol-api/internal/modules/billing/application/requests.go:14.21,16.3 1 0
github.com/jailtonjunior94/financialcontrol-api/internal/modules/billing/application/requests.go:17.2,17.12 1 0
github.com/jailtonjunior94/financialcontrol-api/internal/modules/billing/application/requests.go:25.43,26.19 1 0
github.com/jailtonjunior94/financialcontrol-api/internal/modules/billing/application/requests.go:26.19,28.3 1 0
github.com/jailtonjunior94/financialcontrol-api/internal/modules/billing/application/requests.go:29.2,29.18 1 0
github.com/jailtonjunior94/financialcontrol-api/internal/modules/billing/application/requests.go:29.18,31.3 1 0
github.com/jailtonjunior94/financialcontrol-api/internal/modules/billing/application/requests.go:32.2,32.12 1 0
github.com/jailtonjunior94/financialcontrol-api/internal/modules/cards/application/usecase/mocks/create_card.go:23.53,25.2 1 0
github.com/jailtonjunior94/financialcontrol-api/internal/modules/cards/application/usecase/mocks/create_card.go:28.127,31.19 2 0
github.com/jailtonjunior94/financialcontrol-api/internal/modules/cards/application/usecase/mocks/create_card.go:31.19,32.49 1 0
github.com/jailtonjunior94/financialcontrol-api/internal/modules/cards/application/usecase/mocks/create_card.go:35.2,37.118 3 0
github.com/jailtonjunior94/financialcontrol-api/internal/modules/cards/application/usecase/mocks/create_card.go:37.118,39.3 1 0
github.com/jailtonjunior94/financialcontrol-api/internal/modules/cards/application/usecase/mocks/create_card.go:40.2,40.109 1 0
github.com/jailtonjunior94/financialcontrol-api/internal/modules/cards/application/usecase/mocks/create_card.go:40.109,42.3 1 0
github.com/jailtonjunior94/financialcontrol-api/internal/modules/cards/application/usecase/mocks/create_card.go:42.8,44.3 1 0
github.com/jailtonjunior94/financialcontrol-api/internal/modules/cards/application/usecase/mocks/create_card.go:46.2,46.97 1 0
github.com/jailtonjunior94/financialcontrol-api/internal/modules/cards/application/usecase/mocks/create_card.go:46.97,48.3 1 0
github.com/jailtonjunior94/financialcontrol-api/internal/modules/cards/application/usecase/mocks/create_card.go:48.8,50.3 1 0
github.com/jailtonjunior94/financialcontrol-api/internal/modules/cards/application/usecase/mocks/create_card.go:52.2,52.15 1 0
github.com/jailtonjunior94/financialcontrol-api/internal/modules/cards/application/usecase/mocks/create_card.go:64.119,66.2 1 0
github.com/jailtonjunior94/financialcontrol-api/internal/modules/cards/application/usecase/mocks/create_card.go:68.144,69.40 1 0
github.com/jailtonjunior94/financialcontrol-api/internal/modules/cards/application/usecase/mocks/create_card.go:69.40,71.3 1 0
github.com/jailtonjunior94/financialcontrol-api/internal/modules/cards/application/usecase/mocks/create_card.go:72.2,72.11 1 0
github.com/jailtonjunior94/financialcontrol-api/internal/modules/cards/application/usecase/mocks/create_card.go:75.102,78.2 2 0
github.com/jailtonjunior94/financialcontrol-api/internal/modules/cards/application/usecase/mocks/create_card.go:80.165,83.2 2 0
github.com/jailtonjunior94/financialcontrol-api/internal/modules/cards/application/usecase/mocks/create_card.go:90.16,94.19 3 0
github.com/jailtonjunior94/financialcontrol-api/internal/modules/cards/application/usecase/mocks/create_card.go:94.19,94.49 1 0
github.com/jailtonjunior94/financialcontrol-api/internal/modules/cards/application/usecase/mocks/create_card.go:96.2,96.13 1 0
github.com/jailtonjunior94/financialcontrol-api/internal/modules/cards/application/usecase/mocks/deactivate_card.go:23.61,25.2 1 0
github.com/jailtonjunior94/financialcontrol-api/internal/modules/cards/application/usecase/mocks/deactivate_card.go:28.103,31.19 2 0
github.com/jailtonjunior94/financialcontrol-api/internal/modules/cards/application/usecase/mocks/deactivate_card.go:31.19,32.49 1 0
github.com/jailtonjunior94/financialcontrol-api/internal/modules/cards/application/usecase/mocks/deactivate_card.go:35.2,36.91 2 0
github.com/jailtonjunior94/financialcontrol-api/internal/modules/cards/application/usecase/mocks/deactivate_card.go:36.91,38.3 1 0
github.com/jailtonjunior94/financialcontrol-api/internal/modules/cards/application/usecase/mocks/deactivate_card.go:38.8,40.3 1 0
github.com/jailtonjunior94/financialcontrol-api/internal/modules/cards/application/usecase/mocks/deactivate_card.go:42.2,42.11 1 0
github.com/jailtonjunior94/financialcontrol-api/internal/modules/cards/application/usecase/mocks/deactivate_card.go:54.126,56.2 1 0
github.com/jailtonjunior94/financialcontrol-api/internal/modules/cards/application/usecase/mocks/deactivate_card.go:58.145,59.40 1 0
github.com/jailtonjunior94/financialcontrol-api/internal/modules/cards/application/usecase/mocks/deactivate_card.go:59.40,61.3 1 0
github.com/jailtonjunior94/financialcontrol-api/internal/modules/cards/application/usecase/mocks/deactivate_card.go:62.2,62.11 1 0
github.com/jailtonjunior94/financialcontrol-api/internal/modules/cards/application/usecase/mocks/deactivate_card.go:65.87,68.2 2 0
github.com/jailtonjunior94/financialcontrol-api/internal/modules/cards/application/usecase/mocks/deactivate_card.go:70.146,73.2 2 0
github.com/jailtonjunior94/financialcontrol-api/internal/modules/cards/application/usecase/mocks/deactivate_card.go:80.20,84.19 3 0
github.com/jailtonjunior94/financialcontrol-api/internal/modules/cards/application/usecase/mocks/deactivate_card.go:84.19,84.49 1 0
github.com/jailtonjunior94/financialcontrol-api/internal/modules/cards/application/usecase/mocks/deactivate_card.go:86.2,86.13 1 0
github.com/jailtonjunior94/financialcontrol-api/internal/modules/cards/application/usecase/mocks/get_card.go:25.47,27.2 1 0
github.com/jailtonjunior94/financialcontrol-api/internal/modules/cards/application/usecase/mocks/get_card.go:30.117,33.19 2 0
github.com/jailtonjunior94/financialcontrol-api/internal/modules/cards/application/usecase/mocks/get_card.go:33.19,34.49 1 0
github.com/jailtonjunior94/financialcontrol-api/internal/modules/cards/application/usecase/mocks/get_card.go:37.2,39.112 3 0
github.com/jailtonjunior94/financialcontrol-api/internal/modules/cards/application/usecase/mocks/get_card.go:39.112,41.3 1 0
github.com/jailtonjunior94/financialcontrol-api/internal/modules/cards/application/usecase/mocks/get_card.go:42.2,42.103 1 0
github.com/jailtonjunior94/financialcontrol-api/internal/modules/cards/application/usecase/mocks/get_card.go:42.103,44.3 1 0
github.com/jailtonjunior94/financialcontrol-api/internal/modules/cards/application/usecase/mocks/get_card.go:44.8,46.3 1 0
github.com/jailtonjunior94/financialcontrol-api/internal/modules/cards/application/usecase/mocks/get_card.go:48.2,48.91 1 0
github.com/jailtonjunior94/financialcontrol-api/internal/modules/cards/application/usecase/mocks/get_card.go:48.91,50.3 1 0
github.com/jailtonjunior94/financialcontrol-api/internal/modules/cards/application/usecase/mocks/get_card.go:50.8,52.3 1 0
github.com/jailtonjunior94/financialcontrol-api/internal/modules/cards/application/usecase/mocks/get_card.go:54.2,54.15 1 0
github.com/jailtonjunior94/financialcontrol-api/internal/modules/cards/application/usecase/mocks/get_card.go:66.112,68.2 1 0
github.com/jailtonjunior94/financialcontrol-api/internal/modules/cards/application/usecase/mocks/get_card.go:70.131,71.40 1 0
github.com/jailtonjunior94/financialcontrol-api/internal/modules/cards/application/usecase/mocks/get_card.go:71.40,73.3 1 0
github.com/jailtonjunior94/financialcontrol-api/internal/modules/cards/application/usecase/mocks/get_card.go:74.2,74.11 1 0
github.com/jailtonjunior94/financialcontrol-api/internal/modules/cards/application/usecase/mocks/get_card.go:77.96,80.2 2 0
github.com/jailtonjunior94/financialcontrol-api/internal/modules/cards/application/usecase/mocks/get_card.go:82.153,85.2 2 0
github.com/jailtonjunior94/financialcontrol-api/internal/modules/cards/application/usecase/mocks/get_card.go:92.13,96.19 3 0
github.com/jailtonjunior94/financialcontrol-api/internal/modules/cards/application/usecase/mocks/get_card.go:96.19,96.49 1 0
github.com/jailtonjunior94/financialcontrol-api/internal/modules/cards/application/usecase/mocks/get_card.go:98.2,98.13 1 0
github.com/jailtonjunior94/financialcontrol-api/internal/modules/cards/application/usecase/mocks/list_cards.go:23.51,25.2 1 0
github.com/jailtonjunior94/financialcontrol-api/internal/modules/cards/application/usecase/mocks/list_cards.go:28.106,31.19 2 0
github.com/jailtonjunior94/financialcontrol-api/internal/modules/cards/application/usecase/mocks/list_cards.go:31.19,32.49 1 0
github.com/jailtonjunior94/financialcontrol-api/internal/modules/cards/application/usecase/mocks/list_cards.go:35.2,37.102 3 0
github.com/jailtonjunior94/financialcontrol-api/internal/modules/cards/application/usecase/mocks/list_cards.go:37.102,39.3 1 0
github.com/jailtonjunior94/financialcontrol-api/internal/modules/cards/application/usecase/mocks/list_cards.go:40.2,40.93 1 0
github.com/jailtonjunior94/financialcontrol-api/internal/modules/cards/application/usecase/mocks/list_cards.go:40.93,42.3 1 0
github.com/jailtonjunior94/financialcontrol-api/internal/modules/cards/application/usecase/mocks/list_cards.go:42.8,43.24 1 0
github.com/jailtonjunior94/financialcontrol-api/internal/modules/cards/application/usecase/mocks/list_cards.go:43.24,45.4 1 0
github.com/jailtonjunior94/financialcontrol-api/internal/modules/cards/application/usecase/mocks/list_cards.go:48.2,48.79 1 0
github.com/jailtonjunior94/financialcontrol-api/internal/modules/cards/application/usecase/mocks/list_cards.go:48.79,50.3 1 0
github.com/jailtonjunior94/financialcontrol-api/internal/modules/cards/application/usecase/mocks/list_cards.go:50.8,52.3 1 0
github.com/jailtonjunior94/financialcontrol-api/internal/modules/cards/application/usecase/mocks/list_cards.go:54.2,54.15 1 0
github.com/jailtonjunior94/financialcontrol-api/internal/modules/cards/application/usecase/mocks/list_cards.go:65.100,67.2 1 0
github.com/jailtonjunior94/financialcontrol-api/internal/modules/cards/application/usecase/mocks/list_cards.go:69.120,70.40 1 0
github.com/jailtonjunior94/financialcontrol-api/internal/modules/cards/application/usecase/mocks/list_cards.go:70.40,72.3 1 0
github.com/jailtonjunior94/financialcontrol-api/internal/modules/cards/application/usecase/mocks/list_cards.go:73.2,73.11 1 0
github.com/jailtonjunior94/financialcontrol-api/internal/modules/cards/application/usecase/mocks/list_cards.go:76.102,79.2 2 0
github.com/jailtonjunior94/financialcontrol-api/internal/modules/cards/application/usecase/mocks/list_cards.go:81.147,84.2 2 0
github.com/jailtonjunior94/financialcontrol-api/internal/modules/cards/application/usecase/mocks/list_cards.go:91.15,95.19 3 0
github.com/jailtonjunior94/financialcontrol-api/internal/modules/cards/application/usecase/mocks/list_cards.go:95.19,95.49 1 0
github.com/jailtonjunior94/financialcontrol-api/internal/modules/cards/application/usecase/mocks/list_cards.go:97.2,97.13 1 0
github.com/jailtonjunior94/financialcontrol-api/internal/modules/cards/application/usecase/mocks/list_flags.go:21.51,23.2 1 0
github.com/jailtonjunior94/financialcontrol-api/internal/modules/cards/application/usecase/mocks/list_flags.go:26.80,29.19 2 0
github.com/jailtonjunior94/financialcontrol-api/internal/modules/cards/application/usecase/mocks/list_flags.go:29.19,30.49 1 0
github.com/jailtonjunior94/financialcontrol-api/internal/modules/cards/application/usecase/mocks/list_flags.go:33.2,35.83 3 0
github.com/jailtonjunior94/financialcontrol-api/internal/modules/cards/application/usecase/mocks/list_flags.go:35.83,37.3 1 0
github.com/jailtonjunior94/financialcontrol-api/internal/modules/cards/application/usecase/mocks/list_flags.go:38.2,38.74 1 0
github.com/jailtonjunior94/financialcontrol-api/internal/modules/cards/application/usecase/mocks/list_flags.go:38.74,40.3 1 0
github.com/jailtonjunior94/financialcontrol-api/internal/modules/cards/application/usecase/mocks/list_flags.go:40.8,41.24 1 0
github.com/jailtonjunior94/financialcontrol-api/internal/modules/cards/application/usecase/mocks/list_flags.go:41.24,43.4 1 0
github.com/jailtonjunior94/financialcontrol-api/internal/modules/cards/application/usecase/mocks/list_flags.go:46.2,46.60 1 0
github.com/jailtonjunior94/financialcontrol-api/internal/modules/cards/application/usecase/mocks/list_flags.go:46.60,48.3 1 0
github.com/jailtonjunior94/financialcontrol-api/internal/modules/cards/application/usecase/mocks/list_flags.go:48.8,50.3 1 0
github.com/jailtonjunior94/financialcontrol-api/internal/modules/cards/application/usecase/mocks/list_flags.go:52.2,52.15 1 0
github.com/jailtonjunior94/financialcontrol-api/internal/modules/cards/application/usecase/mocks/list_flags.go:62.80,64.2 1 0
github.com/jailtonjunior94/financialcontrol-api/internal/modules/cards/application/usecase/mocks/list_flags.go:66.94,67.40 1 0
github.com/jailtonjunior94/financialcontrol-api/internal/modules/cards/application/usecase/mocks/list_flags.go:67.40,69.3 1 0
github.com/jailtonjunior94/financialcontrol-api/internal/modules/cards/application/usecase/mocks/list_flags.go:70.2,70.11 1 0
github.com/jailtonjunior94/financialcontrol-api/internal/modules/cards/application/usecase/mocks/list_flags.go:73.102,76.2 2 0
github.com/jailtonjunior94/financialcontrol-api/internal/modules/cards/application/usecase/mocks/list_flags.go:78.128,81.2 2 0
github.com/jailtonjunior94/financialcontrol-api/internal/modules/cards/application/usecase/mocks/list_flags.go:88.15,92.19 3 0
github.com/jailtonjunior94/financialcontrol-api/internal/modules/cards/application/usecase/mocks/list_flags.go:92.19,92.49 1 0
github.com/jailtonjunior94/financialcontrol-api/internal/modules/cards/application/usecase/mocks/list_flags.go:94.2,94.13 1 0
github.com/jailtonjunior94/financialcontrol-api/internal/modules/cards/application/usecase/mocks/update_card.go:25.53,27.2 1 0
github.com/jailtonjunior94/financialcontrol-api/internal/modules/cards/application/usecase/mocks/update_card.go:30.142,33.19 2 0
github.com/jailtonjunior94/financialcontrol-api/internal/modules/cards/application/usecase/mocks/update_card.go:33.19,34.49 1 0
github.com/jailtonjunior94/financialcontrol-api/internal/modules/cards/application/usecase/mocks/update_card.go:37.2,39.130 3 0
github.com/jailtonjunior94/financialcontrol-api/internal/modules/cards/application/usecase/mocks/update_card.go:39.130,41.3 1 0
github.com/jailtonjunior94/financialcontrol-api/internal/modules/cards/application/usecase/mocks/update_card.go:42.2,42.121 1 0
github.com/jailtonjunior94/financialcontrol-api/internal/modules/cards/application/usecase/mocks/update_card.go:42.121,44.3 1 0
github.com/jailtonjunior94/financialcontrol-api/internal/modules/cards/application/usecase/mocks/update_card.go:44.8,46.3 1 0
github.com/jailtonjunior94/financialcontrol-api/internal/modules/cards/application/usecase/mocks/update_card.go:48.2,48.109 1 0
github.com/jailtonjunior94/financialcontrol-api/internal/modules/cards/application/usecase/mocks/update_card.go:48.109,50.3 1 0
github.com/jailtonjunior94/financialcontrol-api/internal/modules/cards/application/usecase/mocks/update_card.go:50.8,52.3 1 0
github.com/jailtonjunior94/financialcontrol-api/internal/modules/cards/application/usecase/mocks/update_card.go:54.2,54.15 1 0
github.com/jailtonjunior94/financialcontrol-api/internal/modules/cards/application/usecase/mocks/update_card.go:67.135,69.2 1 0
github.com/jailtonjunior94/financialcontrol-api/internal/modules/cards/application/usecase/mocks/update_card.go:71.159,72.40 1 0
github.com/jailtonjunior94/financialcontrol-api/internal/modules/cards/application/usecase/mocks/update_card.go:72.40,74.3 1 0
github.com/jailtonjunior94/financialcontrol-api/internal/modules/cards/application/usecase/mocks/update_card.go:75.2,75.11 1 0
github.com/jailtonjunior94/financialcontrol-api/internal/modules/cards/application/usecase/mocks/update_card.go:78.102,81.2 2 0
github.com/jailtonjunior94/financialcontrol-api/internal/modules/cards/application/usecase/mocks/update_card.go:83.177,86.2 2 0
github.com/jailtonjunior94/financialcontrol-api/internal/modules/cards/application/usecase/mocks/update_card.go:93.16,97.19 3 0
github.com/jailtonjunior94/financialcontrol-api/internal/modules/cards/application/usecase/mocks/update_card.go:97.19,97.49 1 0
github.com/jailtonjunior94/financialcontrol-api/internal/modules/cards/application/usecase/mocks/update_card.go:99.2,99.13 1 0
github.com/jailtonjunior94/financialcontrol-api/internal/modules/cards/domain/interfaces/mocks/card_repository.go:25.61,27.2 1 0
github.com/jailtonjunior94/financialcontrol-api/internal/modules/cards/domain/interfaces/mocks/card_repository.go:30.79,33.19 2 0
github.com/jailtonjunior94/financialcontrol-api/internal/modules/cards/domain/interfaces/mocks/card_repository.go:33.19,34.45 1 0
github.com/jailtonjunior94/financialcontrol-api/internal/modules/cards/domain/interfaces/mocks/card_repository.go:37.2,38.76 2 0
github.com/jailtonjunior94/financialcontrol-api/internal/modules/cards/domain/interfaces/mocks/card_repository.go:38.76,40.3 1 0
github.com/jailtonjunior94/financialcontrol-api/internal/modules/cards/domain/interfaces/mocks/card_repository.go:40.8,42.3 1 0
github.com/jailtonjunior94/financialcontrol-api/internal/modules/cards/domain/interfaces/mocks/card_repository.go:44.2,44.11 1 0
github.com/jailtonjunior94/financialcontrol-api/internal/modules/cards/domain/interfaces/mocks/card_repository.go:55.100,57.2 1 0
github.com/jailtonjunior94/financialcontrol-api/internal/modules/cards/domain/interfaces/mocks/card_repository.go:59.117,60.40 1 0
github.com/jailtonjunior94/financialcontrol-api/internal/modules/cards/domain/interfaces/mocks/card_repository.go:60.40,62.3 1 0
github.com/jailtonjunior94/financialcontrol-api/internal/modules/cards/domain/interfaces/mocks/card_repository.go:63.2,63.11 1 0
github.com/jailtonjunior94/financialcontrol-api/internal/modules/cards/domain/interfaces/mocks/card_repository.go:66.79,69.2 2 0
github.com/jailtonjunior94/financialcontrol-api/internal/modules/cards/domain/interfaces/mocks/card_repository.go:71.123,74.2 2 0
github.com/jailtonjunior94/financialcontrol-api/internal/modules/cards/domain/interfaces/mocks/card_repository.go:77.121,80.19 2 0
github.com/jailtonjunior94/financialcontrol-api/internal/modules/cards/domain/interfaces/mocks/card_repository.go:80.19,81.49 1 0
github.com/jailtonjunior94/financialcontrol-api/internal/modules/cards/domain/interfaces/mocks/card_repository.go:84.2,86.109 3 0
github.com/jailtonjunior94/financialcontrol-api/internal/modules/cards/domain/interfaces/mocks/card_repository.go:86.109,88.3 1 0
github.com/jailtonjunior94/financialcontrol-api/internal/modules/cards/domain/interfaces/mocks/card_repository.go:89.2,89.100 1 0
github.com/jailtonjunior94/financialcontrol-api/internal/modules/cards/domain/interfaces/mocks/card_repository.go:89.100,91.3 1 0
github.com/jailtonjunior94/financialcontrol-api/internal/modules/cards/domain/interfaces/mocks/card_repository.go:91.8,92.24 1 0
github.com/jailtonjunior94/financialcontrol-api/internal/modules/cards/domain/interfaces/mocks/card_repository.go:92.24,94.4 1 0
github.com/jailtonjunior94/financialcontrol-api/internal/modules/cards/domain/interfaces/mocks/card_repository.go:97.2,97.91 1 0
github.com/jailtonjunior94/financialcontrol-api/internal/modules/cards/domain/interfaces/mocks/card_repository.go:97.91,99.3 1 0
github.com/jailtonjunior94/financialcontrol-api/internal/modules/cards/domain/interfaces/mocks/card_repository.go:99.8,101.3 1 0
github.com/jailtonjunior94/financialcontrol-api/internal/modules/cards/domain/interfaces/mocks/card_repository.go:103.2,103.15 1 0
github.com/jailtonjunior94/financialcontrol-api/internal/modules/cards/domain/interfaces/mocks/card_repository.go:115.126,117.2 1 0
github.com/jailtonjunior94/financialcontrol-api/internal/modules/cards/domain/interfaces/mocks/card_repository.go:119.145,120.40 1 0
github.com/jailtonjunior94/financialcontrol-api/internal/modules/cards/domain/interfaces/mocks/card_repository.go:120.40,122.3 1 0
github.com/jailtonjunior94/financialcontrol-api/internal/modules/cards/domain/interfaces/mocks/card_repository.go:123.2,123.11 1 0
github.com/jailtonjunior94/financialcontrol-api/internal/modules/cards/domain/interfaces/mocks/card_repository.go:126.107,129.2 2 0
github.com/jailtonjunior94/financialcontrol-api/internal/modules/cards/domain/interfaces/mocks/card_repository.go:131.164,134.2 2 0
github.com/jailtonjunior94/financialcontrol-api/internal/modules/cards/domain/interfaces/mocks/card_repository.go:137.104,140.19 2 0
github.com/jailtonjunior94/financialcontrol-api/internal/modules/cards/domain/interfaces/mocks/card_repository.go:140.19,141.46 1 0
github.com/jailtonjunior94/financialcontrol-api/internal/modules/cards/domain/interfaces/mocks/card_repository.go:144.2,146.98 3 0
github.com/jailtonjunior94/financialcontrol-api/internal/modules/cards/domain/interfaces/mocks/card_repository.go:146.98,148.3 1 0
github.com/jailtonjunior94/financialcontrol-api/internal/modules/cards/domain/interfaces/mocks/card_repository.go:149.2,149.89 1 0
github.com/jailtonjunior94/financialcontrol-api/internal/modules/cards/domain/interfaces/mocks/card_repository.go:149.89,151.3 1 0
github.com/jailtonjunior94/financialcontrol-api/internal/modules/cards/domain/interfaces/mocks/card_repository.go:151.8,152.24 1 0
github.com/jailtonjunior94/financialcontrol-api/internal/modules/cards/domain/interfaces/mocks/card_repository.go:152.24,154.4 1 0
github.com/jailtonjunior94/financialcontrol-api/internal/modules/cards/domain/interfaces/mocks/card_repository.go:157.2,157.79 1 0
github.com/jailtonjunior94/financialcontrol-api/internal/modules/cards/domain/interfaces/mocks/card_repository.go:157.79,159.3 1 0
github.com/jailtonjunior94/financialcontrol-api/internal/modules/cards/domain/interfaces/mocks/card_repository.go:159.8,161.3 1 0
github.com/jailtonjunior94/financialcontrol-api/internal/modules/cards/domain/interfaces/mocks/card_repository.go:163.2,163.15 1 0
github.com/jailtonjunior94/financialcontrol-api/internal/modules/cards/domain/interfaces/mocks/card_repository.go:174.104,176.2 1 0
github.com/jailtonjunior94/financialcontrol-api/internal/modules/cards/domain/interfaces/mocks/card_repository.go:178.124,179.40 1 0
github.com/jailtonjunior94/financialcontrol-api/internal/modules/cards/domain/interfaces/mocks/card_repository.go:179.40,181.3 1 0
github.com/jailtonjunior94/financialcontrol-api/internal/modules/cards/domain/interfaces/mocks/card_repository.go:182.2,182.11 1 0
github.com/jailtonjunior94/financialcontrol-api/internal/modules/cards/domain/interfaces/mocks/card_repository.go:185.102,188.2 2 0
github.com/jailtonjunior94/financialcontrol-api/internal/modules/cards/domain/interfaces/mocks/card_repository.go:190.147,193.2 2 0
github.com/jailtonjunior94/financialcontrol-api/internal/modules/cards/domain/interfaces/mocks/card_repository.go:196.82,199.19 2 0
github.com/jailtonjunior94/financialcontrol-api/internal/modules/cards/domain/interfaces/mocks/card_repository.go:199.19,200.48 1 0
github.com/jailtonjunior94/financialcontrol-api/internal/modules/cards/domain/interfaces/mocks/card_repository.go:203.2,204.76 2 0
github.com/jailtonjunior94/financialcontrol-api/internal/modules/cards/domain/interfaces/mocks/card_repository.go:204.76,206.3 1 0
github.com/jailtonjunior94/financialcontrol-api/internal/modules/cards/domain/interfaces/mocks/card_repository.go:206.8,208.3 1 0
github.com/jailtonjunior94/financialcontrol-api/internal/modules/cards/domain/interfaces/mocks/card_repository.go:210.2,210.11 1 0
github.com/jailtonjunior94/financialcontrol-api/internal/modules/cards/domain/interfaces/mocks/card_repository.go:221.106,223.2 1 0
github.com/jailtonjunior94/financialcontrol-api/internal/modules/cards/domain/interfaces/mocks/card_repository.go:225.123,226.40 1 0
github.com/jailtonjunior94/financialcontrol-api/internal/modules/cards/domain/interfaces/mocks/card_repository.go:226.40,228.3 1 0
github.com/jailtonjunior94/financialcontrol-api/internal/modules/cards/domain/interfaces/mocks/card_repository.go:229.2,229.11 1 0
github.com/jailtonjunior94/financialcontrol-api/internal/modules/cards/domain/interfaces/mocks/card_repository.go:232.85,235.2 2 0
github.com/jailtonjunior94/financialcontrol-api/internal/modules/cards/domain/interfaces/mocks/card_repository.go:237.129,240.2 2 0
github.com/jailtonjunior94/financialcontrol-api/internal/modules/cards/domain/interfaces/mocks/card_repository.go:247.20,251.19 3 0
github.com/jailtonjunior94/financialcontrol-api/internal/modules/cards/domain/interfaces/mocks/card_repository.go:251.19,251.49 1 0
github.com/jailtonjunior94/financialcontrol-api/internal/modules/cards/domain/interfaces/mocks/card_repository.go:253.2,253.13 1 0
github.com/jailtonjunior94/financialcontrol-api/internal/modules/cards/domain/interfaces/mocks/flag_repository.go:24.61,26.2 1 0
github.com/jailtonjunior94/financialcontrol-api/internal/modules/cards/domain/interfaces/mocks/flag_repository.go:29.84,32.19 2 0
github.com/jailtonjunior94/financialcontrol-api/internal/modules/cards/domain/interfaces/mocks/flag_repository.go:32.19,33.48 1 0
github.com/jailtonjunior94/financialcontrol-api/internal/modules/cards/domain/interfaces/mocks/flag_repository.go:36.2,38.80 3 0
github.com/jailtonjunior94/financialcontrol-api/internal/modules/cards/domain/interfaces/mocks/flag_repository.go:38.80,40.3 1 0
github.com/jailtonjunior94/financialcontrol-api/internal/modules/cards/domain/interfaces/mocks/flag_repository.go:41.2,41.71 1 0
github.com/jailtonjunior94/financialcontrol-api/internal/modules/cards/domain/interfaces/mocks/flag_repository.go:41.71,43.3 1 0
github.com/jailtonjunior94/financialcontrol-api/internal/modules/cards/domain/interfaces/mocks/flag_repository.go:43.8,45.3 1 0
github.com/jailtonjunior94/financialcontrol-api/internal/modules/cards/domain/interfaces/mocks/flag_repository.go:47.2,47.72 1 0
github.com/jailtonjunior94/financialcontrol-api/internal/modules/cards/domain/interfaces/mocks/flag_repository.go:47.72,49.3 1 0
github.com/jailtonjunior94/financialcontrol-api/internal/modules/cards/domain/interfaces/mocks/flag_repository.go:49.8,51.3 1 0
github.com/jailtonjunior94/financialcontrol-api/internal/modules/cards/domain/interfaces/mocks/flag_repository.go:53.2,53.15 1 0
github.com/jailtonjunior94/financialcontrol-api/internal/modules/cards/domain/interfaces/mocks/flag_repository.go:64.104,66.2 1 0
github.com/jailtonjunior94/financialcontrol-api/internal/modules/cards/domain/interfaces/mocks/flag_repository.go:68.117,69.40 1 0
github.com/jailtonjunior94/financialcontrol-api/internal/modules/cards/domain/interfaces/mocks/flag_repository.go:69.40,71.3 1 0
github.com/jailtonjunior94/financialcontrol-api/internal/modules/cards/domain/interfaces/mocks/flag_repository.go:72.2,72.11 1 0
github.com/jailtonjunior94/financialcontrol-api/internal/modules/cards/domain/interfaces/mocks/flag_repository.go:75.95,78.2 2 0
github.com/jailtonjunior94/financialcontrol-api/internal/modules/cards/domain/interfaces/mocks/flag_repository.go:80.133,83.2 2 0
github.com/jailtonjunior94/financialcontrol-api/internal/modules/cards/domain/interfaces/mocks/flag_repository.go:86.78,89.19 2 0
github.com/jailtonjunior94/financialcontrol-api/internal/modules/cards/domain/interfaces/mocks/flag_repository.go:89.19,90.46 1 0
github.com/jailtonjunior94/financialcontrol-api/internal/modules/cards/domain/interfaces/mocks/flag_repository.go:93.2,95.79 3 0
github.com/jailtonjunior94/financialcontrol-api/internal/modules/cards/domain/interfaces/mocks/flag_repository.go:95.79,97.3 1 0
github.com/jailtonjunior94/financialcontrol-api/internal/modules/cards/domain/interfaces/mocks/flag_repository.go:98.2,98.70 1 0
github.com/jailtonjunior94/financialcontrol-api/internal/modules/cards/domain/interfaces/mocks/flag_repository.go:98.70,100.3 1 0
github.com/jailtonjunior94/financialcontrol-api/internal/modules/cards/domain/interfaces/mocks/flag_repository.go:100.8,101.24 1 0
github.com/jailtonjunior94/financialcontrol-api/internal/modules/cards/domain/interfaces/mocks/flag_repository.go:101.24,103.4 1 0
github.com/jailtonjunior94/financialcontrol-api/internal/modules/cards/domain/interfaces/mocks/flag_repository.go:106.2,106.60 1 0
github.com/jailtonjunior94/financialcontrol-api/internal/modules/cards/domain/interfaces/mocks/flag_repository.go:106.60,108.3 1 0
github.com/jailtonjunior94/financialcontrol-api/internal/modules/cards/domain/interfaces/mocks/flag_repository.go:108.8,110.3 1 0
github.com/jailtonjunior94/financialcontrol-api/internal/modules/cards/domain/interfaces/mocks/flag_repository.go:112.2,112.15 1 0
github.com/jailtonjunior94/financialcontrol-api/internal/modules/cards/domain/interfaces/mocks/flag_repository.go:122.84,124.2 1 0
github.com/jailtonjunior94/financialcontrol-api/internal/modules/cards/domain/interfaces/mocks/flag_repository.go:126.98,127.40 1 0
github.com/jailtonjunior94/financialcontrol-api/internal/modules/cards/domain/interfaces/mocks/flag_repository.go:127.40,129.3 1 0
github.com/jailtonjunior94/financialcontrol-api/internal/modules/cards/domain/interfaces/mocks/flag_repository.go:130.2,130.11 1 0
github.com/jailtonjunior94/financialcontrol-api/internal/modules/cards/domain/interfaces/mocks/flag_repository.go:133.102,136.2 2 0
github.com/jailtonjunior94/financialcontrol-api/internal/modules/cards/domain/interfaces/mocks/flag_repository.go:138.128,141.2 2 0
github.com/jailtonjunior94/financialcontrol-api/internal/modules/cards/domain/interfaces/mocks/flag_repository.go:148.20,152.19 3 0
github.com/jailtonjunior94/financialcontrol-api/internal/modules/cards/domain/interfaces/mocks/flag_repository.go:152.19,152.49 1 0
github.com/jailtonjunior94/financialcontrol-api/internal/modules/cards/domain/interfaces/mocks/flag_repository.go:154.2,154.13 1 0
github.com/jailtonjunior94/financialcontrol-api/internal/modules/billing/http/bill_controller.go:14.72,16.2 1 0
github.com/jailtonjunior94/financialcontrol-api/internal/modules/billing/http/bill_controller.go:18.54,21.2 2 0
github.com/jailtonjunior94/financialcontrol-api/internal/modules/billing/http/bill_controller.go:23.57,26.2 2 0
github.com/jailtonjunior94/financialcontrol-api/internal/modules/billing/http/bill_controller.go:28.59,30.48 2 0
github.com/jailtonjunior94/financialcontrol-api/internal/modules/billing/http/bill_controller.go:30.48,32.3 1 0
github.com/jailtonjunior94/financialcontrol-api/internal/modules/billing/http/bill_controller.go:34.2,34.42 1 0
github.com/jailtonjunior94/financialcontrol-api/internal/modules/billing/http/bill_controller.go:34.42,36.3 1 0
github.com/jailtonjunior94/financialcontrol-api/internal/modules/billing/http/bill_controller.go:38.2,39.60 2 0
github.com/jailtonjunior94/financialcontrol-api/internal/modules/billing/http/bill_controller.go:42.61,45.2 2 0
github.com/jailtonjunior94/financialcontrol-api/internal/modules/billing/http/bill_controller.go:47.63,49.72 2 0
github.com/jailtonjunior94/financialcontrol-api/internal/modules/billing/http/bill_controller.go:49.72,51.3 1 0
github.com/jailtonjunior94/financialcontrol-api/internal/modules/billing/http/bill_controller.go:53.2,54.60 2 0
github.com/jailtonjunior94/financialcontrol-api/internal/modules/billing/http/bill_controller.go:57.63,59.72 2 0
github.com/jailtonjunior94/financialcontrol-api/internal/modules/billing/http/bill_controller.go:59.72,61.3 1 0
github.com/jailtonjunior94/financialcontrol-api/internal/modules/billing/http/bill_controller.go:63.2,64.60 2 0
github.com/jailtonjunior94/financialcontrol-api/internal/modules/billing/http/bill_controller.go:67.63,70.2 2 0
github.com/jailtonjunior94/financialcontrol-api/internal/modules/billing/http/bill_controller.go:72.109,73.48 1 0
github.com/jailtonjunior94/financialcontrol-api/internal/modules/billing/http/bill_controller.go:73.48,75.3 1 0
github.com/jailtonjunior94/financialcontrol-api/internal/modules/billing/http/bill_controller.go:77.2,77.42 1 0
github.com/jailtonjunior94/financialcontrol-api/internal/modules/billing/http/bill_controller.go:77.42,79.3 1 0
github.com/jailtonjunior94/financialcontrol-api/internal/modules/billing/http/bill_controller.go:81.2,81.35 1 0
github.com/jailtonjunior94/financialcontrol-api/internal/modules/billing/http/routes.go:11.91,19.2 7 1
github.com/jailtonjunior94/financialcontrol-api/internal/modules/cards/module.go:32.35,58.2 12 0
github.com/jailtonjunior94/financialcontrol-api/internal/modules/cards/module.go:61.74,63.2 1 0
github.com/jailtonjunior94/financialcontrol-api/internal/modules/cards/application/dtos/card.go:21.39,24.53 2 1
github.com/jailtonjunior94/financialcontrol-api/internal/modules/cards/application/dtos/card.go:24.53,26.3 1 1
github.com/jailtonjunior94/financialcontrol-api/internal/modules/cards/application/dtos/card.go:28.2,28.51 1 1
github.com/jailtonjunior94/financialcontrol-api/internal/modules/cards/application/dtos/card.go:28.51,30.3 1 1
github.com/jailtonjunior94/financialcontrol-api/internal/modules/cards/application/dtos/card.go:32.2,32.55 1 1
github.com/jailtonjunior94/financialcontrol-api/internal/modules/cards/application/dtos/card.go:32.55,34.3 1 1
github.com/jailtonjunior94/financialcontrol-api/internal/modules/cards/application/dtos/card.go:36.2,36.59 1 1
github.com/jailtonjunior94/financialcontrol-api/internal/modules/cards/application/dtos/card.go:36.59,38.3 1 1
github.com/jailtonjunior94/financialcontrol-api/internal/modules/cards/application/dtos/card.go:40.2,40.31 1 1
github.com/jailtonjunior94/financialcontrol-api/internal/modules/cards/application/dtos/card.go:40.31,42.3 1 1
github.com/jailtonjunior94/financialcontrol-api/internal/modules/cards/application/dtos/card.go:44.2,44.32 1 1
github.com/jailtonjunior94/financialcontrol-api/internal/modules/cards/application/dtos/card.go:44.32,45.66 1 1
github.com/jailtonjunior94/financialcontrol-api/internal/modules/cards/application/dtos/card.go:45.66,47.4 1 0
github.com/jailtonjunior94/financialcontrol-api/internal/modules/cards/application/dtos/card.go:50.2,50.29 1 1
github.com/jailtonjunior94/financialcontrol-api/internal/modules/cards/application/dtos/card.go:65.52,80.29 2 0
github.com/jailtonjunior94/financialcontrol-api/internal/modules/cards/application/dtos/card.go:80.29,82.3 1 0
github.com/jailtonjunior94/financialcontrol-api/internal/modules/cards/application/dtos/card.go:84.2,84.13 1 0
github.com/jailtonjunior94/financialcontrol-api/internal/modules/cards/application/dtos/card.go:87.60,89.23 2 0
github.com/jailtonjunior94/financialcontrol-api/internal/modules/cards/application/dtos/card.go:89.23,91.3 1 0
github.com/jailtonjunior94/financialcontrol-api/internal/modules/cards/application/dtos/card.go:92.2,92.15 1 0
github.com/jailtonjunior94/financialcontrol-api/internal/modules/cards/application/dtos/flag.go:11.51,17.2 1 0
github.com/jailtonjunior94/financialcontrol-api/internal/modules/cards/application/dtos/flag.go:19.60,21.26 2 0
github.com/jailtonjunior94/financialcontrol-api/internal/modules/cards/application/dtos/flag.go:21.26,23.3 1 0
github.com/jailtonjunior94/financialcontrol-api/internal/modules/cards/application/dtos/flag.go:24.2,24.15 1 0
github.com/jailtonjunior94/financialcontrol-api/internal/modules/cards/application/usecase/create_card.go:19.103,21.2 1 1
github.com/jailtonjunior94/financialcontrol-api/internal/modules/cards/application/usecase/create_card.go:23.127,24.39 1 1
github.com/jailtonjunior94/financialcontrol-api/internal/modules/cards/application/usecase/create_card.go:24.39,26.3 1 1
github.com/jailtonjunior94/financialcontrol-api/internal/modules/cards/application/usecase/create_card.go:28.2,32.16 4 1
github.com/jailtonjunior94/financialcontrol-api/internal/modules/cards/application/usecase/create_card.go:32.16,34.3 1 0
github.com/jailtonjunior94/financialcontrol-api/internal/modules/cards/application/usecase/create_card.go:36.2,36.51 1 1
github.com/jailtonjunior94/financialcontrol-api/internal/modules/cards/application/usecase/create_card.go:36.51,38.3 1 1
github.com/jailtonjunior94/financialcontrol-api/internal/modules/cards/application/usecase/create_card.go:40.2,40.39 1 1
github.com/jailtonjunior94/financialcontrol-api/internal/modules/cards/application/usecase/deactivate_card.go:17.75,19.2 1 1
github.com/jailtonjunior94/financialcontrol-api/internal/modules/cards/application/usecase/deactivate_card.go:21.103,23.16 2 1
github.com/jailtonjunior94/financialcontrol-api/internal/modules/cards/application/usecase/deactivate_card.go:23.16,25.3 1 1
github.com/jailtonjunior94/financialcontrol-api/internal/modules/cards/application/usecase/deactivate_card.go:26.2,26.17 1 1
github.com/jailtonjunior94/financialcontrol-api/internal/modules/cards/application/usecase/deactivate_card.go:26.17,28.3 1 1
github.com/jailtonjunior94/financialcontrol-api/internal/modules/cards/application/usecase/deactivate_card.go:30.2,32.54 2 1
github.com/jailtonjunior94/financialcontrol-api/internal/modules/cards/application/usecase/deactivate_card.go:32.54,34.3 1 0
github.com/jailtonjunior94/financialcontrol-api/internal/modules/cards/application/usecase/deactivate_card.go:36.2,36.12 1 1
github.com/jailtonjunior94/financialcontrol-api/internal/modules/cards/application/usecase/get_card.go:18.61,20.2 1 1
github.com/jailtonjunior94/financialcontrol-api/internal/modules/cards/application/usecase/get_card.go:22.117,24.16 2 1
github.com/jailtonjunior94/financialcontrol-api/internal/modules/cards/application/usecase/get_card.go:24.16,26.3 1 1
github.com/jailtonjunior94/financialcontrol-api/internal/modules/cards/application/usecase/get_card.go:27.2,27.17 1 1
github.com/jailtonjunior94/financialcontrol-api/internal/modules/cards/application/usecase/get_card.go:27.17,29.3 1 1
github.com/jailtonjunior94/financialcontrol-api/internal/modules/cards/application/usecase/get_card.go:30.2,30.39 1 1
github.com/jailtonjunior94/financialcontrol-api/internal/modules/cards/application/usecase/list_cards.go:16.65,18.2 1 1
github.com/jailtonjunior94/financialcontrol-api/internal/modules/cards/application/usecase/list_cards.go:20.106,22.16 2 1
github.com/jailtonjunior94/financialcontrol-api/internal/modules/cards/application/usecase/list_cards.go:22.16,24.3 1 1
github.com/jailtonjunior94/financialcontrol-api/internal/modules/cards/application/usecase/list_cards.go:25.2,25.41 1 1
github.com/jailtonjunior94/financialcontrol-api/internal/modules/cards/application/usecase/list_flags.go:15.65,17.2 1 1
github.com/jailtonjunior94/financialcontrol-api/internal/modules/cards/application/usecase/list_flags.go:19.80,21.16 2 1
github.com/jailtonjunior94/financialcontrol-api/internal/modules/cards/application/usecase/list_flags.go:21.16,23.3 1 1
github.com/jailtonjunior94/financialcontrol-api/internal/modules/cards/application/usecase/list_flags.go:24.2,24.41 1 1
github.com/jailtonjunior94/financialcontrol-api/internal/modules/cards/application/usecase/update_card.go:19.103,21.2 1 1
github.com/jailtonjunior94/financialcontrol-api/internal/modules/cards/application/usecase/update_card.go:23.142,24.39 1 1
github.com/jailtonjunior94/financialcontrol-api/internal/modules/cards/application/usecase/update_card.go:24.39,26.3 1 1
github.com/jailtonjunior94/financialcontrol-api/internal/modules/cards/application/usecase/update_card.go:28.2,29.16 2 1
github.com/jailtonjunior94/financialcontrol-api/internal/modules/cards/application/usecase/update_card.go:29.16,31.3 1 1
github.com/jailtonjunior94/financialcontrol-api/internal/modules/cards/application/usecase/update_card.go:32.2,32.17 1 1
github.com/jailtonjunior94/financialcontrol-api/internal/modules/cards/application/usecase/update_card.go:32.17,34.3 1 1
github.com/jailtonjunior94/financialcontrol-api/internal/modules/cards/application/usecase/update_card.go:36.2,39.107 3 1
github.com/jailtonjunior94/financialcontrol-api/internal/modules/cards/application/usecase/update_card.go:39.107,41.3 1 0
github.com/jailtonjunior94/financialcontrol-api/internal/modules/cards/application/usecase/update_card.go:43.2,43.54 1 1
github.com/jailtonjunior94/financialcontrol-api/internal/modules/cards/application/usecase/update_card.go:43.54,45.3 1 1
github.com/jailtonjunior94/financialcontrol-api/internal/modules/cards/application/usecase/update_card.go:47.2,47.39 1 1
github.com/jailtonjunior94/financialcontrol-api/internal/modules/cards/domain/entities/card.go:34.18,36.16 2 1
github.com/jailtonjunior94/financialcontrol-api/internal/modules/cards/domain/entities/card.go:36.16,38.3 1 1
github.com/jailtonjunior94/financialcontrol-api/internal/modules/cards/domain/entities/card.go:40.2,41.16 2 1
github.com/jailtonjunior94/financialcontrol-api/internal/modules/cards/domain/entities/card.go:41.16,43.3 1 1
github.com/jailtonjunior94/financialcontrol-api/internal/modules/cards/domain/entities/card.go:45.2,46.16 2 1
github.com/jailtonjunior94/financialcontrol-api/internal/modules/cards/domain/entities/card.go:46.16,48.3 1 1
github.com/jailtonjunior94/financialcontrol-api/internal/modules/cards/domain/entities/card.go:50.2,51.16 2 1
github.com/jailtonjunior94/financialcontrol-api/internal/modules/cards/domain/entities/card.go:51.16,53.3 1 1
github.com/jailtonjunior94/financialcontrol-api/internal/modules/cards/domain/entities/card.go:55.2,56.16 2 1
github.com/jailtonjunior94/financialcontrol-api/internal/modules/cards/domain/entities/card.go:56.16,58.3 1 1
github.com/jailtonjunior94/financialcontrol-api/internal/modules/cards/domain/entities/card.go:60.2,74.8 2 1
github.com/jailtonjunior94/financialcontrol-api/internal/modules/cards/domain/entities/card.go:84.9,86.16 2 1
github.com/jailtonjunior94/financialcontrol-api/internal/modules/cards/domain/entities/card.go:86.16,88.3 1 1
github.com/jailtonjunior94/financialcontrol-api/internal/modules/cards/domain/entities/card.go:90.2,91.16 2 1
github.com/jailtonjunior94/financialcontrol-api/internal/modules/cards/domain/entities/card.go:91.16,93.3 1 0
github.com/jailtonjunior94/financialcontrol-api/internal/modules/cards/domain/entities/card.go:95.2,96.16 2 1
github.com/jailtonjunior94/financialcontrol-api/internal/modules/cards/domain/entities/card.go:96.16,98.3 1 1
github.com/jailtonjunior94/financialcontrol-api/internal/modules/cards/domain/entities/card.go:100.2,101.16 2 1
github.com/jailtonjunior94/financialcontrol-api/internal/modules/cards/domain/entities/card.go:101.16,103.3 1 1
github.com/jailtonjunior94/financialcontrol-api/internal/modules/cards/domain/entities/card.go:105.2,106.16 2 1
github.com/jailtonjunior94/financialcontrol-api/internal/modules/cards/domain/entities/card.go:106.16,108.3 1 1
github.com/jailtonjunior94/financialcontrol-api/internal/modules/cards/domain/entities/card.go:110.2,118.12 9 1
github.com/jailtonjunior94/financialcontrol-api/internal/modules/cards/domain/entities/card.go:121.29,124.2 2 1
github.com/jailtonjunior94/financialcontrol-api/internal/modules/cards/domain/entities/card.go:126.38,128.2 1 1
github.com/jailtonjunior94/financialcontrol-api/internal/modules/cards/domain/entities/card.go:130.57,132.2 1 1
github.com/jailtonjunior94/financialcontrol-api/internal/modules/cards/domain/entities/card.go:134.44,134.59 1 1
github.com/jailtonjunior94/financialcontrol-api/internal/modules/cards/domain/entities/card.go:135.44,135.63 1 1
github.com/jailtonjunior94/financialcontrol-api/internal/modules/cards/domain/entities/card.go:136.44,136.63 1 1
github.com/jailtonjunior94/financialcontrol-api/internal/modules/cards/domain/entities/card.go:137.44,137.61 1 0
github.com/jailtonjunior94/financialcontrol-api/internal/modules/cards/domain/entities/card.go:138.44,138.61 1 1
github.com/jailtonjunior94/financialcontrol-api/internal/modules/cards/domain/entities/card.go:139.44,139.63 1 1
github.com/jailtonjunior94/financialcontrol-api/internal/modules/cards/domain/entities/card.go:140.44,140.68 1 1
github.com/jailtonjunior94/financialcontrol-api/internal/modules/cards/domain/entities/card.go:141.44,141.67 1 1
github.com/jailtonjunior94/financialcontrol-api/internal/modules/cards/domain/entities/card.go:142.44,142.63 1 1
github.com/jailtonjunior94/financialcontrol-api/internal/modules/cards/domain/entities/card.go:143.44,143.63 1 1
github.com/jailtonjunior94/financialcontrol-api/internal/modules/cards/domain/entities/card.go:144.44,144.66 1 1
github.com/jailtonjunior94/financialcontrol-api/internal/modules/cards/domain/entities/card.go:145.44,145.66 1 1
github.com/jailtonjunior94/financialcontrol-api/internal/modules/cards/domain/entities/card.go:147.44,147.58 1 0
github.com/jailtonjunior94/financialcontrol-api/internal/modules/cards/domain/entities/card.go:148.44,148.57 1 0
github.com/jailtonjunior94/financialcontrol-api/internal/modules/cards/domain/entities/card.go:149.44,149.63 1 0
github.com/jailtonjunior94/financialcontrol-api/internal/modules/cards/domain/entities/card.go:150.44,150.63 1 0
github.com/jailtonjunior94/financialcontrol-api/internal/modules/cards/domain/entities/flag.go:13.60,15.2 1 1
github.com/jailtonjunior94/financialcontrol-api/internal/modules/cards/domain/entities/flag.go:17.31,17.46 1 1
github.com/jailtonjunior94/financialcontrol-api/internal/modules/cards/domain/entities/flag.go:18.31,18.48 1 1
github.com/jailtonjunior94/financialcontrol-api/internal/modules/cards/domain/entities/flag.go:19.31,19.50 1 1
github.com/jailtonjunior94/financialcontrol-api/internal/modules/catalog/infrastructure/category_repository.go:12.76,14.2 1 0
github.com/jailtonjunior94/financialcontrol-api/internal/modules/catalog/infrastructure/category_repository.go:16.73,19.70 3 0
github.com/jailtonjunior94/financialcontrol-api/internal/modules/catalog/infrastructure/category_repository.go:19.70,21.3 1 0
github.com/jailtonjunior94/financialcontrol-api/internal/modules/catalog/infrastructure/category_repository.go:23.2,23.24 1 0
github.com/jailtonjunior94/financialcontrol-api/internal/modules/catalog/infrastructure/flag_repository.go:12.68,14.2 1 0
github.com/jailtonjunior94/financialcontrol-api/internal/modules/catalog/infrastructure/flag_repository.go:16.60,19.60 3 0
github.com/jailtonjunior94/financialcontrol-api/internal/modules/catalog/infrastructure/flag_repository.go:19.60,21.3 1 0
github.com/jailtonjunior94/financialcontrol-api/internal/modules/catalog/infrastructure/flag_repository.go:23.2,23.19 1 0
github.com/jailtonjunior94/financialcontrol-api/internal/modules/cards/domain/vos/billing_cycle.go:15.76,16.30 1 1
github.com/jailtonjunior94/financialcontrol-api/internal/modules/cards/domain/vos/billing_cycle.go:16.30,18.3 1 1
github.com/jailtonjunior94/financialcontrol-api/internal/modules/cards/domain/vos/billing_cycle.go:19.2,19.54 1 1
github.com/jailtonjunior94/financialcontrol-api/internal/modules/cards/domain/vos/billing_cycle.go:26.64,30.33 3 1
github.com/jailtonjunior94/financialcontrol-api/internal/modules/cards/domain/vos/billing_cycle.go:30.33,32.3 1 1
github.com/jailtonjunior94/financialcontrol-api/internal/modules/cards/domain/vos/billing_cycle.go:33.2,33.37 1 1
github.com/jailtonjunior94/financialcontrol-api/internal/modules/cards/domain/vos/billing_cycle.go:33.37,35.3 1 1
github.com/jailtonjunior94/financialcontrol-api/internal/modules/cards/domain/vos/billing_cycle.go:37.2,38.17 2 1
github.com/jailtonjunior94/financialcontrol-api/internal/modules/cards/domain/vos/billing_cycle.go:38.17,41.3 2 1
github.com/jailtonjunior94/financialcontrol-api/internal/modules/cards/domain/vos/billing_cycle.go:43.2,46.16 4 1
github.com/jailtonjunior94/financialcontrol-api/internal/modules/cards/domain/vos/billing_cycle.go:46.16,48.3 1 1
github.com/jailtonjunior94/financialcontrol-api/internal/modules/cards/domain/vos/billing_cycle.go:49.2,49.72 1 1
github.com/jailtonjunior94/financialcontrol-api/internal/modules/cards/domain/vos/billing_cycle.go:54.45,56.14 2 1
github.com/jailtonjunior94/financialcontrol-api/internal/modules/cards/domain/vos/billing_cycle.go:56.14,58.3 1 1
github.com/jailtonjunior94/financialcontrol-api/internal/modules/cards/domain/vos/billing_cycle.go:59.2,59.13 1 1
github.com/jailtonjunior94/financialcontrol-api/internal/modules/cards/domain/vos/billing_cycle.go:62.44,62.64 1 1
github.com/jailtonjunior94/financialcontrol-api/internal/modules/cards/domain/vos/billing_cycle.go:63.44,63.60 1 1
github.com/jailtonjunior94/financialcontrol-api/internal/modules/cards/domain/vos/billing_cycle.go:65.53,67.2 1 1
github.com/jailtonjunior94/financialcontrol-api/internal/modules/cards/domain/vos/card_id.go:17.23,23.2 5 1
github.com/jailtonjunior94/financialcontrol-api/internal/modules/cards/domain/vos/card_id.go:25.33,27.2 1 1
github.com/jailtonjunior94/financialcontrol-api/internal/modules/cards/domain/vos/card_id.go:29.25,31.2 1 1
github.com/jailtonjunior94/financialcontrol-api/internal/modules/cards/domain/vos/card_id.go:33.44,34.21 1 1
github.com/jailtonjunior94/financialcontrol-api/internal/modules/cards/domain/vos/card_id.go:34.21,36.3 1 1
github.com/jailtonjunior94/financialcontrol-api/internal/modules/cards/domain/vos/card_id.go:37.2,37.23 1 1
github.com/jailtonjunior94/financialcontrol-api/internal/modules/cards/domain/vos/card_id.go:40.33,40.53 1 1
github.com/jailtonjunior94/financialcontrol-api/internal/modules/cards/domain/vos/card_name.go:12.46,14.44 2 1
github.com/jailtonjunior94/financialcontrol-api/internal/modules/cards/domain/vos/card_name.go:14.44,16.3 1 1
github.com/jailtonjunior94/financialcontrol-api/internal/modules/cards/domain/vos/card_name.go:17.2,17.31 1 1
github.com/jailtonjunior94/financialcontrol-api/internal/modules/cards/domain/vos/card_name.go:20.35,20.55 1 1
github.com/jailtonjunior94/financialcontrol-api/internal/modules/cards/domain/vos/card_number.go:12.50,13.53 1 1
github.com/jailtonjunior94/financialcontrol-api/internal/modules/cards/domain/vos/card_number.go:13.53,15.3 1 1
github.com/jailtonjunior94/financialcontrol-api/internal/modules/cards/domain/vos/card_number.go:16.2,16.27 1 1
github.com/jailtonjunior94/financialcontrol-api/internal/modules/cards/domain/vos/card_number.go:19.35,20.17 1 1
github.com/jailtonjunior94/financialcontrol-api/internal/modules/cards/domain/vos/card_number.go:20.17,22.3 1 1
github.com/jailtonjunior94/financialcontrol-api/internal/modules/cards/domain/vos/card_number.go:23.2,23.22 1 1
github.com/jailtonjunior94/financialcontrol-api/internal/modules/cards/domain/vos/card_number.go:23.22,24.26 1 1
github.com/jailtonjunior94/financialcontrol-api/internal/modules/cards/domain/vos/card_number.go:24.26,26.4 1 1
github.com/jailtonjunior94/financialcontrol-api/internal/modules/cards/domain/vos/card_number.go:28.2,28.13 1 1
github.com/jailtonjunior94/financialcontrol-api/internal/modules/cards/domain/vos/card_number.go:31.37,31.57 1 1
github.com/jailtonjunior94/financialcontrol-api/internal/modules/cards/domain/vos/closing_day.go:9.47,10.21 1 1
github.com/jailtonjunior94/financialcontrol-api/internal/modules/cards/domain/vos/closing_day.go:10.21,12.3 1 1
github.com/jailtonjunior94/financialcontrol-api/internal/modules/cards/domain/vos/closing_day.go:13.2,13.27 1 1
github.com/jailtonjunior94/financialcontrol-api/internal/modules/cards/domain/vos/closing_day.go:16.39,18.16 2 1
github.com/jailtonjunior94/financialcontrol-api/internal/modules/cards/domain/vos/closing_day.go:18.16,19.13 1 0
github.com/jailtonjunior94/financialcontrol-api/internal/modules/cards/domain/vos/closing_day.go:21.2,21.10 1 1
github.com/jailtonjunior94/financialcontrol-api/internal/modules/cards/domain/vos/closing_day.go:24.31,24.48 1 1
github.com/jailtonjunior94/financialcontrol-api/internal/modules/cards/domain/vos/due_day.go:9.39,10.21 1 1
github.com/jailtonjunior94/financialcontrol-api/internal/modules/cards/domain/vos/due_day.go:10.21,12.3 1 1
github.com/jailtonjunior94/financialcontrol-api/internal/modules/cards/domain/vos/due_day.go:13.2,13.23 1 1
github.com/jailtonjunior94/financialcontrol-api/internal/modules/cards/domain/vos/due_day.go:16.31,18.16 2 1
github.com/jailtonjunior94/financialcontrol-api/internal/modules/cards/domain/vos/due_day.go:18.16,19.13 1 0
github.com/jailtonjunior94/financialcontrol-api/internal/modules/cards/domain/vos/due_day.go:21.2,21.10 1 1
github.com/jailtonjunior94/financialcontrol-api/internal/modules/cards/domain/vos/due_day.go:24.27,24.44 1 1
github.com/jailtonjunior94/financialcontrol-api/internal/modules/cards/domain/vos/flag_id.go:9.44,10.21 1 1
github.com/jailtonjunior94/financialcontrol-api/internal/modules/cards/domain/vos/flag_id.go:10.21,12.3 1 1
github.com/jailtonjunior94/financialcontrol-api/internal/modules/cards/domain/vos/flag_id.go:13.2,13.23 1 1
github.com/jailtonjunior94/financialcontrol-api/internal/modules/cards/domain/vos/flag_id.go:16.33,16.53 1 1
github.com/jailtonjunior94/financialcontrol-api/internal/modules/cards/infrastructure/http/handlers/card_handler.go:27.16,35.2 1 1
github.com/jailtonjunior94/financialcontrol-api/internal/modules/cards/infrastructure/http/handlers/card_handler.go:37.48,39.16 2 1
github.com/jailtonjunior94/financialcontrol-api/internal/modules/cards/infrastructure/http/handlers/card_handler.go:39.16,41.3 1 0
github.com/jailtonjunior94/financialcontrol-api/internal/modules/cards/infrastructure/http/handlers/card_handler.go:42.2,43.16 2 1
github.com/jailtonjunior94/financialcontrol-api/internal/modules/cards/infrastructure/http/handlers/card_handler.go:43.16,46.3 2 1
github.com/jailtonjunior94/financialcontrol-api/internal/modules/cards/infrastructure/http/handlers/card_handler.go:47.2,47.43 1 1
github.com/jailtonjunior94/financialcontrol-api/internal/modules/cards/infrastructure/http/handlers/card_handler.go:50.47,52.16 2 1
github.com/jailtonjunior94/financialcontrol-api/internal/modules/cards/infrastructure/http/handlers/card_handler.go:52.16,54.3 1 0
github.com/jailtonjunior94/financialcontrol-api/internal/modules/cards/infrastructure/http/handlers/card_handler.go:55.2,56.16 2 1
github.com/jailtonjunior94/financialcontrol-api/internal/modules/cards/infrastructure/http/handlers/card_handler.go:56.16,58.3 1 1
github.com/jailtonjunior94/financialcontrol-api/internal/modules/cards/infrastructure/http/handlers/card_handler.go:59.2,60.16 2 1
github.com/jailtonjunior94/financialcontrol-api/internal/modules/cards/infrastructure/http/handlers/card_handler.go:60.16,63.3 2 1
github.com/jailtonjunior94/financialcontrol-api/internal/modules/cards/infrastructure/http/handlers/card_handler.go:64.2,64.43 1 1
github.com/jailtonjunior94/financialcontrol-api/internal/modules/cards/infrastructure/http/handlers/card_handler.go:67.50,69.16 2 1
github.com/jailtonjunior94/financialcontrol-api/internal/modules/cards/infrastructure/http/handlers/card_handler.go:69.16,71.3 1 0
github.com/jailtonjunior94/financialcontrol-api/internal/modules/cards/infrastructure/http/handlers/card_handler.go:72.2,73.43 2 1
github.com/jailtonjunior94/financialcontrol-api/internal/modules/cards/infrastructure/http/handlers/card_handler.go:73.43,75.3 1 1
github.com/jailtonjunior94/financialcontrol-api/internal/modules/cards/infrastructure/http/handlers/card_handler.go:76.2,77.16 2 1
github.com/jailtonjunior94/financialcontrol-api/internal/modules/cards/infrastructure/http/handlers/card_handler.go:77.16,80.3 2 1
github.com/jailtonjunior94/financialcontrol-api/internal/modules/cards/infrastructure/http/handlers/card_handler.go:81.2,81.48 1 1
github.com/jailtonjunior94/financialcontrol-api/internal/modules/cards/infrastructure/http/handlers/card_handler.go:84.50,86.16 2 0
github.com/jailtonjunior94/financialcontrol-api/internal/modules/cards/infrastructure/http/handlers/card_handler.go:86.16,88.3 1 0
github.com/jailtonjunior94/financialcontrol-api/internal/modules/cards/infrastructure/http/handlers/card_handler.go:89.2,90.16 2 0
github.com/jailtonjunior94/financialcontrol-api/internal/modules/cards/infrastructure/http/handlers/card_handler.go:90.16,92.3 1 0
github.com/jailtonjunior94/financialcontrol-api/internal/modules/cards/infrastructure/http/handlers/card_handler.go:93.2,94.43 2 0
github.com/jailtonjunior94/financialcontrol-api/internal/modules/cards/infrastructure/http/handlers/card_handler.go:94.43,96.3 1 0
github.com/jailtonjunior94/financialcontrol-api/internal/modules/cards/infrastructure/http/handlers/card_handler.go:97.2,98.16 2 0
github.com/jailtonjunior94/financialcontrol-api/internal/modules/cards/infrastructure/http/handlers/card_handler.go:98.16,101.3 2 0
github.com/jailtonjunior94/financialcontrol-api/internal/modules/cards/infrastructure/http/handlers/card_handler.go:102.2,102.43 1 0
github.com/jailtonjunior94/financialcontrol-api/internal/modules/cards/infrastructure/http/handlers/card_handler.go:105.54,107.16 2 1
github.com/jailtonjunior94/financialcontrol-api/internal/modules/cards/infrastructure/http/handlers/card_handler.go:107.16,109.3 1 0
github.com/jailtonjunior94/financialcontrol-api/internal/modules/cards/infrastructure/http/handlers/card_handler.go:110.2,111.16 2 1
github.com/jailtonjunior94/financialcontrol-api/internal/modules/cards/infrastructure/http/handlers/card_handler.go:111.16,113.3 1 1
github.com/jailtonjunior94/financialcontrol-api/internal/modules/cards/infrastructure/http/handlers/card_handler.go:114.2,114.74 1 1
github.com/jailtonjunior94/financialcontrol-api/internal/modules/cards/infrastructure/http/handlers/card_handler.go:114.74,117.3 2 1
github.com/jailtonjunior94/financialcontrol-api/internal/modules/cards/infrastructure/http/handlers/card_handler.go:118.2,118.50 1 1
github.com/jailtonjunior94/financialcontrol-api/internal/modules/cards/infrastructure/http/handlers/card_handler.go:121.61,123.16 2 1
github.com/jailtonjunior94/financialcontrol-api/internal/modules/cards/infrastructure/http/handlers/card_handler.go:123.16,125.3 1 1
github.com/jailtonjunior94/financialcontrol-api/internal/modules/cards/infrastructure/http/handlers/card_handler.go:126.2,126.48 1 1
github.com/jailtonjunior94/financialcontrol-api/internal/modules/cards/infrastructure/http/handlers/error_mapping.go:11.37,12.9 1 1
github.com/jailtonjunior94/financialcontrol-api/internal/modules/cards/infrastructure/http/handlers/error_mapping.go:13.18,14.29 1 1
github.com/jailtonjunior94/financialcontrol-api/internal/modules/cards/infrastructure/http/handlers/error_mapping.go:15.86,16.63 1 1
github.com/jailtonjunior94/financialcontrol-api/internal/modules/cards/infrastructure/http/handlers/error_mapping.go:23.49,24.74 1 1
github.com/jailtonjunior94/financialcontrol-api/internal/modules/cards/infrastructure/http/handlers/error_mapping.go:25.10,27.77 2 1
github.com/jailtonjunior94/financialcontrol-api/internal/modules/cards/infrastructure/http/handlers/flag_handler.go:12.63,14.2 1 1
github.com/jailtonjunior94/financialcontrol-api/internal/modules/cards/infrastructure/http/handlers/flag_handler.go:16.48,18.16 2 1
github.com/jailtonjunior94/financialcontrol-api/internal/modules/cards/infrastructure/http/handlers/flag_handler.go:18.16,20.3 1 1
github.com/jailtonjunior94/financialcontrol-api/internal/modules/cards/infrastructure/http/handlers/flag_handler.go:21.2,22.16 2 1
github.com/jailtonjunior94/financialcontrol-api/internal/modules/cards/infrastructure/http/handlers/flag_handler.go:22.16,25.3 2 1
github.com/jailtonjunior94/financialcontrol-api/internal/modules/cards/infrastructure/http/handlers/flag_handler.go:26.2,26.43 1 1
github.com/jailtonjunior94/financialcontrol-api/internal/modules/identity/application/usecase/mocks/authenticate_user.go:21.65,23.2 1 0
github.com/jailtonjunior94/financialcontrol-api/internal/modules/identity/application/usecase/mocks/authenticate_user.go:26.106,29.19 2 0
[...]
github.com/jailtonjunior94/financialcontrol-api/internal/modules/transactions/http/transaction_controller.go:54.2,55.60 2 1
github.com/jailtonjunior94/financialcontrol-api/internal/modules/transactions/http/transaction_controller.go:58.72,60.16 2 0
github.com/jailtonjunior94/financialcontrol-api/internal/modules/transactions/http/transaction_controller.go:60.16,62.3 1 0
github.com/jailtonjunior94/financialcontrol-api/internal/modules/transactions/http/transaction_controller.go:64.2,65.60 2 0
github.com/jailtonjunior94/financialcontrol-api/internal/modules/transactions/http/transaction_controller.go:68.75,71.2 2 0
github.com/jailtonjunior94/financialcontrol-api/internal/modules/transactions/http/transaction_controller.go:73.77,75.72 2 0
github.com/jailtonjunior94/financialcontrol-api/internal/modules/transactions/http/transaction_controller.go:75.72,77.3 1 0
github.com/jailtonjunior94/financialcontrol-api/internal/modules/transactions/http/transaction_controller.go:79.2,80.16 2 0
github.com/jailtonjunior94/financialcontrol-api/internal/modules/transactions/http/transaction_controller.go:80.16,82.3 1 0
github.com/jailtonjunior94/financialcontrol-api/internal/modules/transactions/http/transaction_controller.go:84.2,85.60 2 0
github.com/jailtonjunior94/financialcontrol-api/internal/modules/transactions/http/transaction_controller.go:88.77,90.72 2 0
github.com/jailtonjunior94/financialcontrol-api/internal/modules/transactions/http/transaction_controller.go:90.72,92.3 1 0
github.com/jailtonjunior94/financialcontrol-api/internal/modules/transactions/http/transaction_controller.go:94.2,95.16 2 0
github.com/jailtonjunior94/financialcontrol-api/internal/modules/transactions/http/transaction_controller.go:95.16,97.3 1 0
github.com/jailtonjunior94/financialcontrol-api/internal/modules/transactions/http/transaction_controller.go:99.2,100.60 2 0
github.com/jailtonjunior94/financialcontrol-api/internal/modules/transactions/http/transaction_controller.go:103.81,105.16 2 0
github.com/jailtonjunior94/financialcontrol-api/internal/modules/transactions/http/transaction_controller.go:105.16,107.3 1 0
github.com/jailtonjunior94/financialcontrol-api/internal/modules/transactions/http/transaction_controller.go:109.2,110.49 2 0
github.com/jailtonjunior94/financialcontrol-api/internal/modules/transactions/http/transaction_controller.go:110.49,112.3 1 0
github.com/jailtonjunior94/financialcontrol-api/internal/modules/transactions/http/transaction_controller.go:114.2,115.60 2 0
github.com/jailtonjunior94/financialcontrol-api/internal/modules/transactions/http/transaction_controller.go:118.77,120.16 2 0
github.com/jailtonjunior94/financialcontrol-api/internal/modules/transactions/http/transaction_controller.go:120.16,122.3 1 0
github.com/jailtonjunior94/financialcontrol-api/internal/modules/transactions/http/transaction_controller.go:124.2,125.60 2 0
github.com/jailtonjunior94/financialcontrol-api/internal/modules/transactions/http/transaction_controller.go:128.128,129.48 1 0
github.com/jailtonjunior94/financialcontrol-api/internal/modules/transactions/http/transaction_controller.go:129.48,131.3 1 0
github.com/jailtonjunior94/financialcontrol-api/internal/modules/transactions/http/transaction_controller.go:133.2,133.42 1 0
github.com/jailtonjunior94/financialcontrol-api/internal/modules/transactions/http/transaction_controller.go:133.42,135.3 1 0
github.com/jailtonjunior94/financialcontrol-api/internal/modules/transactions/http/transaction_controller.go:137.2,137.35 1 0
github.com/jailtonjunior94/financialcontrol-api/pkg/authmiddleware/middleware.go:18.52,19.34 1 1
github.com/jailtonjunior94/financialcontrol-api/pkg/authmiddleware/middleware.go:19.34,21.17 2 1
github.com/jailtonjunior94/financialcontrol-api/pkg/authmiddleware/middleware.go:21.17,24.4 2 1
github.com/jailtonjunior94/financialcontrol-api/pkg/authmiddleware/middleware.go:25.3,26.17 2 1
github.com/jailtonjunior94/financialcontrol-api/pkg/authmiddleware/middleware.go:26.17,29.4 2 1
github.com/jailtonjunior94/financialcontrol-api/pkg/authmiddleware/middleware.go:30.3,34.18 2 1
github.com/jailtonjunior94/financialcontrol-api/pkg/authmiddleware/middleware.go:40.51,41.34 1 1
github.com/jailtonjunior94/financialcontrol-api/pkg/authmiddleware/middleware.go:41.34,43.17 2 1
github.com/jailtonjunior94/financialcontrol-api/pkg/authmiddleware/middleware.go:43.17,44.40 1 1
github.com/jailtonjunior94/financialcontrol-api/pkg/authmiddleware/middleware.go:44.40,46.5 1 1
github.com/jailtonjunior94/financialcontrol-api/pkg/authmiddleware/middleware.go:47.4,48.39 2 1
github.com/jailtonjunior94/financialcontrol-api/pkg/authmiddleware/middleware.go:50.3,51.17 2 1
github.com/jailtonjunior94/financialcontrol-api/pkg/authmiddleware/middleware.go:51.17,54.4 2 1
github.com/jailtonjunior94/financialcontrol-api/pkg/authmiddleware/middleware.go:55.3,59.18 2 1
github.com/jailtonjunior94/financialcontrol-api/pkg/authmiddleware/middleware.go:63.49,65.18 2 1
github.com/jailtonjunior94/financialcontrol-api/pkg/authmiddleware/middleware.go:65.18,67.3 1 1
github.com/jailtonjunior94/financialcontrol-api/pkg/authmiddleware/middleware.go:68.2,68.43 1 1
github.com/jailtonjunior94/financialcontrol-api/pkg/authmiddleware/middleware.go:68.43,70.3 1 1
github.com/jailtonjunior94/financialcontrol-api/pkg/authmiddleware/middleware.go:71.2,72.17 2 1
github.com/jailtonjunior94/financialcontrol-api/pkg/authmiddleware/middleware.go:72.17,74.3 1 0
github.com/jailtonjunior94/financialcontrol-api/pkg/authmiddleware/middleware.go:75.2,75.19 1 1
github.com/jailtonjunior94/financialcontrol-api/pkg/authmiddleware/middleware.go:78.51,81.2 2 1
github.com/jailtonjunior94/financialcontrol-api/pkg/authmiddleware/middleware.go:83.51,89.2 1 1
github.com/jailtonjunior94/financialcontrol-api/pkg/authmiddleware/middleware.go:91.37,92.43 1 1
github.com/jailtonjunior94/financialcontrol-api/pkg/authmiddleware/middleware.go:92.43,94.3 1 0
github.com/jailtonjunior94/financialcontrol-api/pkg/authmiddleware/middleware.go:95.2,95.28 1 1
github.com/jailtonjunior94/financialcontrol-api/pkg/authmiddleware/middleware.go:98.35,99.38 1 1
github.com/jailtonjunior94/financialcontrol-api/pkg/authmiddleware/middleware.go:99.38,101.3 1 1
github.com/jailtonjunior94/financialcontrol-api/pkg/authmiddleware/middleware.go:102.2,102.27 1 1
github.com/jailtonjunior94/financialcontrol-api/pkg/authmiddleware/middleware.go:105.38,106.44 1 1
github.com/jailtonjunior94/financialcontrol-api/pkg/authmiddleware/middleware.go:106.44,108.3 1 1
github.com/jailtonjunior94/financialcontrol-api/pkg/authmiddleware/middleware.go:109.2,109.49 1 1
github.com/jailtonjunior94/financialcontrol-api/pkg/authmiddleware/middleware.go:109.49,111.3 1 0
github.com/jailtonjunior94/financialcontrol-api/pkg/authmiddleware/middleware.go:112.2,112.24 1 1
github.com/jailtonjunior94/financialcontrol-api/pkg/jwt/mocks/issuer.go:23.45,25.2 1 0
github.com/jailtonjunior94/financialcontrol-api/pkg/jwt/mocks/issuer.go:28.90,31.19 2 0
github.com/jailtonjunior94/financialcontrol-api/pkg/jwt/mocks/issuer.go:31.19,32.47 1 0
github.com/jailtonjunior94/financialcontrol-api/pkg/jwt/mocks/issuer.go:35.2,38.95 4 0
github.com/jailtonjunior94/financialcontrol-api/pkg/jwt/mocks/issuer.go:38.95,40.3 1 0
github.com/jailtonjunior94/financialcontrol-api/pkg/jwt/mocks/issuer.go:41.2,41.75 1 0
github.com/jailtonjunior94/financialcontrol-api/pkg/jwt/mocks/issuer.go:41.75,43.3 1 0
github.com/jailtonjunior94/financialcontrol-api/pkg/jwt/mocks/issuer.go:43.8,45.3 1 0
github.com/jailtonjunior94/financialcontrol-api/pkg/jwt/mocks/issuer.go:47.2,47.78 1 0
github.com/jailtonjunior94/financialcontrol-api/pkg/jwt/mocks/issuer.go:47.78,49.3 1 0
github.com/jailtonjunior94/financialcontrol-api/pkg/jwt/mocks/issuer.go:49.8,51.3 1 0
github.com/jailtonjunior94/financialcontrol-api/pkg/jwt/mocks/issuer.go:53.2,53.74 1 0
github.com/jailtonjunior94/financialcontrol-api/pkg/jwt/mocks/issuer.go:53.74,55.3 1 0
github.com/jailtonjunior94/financialcontrol-api/pkg/jwt/mocks/issuer.go:55.8,57.3 1 0
github.com/jailtonjunior94/financialcontrol-api/pkg/jwt/mocks/issuer.go:59.2,59.19 1 0
github.com/jailtonjunior94/financialcontrol-api/pkg/jwt/mocks/issuer.go:70.86,72.2 1 0
github.com/jailtonjunior94/financialcontrol-api/pkg/jwt/mocks/issuer.go:74.101,75.40 1 0
github.com/jailtonjunior94/financialcontrol-api/pkg/jwt/mocks/issuer.go:75.40,77.3 1 0
github.com/jailtonjunior94/financialcontrol-api/pkg/jwt/mocks/issuer.go:78.2,78.11 1 0
github.com/jailtonjunior94/financialcontrol-api/pkg/jwt/mocks/issuer.go:81.102,84.2 2 0
github.com/jailtonjunior94/financialcontrol-api/pkg/jwt/mocks/issuer.go:86.130,89.2 2 0
github.com/jailtonjunior94/financialcontrol-api/pkg/jwt/mocks/issuer.go:96.12,100.19 3 0
github.com/jailtonjunior94/financialcontrol-api/pkg/jwt/mocks/issuer.go:100.19,100.49 1 0
github.com/jailtonjunior94/financialcontrol-api/pkg/jwt/mocks/issuer.go:102.2,102.13 1 0
github.com/jailtonjunior94/financialcontrol-api/pkg/jwt/mocks/parser.go:21.45,23.2 1 0
github.com/jailtonjunior94/financialcontrol-api/pkg/jwt/mocks/parser.go:26.82,29.19 2 0
github.com/jailtonjunior94/financialcontrol-api/pkg/jwt/mocks/parser.go:29.19,30.47 1 0
github.com/jailtonjunior94/financialcontrol-api/pkg/jwt/mocks/parser.go:33.2,35.84 3 0
github.com/jailtonjunior94/financialcontrol-api/pkg/jwt/mocks/parser.go:35.84,37.3 1 0
github.com/jailtonjunior94/financialcontrol-api/pkg/jwt/mocks/parser.go:38.2,38.75 1 0
github.com/jailtonjunior94/financialcontrol-api/pkg/jwt/mocks/parser.go:38.75,40.3 1 0
github.com/jailtonjunior94/financialcontrol-api/pkg/jwt/mocks/parser.go:40.8,42.3 1 0
github.com/jailtonjunior94/financialcontrol-api/pkg/jwt/mocks/parser.go:44.2,44.68 1 0
github.com/jailtonjunior94/financialcontrol-api/pkg/jwt/mocks/parser.go:44.68,46.3 1 0
github.com/jailtonjunior94/financialcontrol-api/pkg/jwt/mocks/parser.go:46.8,48.3 1 0
github.com/jailtonjunior94/financialcontrol-api/pkg/jwt/mocks/parser.go:50.2,50.15 1 0
github.com/jailtonjunior94/financialcontrol-api/pkg/jwt/mocks/parser.go:61.89,63.2 1 0
github.com/jailtonjunior94/financialcontrol-api/pkg/jwt/mocks/parser.go:65.98,66.40 1 0
github.com/jailtonjunior94/financialcontrol-api/pkg/jwt/mocks/parser.go:66.40,68.3 1 0
github.com/jailtonjunior94/financialcontrol-api/pkg/jwt/mocks/parser.go:69.2,69.11 1 0
github.com/jailtonjunior94/financialcontrol-api/pkg/jwt/mocks/parser.go:72.85,75.2 2 0
github.com/jailtonjunior94/financialcontrol-api/pkg/jwt/mocks/parser.go:77.119,80.2 2 0
github.com/jailtonjunior94/financialcontrol-api/pkg/jwt/mocks/parser.go:87.12,91.19 3 0
github.com/jailtonjunior94/financialcontrol-api/pkg/jwt/mocks/parser.go:91.19,91.49 1 0
github.com/jailtonjunior94/financialcontrol-api/pkg/jwt/mocks/parser.go:93.2,93.13 1 0
github.com/jailtonjunior94/financialcontrol-api/pkg/config/environment.go:22.26,23.31 1 0
github.com/jailtonjunior94/financialcontrol-api/pkg/config/environment.go:23.31,25.3 1 0
github.com/jailtonjunior94/financialcontrol-api/pkg/config/environment.go:28.19,30.23 2 1
github.com/jailtonjunior94/financialcontrol-api/pkg/config/environment.go:30.23,32.3 1 1
github.com/jailtonjunior94/financialcontrol-api/pkg/config/environment.go:34.2,36.16 3 1
github.com/jailtonjunior94/financialcontrol-api/pkg/config/environment.go:36.16,38.3 1 1
github.com/jailtonjunior94/financialcontrol-api/pkg/config/environment.go:39.2,41.41 2 1
github.com/jailtonjunior94/financialcontrol-api/pkg/config/environment.go:41.41,43.3 1 0
github.com/jailtonjunior94/financialcontrol-api/pkg/config/environment.go:45.2,53.12 7 1
github.com/jailtonjunior94/financialcontrol-api/pkg/config/environment.go:56.60,59.16 3 1
github.com/jailtonjunior94/financialcontrol-api/pkg/config/environment.go:59.16,61.3 1 0
github.com/jailtonjunior94/financialcontrol-api/pkg/config/environment.go:63.2,63.6 1 1
github.com/jailtonjunior94/financialcontrol-api/pkg/config/environment.go:63.6,65.47 2 1
github.com/jailtonjunior94/financialcontrol-api/pkg/config/environment.go:65.47,67.4 1 1
github.com/jailtonjunior94/financialcontrol-api/pkg/config/environment.go:69.3,70.24 2 1
github.com/jailtonjunior94/financialcontrol-api/pkg/config/environment.go:70.24,72.4 1 1
github.com/jailtonjunior94/financialcontrol-api/pkg/config/environment.go:74.3,74.19 1 1
github.com/jailtonjunior94/financialcontrol-api/pkg/shared/filter.go:3.51,5.26 2 0
github.com/jailtonjunior94/financialcontrol-api/pkg/shared/filter.go:5.26,6.11 1 0
github.com/jailtonjunior94/financialcontrol-api/pkg/shared/filter.go:6.11,8.4 1 0
github.com/jailtonjunior94/financialcontrol-api/pkg/shared/filter.go:10.2,10.10 1 0
github.com/jailtonjunior94/financialcontrol-api/pkg/shared/time.go:17.40,19.16 2 0
github.com/jailtonjunior94/financialcontrol-api/pkg/shared/time.go:19.16,21.3 1 0
github.com/jailtonjunior94/financialcontrol-api/pkg/shared/time.go:23.2,25.25 2 0
github.com/jailtonjunior94/financialcontrol-api/pkg/shared/time.go:25.25,29.3 3 0
github.com/jailtonjunior94/financialcontrol-api/pkg/shared/time.go:31.2,34.3 1 0
github.com/jailtonjunior94/financialcontrol-api/pkg/shared/time.go:37.45,39.2 1 0
github.com/jailtonjunior94/financialcontrol-api/pkg/shared/time.go:41.38,43.2 1 0
github.com/jailtonjunior94/financialcontrol-api/pkg/shared/time.go:45.36,47.2 1 0
github.com/jailtonjunior94/financialcontrol-api/pkg/shared/time.go:49.39,51.2 1 0
github.com/jailtonjunior94/financialcontrol-api/pkg/shared/time.go:53.59,55.2 1 0
github.com/jailtonjunior94/financialcontrol-api/pkg/shared/time.go:57.43,62.2 3 0
github.com/jailtonjunior94/financialcontrol-api/pkg/entity/entity.go:20.30,25.2 4 1
github.com/jailtonjunior94/financialcontrol-api/pkg/entity/entity.go:27.36,29.2 1 1
github.com/jailtonjunior94/financialcontrol-api/pkg/entity/entity.go:31.44,33.2 1 1
github.com/jailtonjunior94/financialcontrol-api/pkg/uuid/uuid.go:12.36,14.2 1 0
github.com/jailtonjunior94/financialcontrol-api/pkg/uuid/uuid.go:16.45,18.2 1 0
github.com/jailtonjunior94/financialcontrol-api/pkg/web/response.go:21.62,23.2 1 0
github.com/jailtonjunior94/financialcontrol-api/pkg/web/response.go:25.49,29.2 3 0
github.com/jailtonjunior94/financialcontrol-api/pkg/web/response.go:31.33,33.2 1 0
github.com/jailtonjunior94/financialcontrol-api/pkg/web/response.go:35.38,37.2 1 0
github.com/jailtonjunior94/financialcontrol-api/pkg/web/response.go:39.32,41.2 1 0
github.com/jailtonjunior94/financialcontrol-api/pkg/web/response.go:43.41,45.2 1 0
github.com/jailtonjunior94/financialcontrol-api/pkg/web/response.go:47.40,49.2 1 0
github.com/jailtonjunior94/financialcontrol-api/pkg/web/response.go:51.39,53.2 1 0
github.com/jailtonjunior94/financialcontrol-api/pkg/web/response.go:55.34,57.2 1 0
github.com/jailtonjunior94/financialcontrol-api/pkg/events/dispatcher.go:37.52,41.2 1 1
github.com/jailtonjunior94/financialcontrol-api/pkg/events/dispatcher.go:43.76,44.24 1 1
github.com/jailtonjunior94/financialcontrol-api/pkg/events/dispatcher.go:44.24,46.3 1 0
github.com/jailtonjunior94/financialcontrol-api/pkg/events/dispatcher.go:47.2,47.59 1 1
github.com/jailtonjunior94/financialcontrol-api/pkg/events/dispatcher.go:50.59,51.24 1 1
github.com/jailtonjunior94/financialcontrol-api/pkg/events/dispatcher.go:51.24,53.3 1 0
github.com/jailtonjunior94/financialcontrol-api/pkg/events/dispatcher.go:55.2,55.55 1 1
github.com/jailtonjunior94/financialcontrol-api/pkg/events/dispatcher.go:55.55,57.43 2 1
github.com/jailtonjunior94/financialcontrol-api/pkg/events/dispatcher.go:57.43,59.4 1 1
github.com/jailtonjunior94/financialcontrol-api/pkg/events/dispatcher.go:61.2,61.12 1 1
github.com/jailtonjunior94/financialcontrol-api/pkg/http/request_id.go:9.37,10.43 1 0
github.com/jailtonjunior94/financialcontrol-api/pkg/http/request_id.go:10.43,12.3 1 0
github.com/jailtonjunior94/financialcontrol-api/pkg/http/request_id.go:13.2,13.28 1 0
github.com/jailtonjunior94/financialcontrol-api/pkg/http/router.go:10.78,13.2 2 1
github.com/jailtonjunior94/financialcontrol-api/pkg/identitycontext/context.go:14.69,16.2 1 1
github.com/jailtonjunior94/financialcontrol-api/pkg/identitycontext/context.go:18.57,20.9 2 1
github.com/jailtonjunior94/financialcontrol-api/pkg/identitycontext/context.go:20.9,22.3 1 1
github.com/jailtonjunior94/financialcontrol-api/pkg/identitycontext/context.go:23.2,23.16 1 1
github.com/jailtonjunior94/financialcontrol-api/pkg/identityvo/user_id.go:13.25,15.2 1 1
github.com/jailtonjunior94/financialcontrol-api/pkg/identityvo/user_id.go:17.44,18.13 1 1
github.com/jailtonjunior94/financialcontrol-api/pkg/identityvo/user_id.go:18.13,20.3 1 1
github.com/jailtonjunior94/financialcontrol-api/pkg/identityvo/user_id.go:21.2,21.23 1 1
github.com/jailtonjunior94/financialcontrol-api/pkg/identityvo/user_id.go:24.33,24.53 1 1
github.com/jailtonjunior94/financialcontrol-api/pkg/jwt/config.go:7.37,8.32 1 1
github.com/jailtonjunior94/financialcontrol-api/pkg/jwt/config.go:8.32,10.3 1 1
github.com/jailtonjunior94/financialcontrol-api/pkg/jwt/config.go:11.2,11.37 1 1
github.com/jailtonjunior94/financialcontrol-api/pkg/jwt/config.go:11.37,13.3 1 1
github.com/jailtonjunior94/financialcontrol-api/pkg/jwt/config.go:14.2,14.12 1 1
github.com/jailtonjunior94/financialcontrol-api/pkg/jwt/config.go:17.39,18.36 1 1
github.com/jailtonjunior94/financialcontrol-api/pkg/jwt/config.go:18.36,20.3 1 1
github.com/jailtonjunior94/financialcontrol-api/pkg/jwt/config.go:21.2,21.44 1 1
github.com/jailtonjunior94/financialcontrol-api/pkg/jwt/config.go:21.44,22.34 1 1
github.com/jailtonjunior94/financialcontrol-api/pkg/jwt/config.go:22.34,24.4 1 1
github.com/jailtonjunior94/financialcontrol-api/pkg/jwt/config.go:26.2,26.93 1 1
github.com/jailtonjunior94/financialcontrol-api/pkg/jwt/issuer.go:20.44,22.44 2 1
github.com/jailtonjunior94/financialcontrol-api/pkg/jwt/issuer.go:22.44,24.3 1 1
github.com/jailtonjunior94/financialcontrol-api/pkg/jwt/issuer.go:25.2,25.31 1 1
github.com/jailtonjunior94/financialcontrol-api/pkg/jwt/issuer.go:28.83,46.16 7 1
github.com/jailtonjunior94/financialcontrol-api/pkg/jwt/issuer.go:46.16,48.3 1 0
github.com/jailtonjunior94/financialcontrol-api/pkg/jwt/issuer.go:49.2,49.31 1 1
github.com/jailtonjunior94/financialcontrol-api/pkg/jwt/parser.go:15.44,17.44 2 1
github.com/jailtonjunior94/financialcontrol-api/pkg/jwt/parser.go:17.44,19.3 1 1
github.com/jailtonjunior94/financialcontrol-api/pkg/jwt/parser.go:20.2,20.31 1 1
github.com/jailtonjunior94/financialcontrol-api/pkg/jwt/parser.go:23.78,26.16 3 1
github.com/jailtonjunior94/financialcontrol-api/pkg/jwt/parser.go:26.16,28.3 1 1
github.com/jailtonjunior94/financialcontrol-api/pkg/jwt/parser.go:29.2,29.18 1 1
github.com/jailtonjunior94/financialcontrol-api/pkg/jwt/parser.go:29.18,31.3 1 0
github.com/jailtonjunior94/financialcontrol-api/pkg/jwt/parser.go:32.2,32.26 1 1
github.com/jailtonjunior94/financialcontrol-api/pkg/jwt/parser.go:32.26,34.3 1 1
github.com/jailtonjunior94/financialcontrol-api/pkg/jwt/parser.go:35.2,35.67 1 1
github.com/jailtonjunior94/financialcontrol-api/pkg/jwt/parser.go:38.59,40.9 2 1
github.com/jailtonjunior94/financialcontrol-api/pkg/jwt/parser.go:40.9,42.3 1 1
github.com/jailtonjunior94/financialcontrol-api/pkg/jwt/parser.go:43.2,43.60 1 1
github.com/jailtonjunior94/financialcontrol-api/pkg/jwt/parser.go:43.60,45.3 1 1
github.com/jailtonjunior94/financialcontrol-api/pkg/jwt/parser.go:46.2,46.34 1 1
github.com/jailtonjunior94/financialcontrol-api/pkg/jwt/parser.go:49.44,50.42 1 1
github.com/jailtonjunior94/financialcontrol-api/pkg/jwt/parser.go:50.42,52.3 1 1
github.com/jailtonjunior94/financialcontrol-api/pkg/jwt/parser.go:53.2,53.43 1 1
github.com/jailtonjunior94/financialcontrol-api/pkg/jwt/parser.go:53.43,55.3 1 1
github.com/jailtonjunior94/financialcontrol-api/pkg/jwt/parser.go:56.2,56.24 1 1
github.com/jailtonjunior94/financialcontrol-api/pkg/security/hash.go:12.35,14.2 1 1
github.com/jailtonjunior94/financialcontrol-api/pkg/security/hash.go:16.64,19.2 2 1
github.com/jailtonjunior94/financialcontrol-api/pkg/security/hash.go:21.63,24.2 2 1
