mode: set
github.com/jailtonjunior94/financialcontrol-api/internal/modules/identity/domain/factories/user_factory.go:9.70,11.16 2 1
github.com/jailtonjunior94/financialcontrol-api/internal/modules/identity/domain/factories/user_factory.go:11.16,13.3 1 1
github.com/jailtonjunior94/financialcontrol-api/internal/modules/identity/domain/factories/user_factory.go:14.2,15.16 2 1
github.com/jailtonjunior94/financialcontrol-api/internal/modules/identity/domain/factories/user_factory.go:15.16,17.3 1 1
github.com/jailtonjunior94/financialcontrol-api/internal/modules/identity/domain/factories/user_factory.go:18.2,18.40 1 1
github.com/jailtonjunior94/financialcontrol-api/internal/modules/identity/domain/services/credentials_checker.go:12.74,14.2 1 1
github.com/jailtonjunior94/financialcontrol-api/internal/modules/identity/domain/services/credentials_checker.go:16.84,18.2 1 1
github.com/jailtonjunior94/financialcontrol-api/internal/modules/identity/domain/vos/email.go:12.44,13.52 1 1
github.com/jailtonjunior94/financialcontrol-api/internal/modules/identity/domain/vos/email.go:13.52,15.3 1 1
github.com/jailtonjunior94/financialcontrol-api/internal/modules/identity/domain/vos/email.go:16.2,16.26 1 1
github.com/jailtonjunior94/financialcontrol-api/internal/modules/identity/domain/vos/email.go:19.32,19.52 1 1
github.com/jailtonjunior94/financialcontrol-api/internal/modules/identity/domain/vos/hashed_password.go:9.62,10.17 1 1
github.com/jailtonjunior94/financialcontrol-api/internal/modules/identity/domain/vos/hashed_password.go:10.17,12.3 1 1
github.com/jailtonjunior94/financialcontrol-api/internal/modules/identity/domain/vos/hashed_password.go:13.2,13.35 1 1
github.com/jailtonjunior94/financialcontrol-api/internal/modules/identity/domain/vos/hashed_password.go:16.41,16.61 1 1
github.com/jailtonjunior94/financialcontrol-api/internal/modules/identity/domain/vos/user_id.go:13.25,15.2 1 1
github.com/jailtonjunior94/financialcontrol-api/internal/modules/identity/domain/vos/user_id.go:17.44,18.13 1 1
github.com/jailtonjunior94/financialcontrol-api/internal/modules/identity/domain/vos/user_id.go:18.13,20.3 1 1
github.com/jailtonjunior94/financialcontrol-api/internal/modules/identity/domain/vos/user_id.go:21.2,21.23 1 1
github.com/jailtonjunior94/financialcontrol-api/internal/modules/identity/domain/vos/user_id.go:24.33,24.53 1 1
github.com/jailtonjunior94/financialcontrol-api/internal/modules/identity/domain/entities/user.go:22.88,23.16 1 1
github.com/jailtonjunior94/financialcontrol-api/internal/modules/identity/domain/entities/user.go:23.16,25.3 1 1
github.com/jailtonjunior94/financialcontrol-api/internal/modules/identity/domain/entities/user.go:26.2,34.8 1 1
github.com/jailtonjunior94/financialcontrol-api/internal/modules/identity/domain/entities/user.go:37.136,47.2 1 1
github.com/jailtonjunior94/financialcontrol-api/internal/modules/identity/domain/entities/user.go:49.46,49.61 1 1
github.com/jailtonjunior94/financialcontrol-api/internal/modules/identity/domain/entities/user.go:50.46,50.63 1 1
github.com/jailtonjunior94/financialcontrol-api/internal/modules/identity/domain/entities/user.go:51.46,51.64 1 1
github.com/jailtonjunior94/financialcontrol-api/internal/modules/identity/domain/entities/user.go:52.46,52.67 1 1
github.com/jailtonjunior94/financialcontrol-api/internal/modules/identity/domain/entities/user.go:53.46,53.68 1 1
github.com/jailtonjunior94/financialcontrol-api/internal/modules/identity/domain/entities/user.go:54.46,54.68 1 1
github.com/jailtonjunior94/financialcontrol-api/internal/modules/identity/domain/entities/user.go:55.46,55.65 1 1
github.com/jailtonjunior94/financialcontrol-api/internal/modules/identity/domain/user.go:12.50,20.2 3 0
github.com/jailtonjunior94/financialcontrol-api/internal/modules/identity/infrastructure/user_repository.go:15.79,17.2 1 0
github.com/jailtonjunior94/financialcontrol-api/internal/modules/identity/infrastructure/user_repository.go:19.87,21.16 2 0
github.com/jailtonjunior94/financialcontrol-api/internal/modules/identity/infrastructure/user_repository.go:21.16,23.3 1 0
github.com/jailtonjunior94/financialcontrol-api/internal/modules/identity/infrastructure/user_repository.go:24.2,24.15 1 0
github.com/jailtonjunior94/financialcontrol-api/internal/modules/identity/infrastructure/user_repository.go:24.15,26.3 1 0
github.com/jailtonjunior94/financialcontrol-api/internal/modules/identity/infrastructure/user_repository.go:28.2,37.57 2 0
github.com/jailtonjunior94/financialcontrol-api/internal/modules/identity/infrastructure/user_repository.go:37.57,39.3 1 0
github.com/jailtonjunior94/financialcontrol-api/internal/modules/identity/infrastructure/user_repository.go:41.2,41.18 1 0
github.com/jailtonjunior94/financialcontrol-api/internal/modules/identity/infrastructure/user_repository.go:44.81,49.132 4 0
github.com/jailtonjunior94/financialcontrol-api/internal/modules/identity/infrastructure/user_repository.go:49.132,51.3 1 0
github.com/jailtonjunior94/financialcontrol-api/internal/modules/identity/infrastructure/user_repository.go:53.2,53.18 1 0
github.com/jailtonjunior94/financialcontrol-api/internal/modules/identity/infrastructure/user_repository.go:56.75,61.132 4 0
github.com/jailtonjunior94/financialcontrol-api/internal/modules/identity/infrastructure/user_repository.go:61.132,63.3 1 0
github.com/jailtonjunior94/financialcontrol-api/internal/modules/identity/infrastructure/user_repository.go:65.2,65.18 1 0
github.com/jailtonjunior94/financialcontrol-api/internal/modules/identity/domain/interfaces/mocks/hasher.go:19.45,21.2 1 0
github.com/jailtonjunior94/financialcontrol-api/internal/modules/identity/domain/interfaces/mocks/hasher.go:24.66,27.19 2 0
github.com/jailtonjunior94/financialcontrol-api/internal/modules/identity/domain/interfaces/mocks/hasher.go:27.19,28.46 1 0
github.com/jailtonjunior94/financialcontrol-api/internal/modules/identity/domain/interfaces/mocks/hasher.go:31.2,33.73 3 0
github.com/jailtonjunior94/financialcontrol-api/internal/modules/identity/domain/interfaces/mocks/hasher.go:33.73,35.3 1 0
github.com/jailtonjunior94/financialcontrol-api/internal/modules/identity/domain/interfaces/mocks/hasher.go:36.2,36.64 1 0
github.com/jailtonjunior94/financialcontrol-api/internal/modules/identity/domain/interfaces/mocks/hasher.go:36.64,38.3 1 0
github.com/jailtonjunior94/financialcontrol-api/internal/modules/identity/domain/interfaces/mocks/hasher.go:38.8,40.3 1 0
github.com/jailtonjunior94/financialcontrol-api/internal/modules/identity/domain/interfaces/mocks/hasher.go:42.2,42.51 1 0
github.com/jailtonjunior94/financialcontrol-api/internal/modules/identity/domain/interfaces/mocks/hasher.go:42.51,44.3 1 0
github.com/jailtonjunior94/financialcontrol-api/internal/modules/identity/domain/interfaces/mocks/hasher.go:44.8,46.3 1 0
github.com/jailtonjunior94/financialcontrol-api/internal/modules/identity/domain/interfaces/mocks/hasher.go:48.2,48.15 1 0
github.com/jailtonjunior94/financialcontrol-api/internal/modules/identity/domain/interfaces/mocks/hasher.go:58.70,60.2 1 0
github.com/jailtonjunior94/financialcontrol-api/internal/modules/identity/domain/interfaces/mocks/hasher.go:62.75,63.40 1 0
github.com/jailtonjunior94/financialcontrol-api/internal/modules/identity/domain/interfaces/mocks/hasher.go:63.40,65.3 1 0
github.com/jailtonjunior94/financialcontrol-api/internal/modules/identity/domain/interfaces/mocks/hasher.go:66.2,66.11 1 0
github.com/jailtonjunior94/financialcontrol-api/internal/modules/identity/domain/interfaces/mocks/hasher.go:69.89,72.2 2 0
github.com/jailtonjunior94/financialcontrol-api/internal/modules/identity/domain/interfaces/mocks/hasher.go:74.106,77.2 2 0
github.com/jailtonjunior94/financialcontrol-api/internal/modules/identity/domain/interfaces/mocks/hasher.go:80.72,83.19 2 0
github.com/jailtonjunior94/financialcontrol-api/internal/modules/identity/domain/interfaces/mocks/hasher.go:83.19,84.48 1 0
github.com/jailtonjunior94/financialcontrol-api/internal/modules/identity/domain/interfaces/mocks/hasher.go:87.2,88.70 2 0
github.com/jailtonjunior94/financialcontrol-api/internal/modules/identity/domain/interfaces/mocks/hasher.go:88.70,90.3 1 0
github.com/jailtonjunior94/financialcontrol-api/internal/modules/identity/domain/interfaces/mocks/hasher.go:90.8,92.3 1 0
github.com/jailtonjunior94/financialcontrol-api/internal/modules/identity/domain/interfaces/mocks/hasher.go:94.2,94.11 1 0
github.com/jailtonjunior94/financialcontrol-api/internal/modules/identity/domain/interfaces/mocks/hasher.go:105.94,107.2 1 0
github.com/jailtonjunior94/financialcontrol-api/internal/modules/identity/domain/interfaces/mocks/hasher.go:109.106,110.40 1 0
github.com/jailtonjunior94/financialcontrol-api/internal/modules/identity/domain/interfaces/mocks/hasher.go:110.40,112.3 1 0
github.com/jailtonjunior94/financialcontrol-api/internal/modules/identity/domain/interfaces/mocks/hasher.go:113.2,113.11 1 0
github.com/jailtonjunior94/financialcontrol-api/internal/modules/identity/domain/interfaces/mocks/hasher.go:116.68,119.2 2 0
github.com/jailtonjunior94/financialcontrol-api/internal/modules/identity/domain/interfaces/mocks/hasher.go:121.107,124.2 2 0
github.com/jailtonjunior94/financialcontrol-api/internal/modules/identity/domain/interfaces/mocks/hasher.go:131.12,135.19 3 0
github.com/jailtonjunior94/financialcontrol-api/internal/modules/identity/domain/interfaces/mocks/hasher.go:135.19,135.49 1 0
github.com/jailtonjunior94/financialcontrol-api/internal/modules/identity/domain/interfaces/mocks/hasher.go:137.2,137.13 1 0
github.com/jailtonjunior94/financialcontrol-api/internal/modules/identity/domain/interfaces/mocks/token_issuer.go:24.55,26.2 1 0
github.com/jailtonjunior94/financialcontrol-api/internal/modules/identity/domain/interfaces/mocks/token_issuer.go:29.114,32.19 2 0
github.com/jailtonjunior94/financialcontrol-api/internal/modules/identity/domain/interfaces/mocks/token_issuer.go:32.19,33.47 1 0
github.com/jailtonjunior94/financialcontrol-api/internal/modules/identity/domain/interfaces/mocks/token_issuer.go:36.2,39.104 4 0
github.com/jailtonjunior94/financialcontrol-api/internal/modules/identity/domain/interfaces/mocks/token_issuer.go:39.104,41.3 1 0
github.com/jailtonjunior94/financialcontrol-api/internal/modules/identity/domain/interfaces/mocks/token_issuer.go:42.2,42.84 1 0
github.com/jailtonjunior94/financialcontrol-api/internal/modules/identity/domain/interfaces/mocks/token_issuer.go:42.84,44.3 1 0
github.com/jailtonjunior94/financialcontrol-api/internal/modules/identity/domain/interfaces/mocks/token_issuer.go:44.8,46.3 1 0
github.com/jailtonjunior94/financialcontrol-api/internal/modules/identity/domain/interfaces/mocks/token_issuer.go:48.2,48.87 1 0
github.com/jailtonjunior94/financialcontrol-api/internal/modules/identity/domain/interfaces/mocks/token_issuer.go:48.87,50.3 1 0
github.com/jailtonjunior94/financialcontrol-api/internal/modules/identity/domain/interfaces/mocks/token_issuer.go:50.8,52.3 1 0
github.com/jailtonjunior94/financialcontrol-api/internal/modules/identity/domain/interfaces/mocks/token_issuer.go:54.2,54.83 1 0
github.com/jailtonjunior94/financialcontrol-api/internal/modules/identity/domain/interfaces/mocks/token_issuer.go:54.83,56.3 1 0
github.com/jailtonjunior94/financialcontrol-api/internal/modules/identity/domain/interfaces/mocks/token_issuer.go:56.8,58.3 1 0
github.com/jailtonjunior94/financialcontrol-api/internal/modules/identity/domain/interfaces/mocks/token_issuer.go:60.2,60.19 1 0
github.com/jailtonjunior94/financialcontrol-api/internal/modules/identity/domain/interfaces/mocks/token_issuer.go:72.119,74.2 1 0
github.com/jailtonjunior94/financialcontrol-api/internal/modules/identity/domain/interfaces/mocks/token_issuer.go:76.130,77.40 1 0
github.com/jailtonjunior94/financialcontrol-api/internal/modules/identity/domain/interfaces/mocks/token_issuer.go:77.40,79.3 1 0
github.com/jailtonjunior94/financialcontrol-api/internal/modules/identity/domain/interfaces/mocks/token_issuer.go:80.2,80.11 1 0
github.com/jailtonjunior94/financialcontrol-api/internal/modules/identity/domain/interfaces/mocks/token_issuer.go:83.112,86.2 2 0
github.com/jailtonjunior94/financialcontrol-api/internal/modules/identity/domain/interfaces/mocks/token_issuer.go:88.149,91.2 2 0
github.com/jailtonjunior94/financialcontrol-api/internal/modules/identity/domain/interfaces/mocks/token_issuer.go:98.17,102.19 3 0
github.com/jailtonjunior94/financialcontrol-api/internal/modules/identity/domain/interfaces/mocks/token_issuer.go:102.19,102.49 1 0
github.com/jailtonjunior94/financialcontrol-api/internal/modules/identity/domain/interfaces/mocks/token_issuer.go:104.2,104.13 1 0
github.com/jailtonjunior94/financialcontrol-api/internal/modules/identity/domain/interfaces/mocks/user_repository.go:24.61,26.2 1 0
github.com/jailtonjunior94/financialcontrol-api/internal/modules/identity/domain/interfaces/mocks/user_repository.go:29.76,32.19 2 0
github.com/jailtonjunior94/financialcontrol-api/internal/modules/identity/domain/interfaces/mocks/user_repository.go:32.19,33.45 1 0
github.com/jailtonjunior94/financialcontrol-api/internal/modules/identity/domain/interfaces/mocks/user_repository.go:36.2,37.76 2 0
github.com/jailtonjunior94/financialcontrol-api/internal/modules/identity/domain/interfaces/mocks/user_repository.go:37.76,39.3 1 0
github.com/jailtonjunior94/financialcontrol-api/internal/modules/identity/domain/interfaces/mocks/user_repository.go:39.8,41.3 1 0
github.com/jailtonjunior94/financialcontrol-api/internal/modules/identity/domain/interfaces/mocks/user_repository.go:43.2,43.11 1 0
github.com/jailtonjunior94/financialcontrol-api/internal/modules/identity/domain/interfaces/mocks/user_repository.go:54.97,56.2 1 0
github.com/jailtonjunior94/financialcontrol-api/internal/modules/identity/domain/interfaces/mocks/user_repository.go:58.114,59.40 1 0
github.com/jailtonjunior94/financialcontrol-api/internal/modules/identity/domain/interfaces/mocks/user_repository.go:59.40,61.3 1 0
github.com/jailtonjunior94/financialcontrol-api/internal/modules/identity/domain/interfaces/mocks/user_repository.go:62.2,62.11 1 0
github.com/jailtonjunior94/financialcontrol-api/internal/modules/identity/domain/interfaces/mocks/user_repository.go:65.79,68.2 2 0
github.com/jailtonjunior94/financialcontrol-api/internal/modules/identity/domain/interfaces/mocks/user_repository.go:70.123,73.2 2 0
github.com/jailtonjunior94/financialcontrol-api/internal/modules/identity/domain/interfaces/mocks/user_repository.go:76.100,79.19 2 0
github.com/jailtonjunior94/financialcontrol-api/internal/modules/identity/domain/interfaces/mocks/user_repository.go:79.19,80.52 1 0
github.com/jailtonjunior94/financialcontrol-api/internal/modules/identity/domain/interfaces/mocks/user_repository.go:83.2,85.89 3 0
github.com/jailtonjunior94/financialcontrol-api/internal/modules/identity/domain/interfaces/mocks/user_repository.go:85.89,87.3 1 0
github.com/jailtonjunior94/financialcontrol-api/internal/modules/identity/domain/interfaces/mocks/user_repository.go:88.2,88.80 1 0
github.com/jailtonjunior94/financialcontrol-api/internal/modules/identity/domain/interfaces/mocks/user_repository.go:88.80,90.3 1 0
github.com/jailtonjunior94/financialcontrol-api/internal/modules/identity/domain/interfaces/mocks/user_repository.go:90.8,91.24 1 0
github.com/jailtonjunior94/financialcontrol-api/internal/modules/identity/domain/interfaces/mocks/user_repository.go:91.24,93.4 1 0
github.com/jailtonjunior94/financialcontrol-api/internal/modules/identity/domain/interfaces/mocks/user_repository.go:96.2,96.71 1 0
github.com/jailtonjunior94/financialcontrol-api/internal/modules/identity/domain/interfaces/mocks/user_repository.go:96.71,98.3 1 0
github.com/jailtonjunior94/financialcontrol-api/internal/modules/identity/domain/interfaces/mocks/user_repository.go:98.8,100.3 1 0
github.com/jailtonjunior94/financialcontrol-api/internal/modules/identity/domain/interfaces/mocks/user_repository.go:102.2,102.15 1 0
github.com/jailtonjunior94/financialcontrol-api/internal/modules/identity/domain/interfaces/mocks/user_repository.go:113.115,115.2 1 0
github.com/jailtonjunior94/financialcontrol-api/internal/modules/identity/domain/interfaces/mocks/user_repository.go:117.127,118.40 1 0
github.com/jailtonjunior94/financialcontrol-api/internal/modules/identity/domain/interfaces/mocks/user_repository.go:118.40,120.3 1 0
github.com/jailtonjunior94/financialcontrol-api/internal/modules/identity/domain/interfaces/mocks/user_repository.go:121.2,121.11 1 0
github.com/jailtonjunior94/financialcontrol-api/internal/modules/identity/domain/interfaces/mocks/user_repository.go:124.113,127.2 2 0
github.com/jailtonjunior94/financialcontrol-api/internal/modules/identity/domain/interfaces/mocks/user_repository.go:129.150,132.2 2 0
github.com/jailtonjunior94/financialcontrol-api/internal/modules/identity/domain/interfaces/mocks/user_repository.go:135.95,138.19 2 0
github.com/jailtonjunior94/financialcontrol-api/internal/modules/identity/domain/interfaces/mocks/user_repository.go:138.19,139.49 1 0
github.com/jailtonjunior94/financialcontrol-api/internal/modules/identity/domain/interfaces/mocks/user_repository.go:142.2,144.90 3 0
github.com/jailtonjunior94/financialcontrol-api/internal/modules/identity/domain/interfaces/mocks/user_repository.go:144.90,146.3 1 0
github.com/jailtonjunior94/financialcontrol-api/internal/modules/identity/domain/interfaces/mocks/user_repository.go:147.2,147.81 1 0
github.com/jailtonjunior94/financialcontrol-api/internal/modules/identity/domain/interfaces/mocks/user_repository.go:147.81,149.3 1 0
github.com/jailtonjunior94/financialcontrol-api/internal/modules/identity/domain/interfaces/mocks/user_repository.go:149.8,150.24 1 0
github.com/jailtonjunior94/financialcontrol-api/internal/modules/identity/domain/interfaces/mocks/user_repository.go:150.24,152.4 1 0
github.com/jailtonjunior94/financialcontrol-api/internal/modules/identity/domain/interfaces/mocks/user_repository.go:155.2,155.72 1 0
github.com/jailtonjunior94/financialcontrol-api/internal/modules/identity/domain/interfaces/mocks/user_repository.go:155.72,157.3 1 0
github.com/jailtonjunior94/financialcontrol-api/internal/modules/identity/domain/interfaces/mocks/user_repository.go:157.8,159.3 1 0
github.com/jailtonjunior94/financialcontrol-api/internal/modules/identity/domain/interfaces/mocks/user_repository.go:161.2,161.15 1 0
github.com/jailtonjunior94/financialcontrol-api/internal/modules/identity/domain/interfaces/mocks/user_repository.go:172.106,174.2 1 0
github.com/jailtonjunior94/financialcontrol-api/internal/modules/identity/domain/interfaces/mocks/user_repository.go:176.119,177.40 1 0
github.com/jailtonjunior94/financialcontrol-api/internal/modules/identity/domain/interfaces/mocks/user_repository.go:177.40,179.3 1 0
github.com/jailtonjunior94/financialcontrol-api/internal/modules/identity/domain/interfaces/mocks/user_repository.go:180.2,180.11 1 0
github.com/jailtonjunior94/financialcontrol-api/internal/modules/identity/domain/interfaces/mocks/user_repository.go:183.107,186.2 2 0
github.com/jailtonjunior94/financialcontrol-api/internal/modules/identity/domain/interfaces/mocks/user_repository.go:188.145,191.2 2 0
github.com/jailtonjunior94/financialcontrol-api/internal/modules/identity/domain/interfaces/mocks/user_repository.go:198.20,202.19 3 0
github.com/jailtonjunior94/financialcontrol-api/internal/modules/identity/domain/interfaces/mocks/user_repository.go:202.19,202.49 1 0
github.com/jailtonjunior94/financialcontrol-api/internal/modules/identity/domain/interfaces/mocks/user_repository.go:204.2,204.13 1 0
github.com/jailtonjunior94/financialcontrol-api/internal/modules/identity/application/usecase/mocks/authenticate_user.go:21.65,23.2 1 0
github.com/jailtonjunior94/financialcontrol-api/internal/modules/identity/application/usecase/mocks/authenticate_user.go:26.106,29.19 2 0
github.com/jailtonjunior94/financialcontrol-api/internal/modules/identity/application/usecase/mocks/authenticate_user.go:29.19,30.49 1 0
github.com/jailtonjunior94/financialcontrol-api/internal/modules/identity/application/usecase/mocks/authenticate_user.go:33.2,35.99 3 0
github.com/jailtonjunior94/financialcontrol-api/internal/modules/identity/application/usecase/mocks/authenticate_user.go:35.99,37.3 1 0
github.com/jailtonjunior94/financialcontrol-api/internal/modules/identity/application/usecase/mocks/authenticate_user.go:38.2,38.90 1 0
github.com/jailtonjunior94/financialcontrol-api/internal/modules/identity/application/usecase/mocks/authenticate_user.go:38.90,40.3 1 0
github.com/jailtonjunior94/financialcontrol-api/internal/modules/identity/application/usecase/mocks/authenticate_user.go:40.8,42.3 1 0
github.com/jailtonjunior94/financialcontrol-api/internal/modules/identity/application/usecase/mocks/authenticate_user.go:44.2,44.78 1 0
github.com/jailtonjunior94/financialcontrol-api/internal/modules/identity/application/usecase/mocks/authenticate_user.go:44.78,46.3 1 0
github.com/jailtonjunior94/financialcontrol-api/internal/modules/identity/application/usecase/mocks/authenticate_user.go:46.8,48.3 1 0
github.com/jailtonjunior94/financialcontrol-api/internal/modules/identity/application/usecase/mocks/authenticate_user.go:50.2,50.15 1 0
github.com/jailtonjunior94/financialcontrol-api/internal/modules/identity/application/usecase/mocks/authenticate_user.go:61.110,63.2 1 0
github.com/jailtonjunior94/financialcontrol-api/internal/modules/identity/application/usecase/mocks/authenticate_user.go:65.129,66.40 1 0
github.com/jailtonjunior94/financialcontrol-api/internal/modules/identity/application/usecase/mocks/authenticate_user.go:66.40,68.3 1 0
github.com/jailtonjunior94/financialcontrol-api/internal/modules/identity/application/usecase/mocks/authenticate_user.go:69.2,69.11 1 0
github.com/jailtonjunior94/financialcontrol-api/internal/modules/identity/application/usecase/mocks/authenticate_user.go:72.114,75.2 2 0
github.com/jailtonjunior94/financialcontrol-api/internal/modules/identity/application/usecase/mocks/authenticate_user.go:77.158,80.2 2 0
github.com/jailtonjunior94/financialcontrol-api/internal/modules/identity/application/usecase/mocks/authenticate_user.go:87.22,91.19 3 0
github.com/jailtonjunior94/financialcontrol-api/internal/modules/identity/application/usecase/mocks/authenticate_user.go:91.19,91.49 1 0
github.com/jailtonjunior94/financialcontrol-api/internal/modules/identity/application/usecase/mocks/authenticate_user.go:93.2,93.13 1 0
github.com/jailtonjunior94/financialcontrol-api/internal/modules/identity/application/usecase/mocks/create_user.go:23.53,25.2 1 0
github.com/jailtonjunior94/financialcontrol-api/internal/modules/identity/application/usecase/mocks/create_user.go:28.107,31.19 2 0
github.com/jailtonjunior94/financialcontrol-api/internal/modules/identity/application/usecase/mocks/create_user.go:31.19,32.49 1 0
github.com/jailtonjunior94/financialcontrol-api/internal/modules/identity/application/usecase/mocks/create_user.go:35.2,37.106 3 0
github.com/jailtonjunior94/financialcontrol-api/internal/modules/identity/application/usecase/mocks/create_user.go:37.106,39.3 1 0
github.com/jailtonjunior94/financialcontrol-api/internal/modules/identity/application/usecase/mocks/create_user.go:40.2,40.97 1 0
github.com/jailtonjunior94/financialcontrol-api/internal/modules/identity/application/usecase/mocks/create_user.go:40.97,42.3 1 0
github.com/jailtonjunior94/financialcontrol-api/internal/modules/identity/application/usecase/mocks/create_user.go:42.8,44.3 1 0
github.com/jailtonjunior94/financialcontrol-api/internal/modules/identity/application/usecase/mocks/create_user.go:46.2,46.78 1 0
github.com/jailtonjunior94/financialcontrol-api/internal/modules/identity/application/usecase/mocks/create_user.go:46.78,48.3 1 0
github.com/jailtonjunior94/financialcontrol-api/internal/modules/identity/application/usecase/mocks/create_user.go:48.8,50.3 1 0
github.com/jailtonjunior94/financialcontrol-api/internal/modules/identity/application/usecase/mocks/create_user.go:52.2,52.15 1 0
github.com/jailtonjunior94/financialcontrol-api/internal/modules/identity/application/usecase/mocks/create_user.go:63.98,65.2 1 0
github.com/jailtonjunior94/financialcontrol-api/internal/modules/identity/application/usecase/mocks/create_user.go:67.117,68.40 1 0
github.com/jailtonjunior94/financialcontrol-api/internal/modules/identity/application/usecase/mocks/create_user.go:68.40,70.3 1 0
github.com/jailtonjunior94/financialcontrol-api/internal/modules/identity/application/usecase/mocks/create_user.go:71.2,71.11 1 0
github.com/jailtonjunior94/financialcontrol-api/internal/modules/identity/application/usecase/mocks/create_user.go:74.109,77.2 2 0
github.com/jailtonjunior94/financialcontrol-api/internal/modules/identity/application/usecase/mocks/create_user.go:79.153,82.2 2 0
github.com/jailtonjunior94/financialcontrol-api/internal/modules/identity/application/usecase/mocks/create_user.go:89.16,93.19 3 0
github.com/jailtonjunior94/financialcontrol-api/internal/modules/identity/application/usecase/mocks/create_user.go:93.19,93.49 1 0
github.com/jailtonjunior94/financialcontrol-api/internal/modules/identity/application/usecase/mocks/create_user.go:95.2,95.13 1 0
github.com/jailtonjunior94/financialcontrol-api/internal/modules/identity/application/usecase/mocks/get_authenticated_user.go:21.73,23.2 1 0
github.com/jailtonjunior94/financialcontrol-api/internal/modules/identity/application/usecase/mocks/get_authenticated_user.go:26.87,29.19 2 0
github.com/jailtonjunior94/financialcontrol-api/internal/modules/identity/application/usecase/mocks/get_authenticated_user.go:29.19,30.49 1 0
github.com/jailtonjunior94/financialcontrol-api/internal/modules/identity/application/usecase/mocks/get_authenticated_user.go:33.2,35.79 3 0
github.com/jailtonjunior94/financialcontrol-api/internal/modules/identity/application/usecase/mocks/get_authenticated_user.go:35.79,37.3 1 0
github.com/jailtonjunior94/financialcontrol-api/internal/modules/identity/application/usecase/mocks/get_authenticated_user.go:38.2,38.70 1 0
github.com/jailtonjunior94/financialcontrol-api/internal/modules/identity/application/usecase/mocks/get_authenticated_user.go:38.70,40.3 1 0
github.com/jailtonjunior94/financialcontrol-api/internal/modules/identity/application/usecase/mocks/get_authenticated_user.go:40.8,42.3 1 0
github.com/jailtonjunior94/financialcontrol-api/internal/modules/identity/application/usecase/mocks/get_authenticated_user.go:44.2,44.60 1 0
github.com/jailtonjunior94/financialcontrol-api/internal/modules/identity/application/usecase/mocks/get_authenticated_user.go:44.60,46.3 1 0
github.com/jailtonjunior94/financialcontrol-api/internal/modules/identity/application/usecase/mocks/get_authenticated_user.go:46.8,48.3 1 0
github.com/jailtonjunior94/financialcontrol-api/internal/modules/identity/application/usecase/mocks/get_authenticated_user.go:50.2,50.15 1 0
github.com/jailtonjunior94/financialcontrol-api/internal/modules/identity/application/usecase/mocks/get_authenticated_user.go:60.102,62.2 1 0
github.com/jailtonjunior94/financialcontrol-api/internal/modules/identity/application/usecase/mocks/get_authenticated_user.go:64.116,65.40 1 0
github.com/jailtonjunior94/financialcontrol-api/internal/modules/identity/application/usecase/mocks/get_authenticated_user.go:65.40,67.3 1 0
github.com/jailtonjunior94/financialcontrol-api/internal/modules/identity/application/usecase/mocks/get_authenticated_user.go:68.2,68.11 1 0
github.com/jailtonjunior94/financialcontrol-api/internal/modules/identity/application/usecase/mocks/get_authenticated_user.go:71.120,74.2 2 0
github.com/jailtonjunior94/financialcontrol-api/internal/modules/identity/application/usecase/mocks/get_authenticated_user.go:76.146,79.2 2 0
github.com/jailtonjunior94/financialcontrol-api/internal/modules/identity/application/usecase/mocks/get_authenticated_user.go:86.26,90.19 3 0
github.com/jailtonjunior94/financialcontrol-api/internal/modules/identity/application/usecase/mocks/get_authenticated_user.go:90.19,90.49 1 0
github.com/jailtonjunior94/financialcontrol-api/internal/modules/identity/application/usecase/mocks/get_authenticated_user.go:92.2,92.13 1 0
github.com/jailtonjunior94/financialcontrol-api/internal/modules/identity/application/usecase/authenticate_user.go:23.132,25.2 1 1
github.com/jailtonjunior94/financialcontrol-api/internal/modules/identity/application/usecase/authenticate_user.go:27.105,29.16 2 1
github.com/jailtonjunior94/financialcontrol-api/internal/modules/identity/application/usecase/authenticate_user.go:29.16,31.3 1 1
github.com/jailtonjunior94/financialcontrol-api/internal/modules/identity/application/usecase/authenticate_user.go:33.2,34.16 2 1
github.com/jailtonjunior94/financialcontrol-api/internal/modules/identity/application/usecase/authenticate_user.go:34.16,36.3 1 1
github.com/jailtonjunior94/financialcontrol-api/internal/modules/identity/application/usecase/authenticate_user.go:37.2,37.17 1 1
github.com/jailtonjunior94/financialcontrol-api/internal/modules/identity/application/usecase/authenticate_user.go:37.17,39.3 1 1
github.com/jailtonjunior94/financialcontrol-api/internal/modules/identity/application/usecase/authenticate_user.go:41.2,41.52 1 1
github.com/jailtonjunior94/financialcontrol-api/internal/modules/identity/application/usecase/authenticate_user.go:41.52,43.3 1 1
github.com/jailtonjunior94/financialcontrol-api/internal/modules/identity/application/usecase/authenticate_user.go:45.2,46.16 2 1
github.com/jailtonjunior94/financialcontrol-api/internal/modules/identity/application/usecase/authenticate_user.go:46.16,48.3 1 1
github.com/jailtonjunior94/financialcontrol-api/internal/modules/identity/application/usecase/authenticate_user.go:50.2,54.8 1 1
github.com/jailtonjunior94/financialcontrol-api/internal/modules/identity/application/usecase/create_user.go:27.89,29.2 1 1
github.com/jailtonjunior94/financialcontrol-api/internal/modules/identity/application/usecase/create_user.go:31.98,33.16 2 1
github.com/jailtonjunior94/financialcontrol-api/internal/modules/identity/application/usecase/create_user.go:33.16,35.3 1 1
github.com/jailtonjunior94/financialcontrol-api/internal/modules/identity/application/usecase/create_user.go:37.2,38.16 2 1
github.com/jailtonjunior94/financialcontrol-api/internal/modules/identity/application/usecase/create_user.go:38.16,40.3 1 1
github.com/jailtonjunior94/financialcontrol-api/internal/modules/identity/application/usecase/create_user.go:42.2,42.21 1 1
github.com/jailtonjunior94/financialcontrol-api/internal/modules/identity/application/usecase/create_user.go:42.21,43.56 1 1
github.com/jailtonjunior94/financialcontrol-api/internal/modules/identity/application/usecase/create_user.go:43.56,45.4 1 1
github.com/jailtonjunior94/financialcontrol-api/internal/modules/identity/application/usecase/create_user.go:46.3,46.57 1 1
github.com/jailtonjunior94/financialcontrol-api/internal/modules/identity/application/usecase/create_user.go:49.2,50.16 2 1
github.com/jailtonjunior94/financialcontrol-api/internal/modules/identity/application/usecase/create_user.go:50.16,52.3 1 1
github.com/jailtonjunior94/financialcontrol-api/internal/modules/identity/application/usecase/create_user.go:54.2,55.16 2 1
github.com/jailtonjunior94/financialcontrol-api/internal/modules/identity/application/usecase/create_user.go:55.16,57.3 1 0
github.com/jailtonjunior94/financialcontrol-api/internal/modules/identity/application/usecase/create_user.go:59.2,59.46 1 1
github.com/jailtonjunior94/financialcontrol-api/internal/modules/identity/application/usecase/create_user.go:59.46,61.3 1 1
github.com/jailtonjunior94/financialcontrol-api/internal/modules/identity/application/usecase/create_user.go:63.2,63.73 1 1
github.com/jailtonjunior94/financialcontrol-api/internal/modules/identity/application/usecase/create_user.go:66.57,73.2 1 1
github.com/jailtonjunior94/financialcontrol-api/internal/modules/identity/application/usecase/get_authenticated_user.go:21.83,23.2 1 1
github.com/jailtonjunior94/financialcontrol-api/internal/modules/identity/application/usecase/get_authenticated_user.go:25.86,27.16 2 1
github.com/jailtonjunior94/financialcontrol-api/internal/modules/identity/application/usecase/get_authenticated_user.go:27.16,29.3 1 1
github.com/jailtonjunior94/financialcontrol-api/internal/modules/identity/application/usecase/get_authenticated_user.go:31.2,32.16 2 1
github.com/jailtonjunior94/financialcontrol-api/internal/modules/identity/application/usecase/get_authenticated_user.go:32.16,34.3 1 0
github.com/jailtonjunior94/financialcontrol-api/internal/modules/identity/application/usecase/get_authenticated_user.go:36.2,37.16 2 1
github.com/jailtonjunior94/financialcontrol-api/internal/modules/identity/application/usecase/get_authenticated_user.go:37.16,39.3 1 1
github.com/jailtonjunior94/financialcontrol-api/internal/modules/identity/application/usecase/get_authenticated_user.go:40.2,40.17 1 1
github.com/jailtonjunior94/financialcontrol-api/internal/modules/identity/application/usecase/get_authenticated_user.go:40.17,42.3 1 1
github.com/jailtonjunior94/financialcontrol-api/internal/modules/identity/application/usecase/get_authenticated_user.go:44.2,48.8 1 1
github.com/jailtonjunior94/financialcontrol-api/internal/modules/identity/infrastructure/http/routes/auth_routes.go:9.106,12.2 2 0
github.com/jailtonjunior94/financialcontrol-api/internal/modules/identity/infrastructure/http/routes/user_routes.go:9.81,11.2 1 0
github.com/jailtonjunior94/financialcontrol-api/internal/modules/identity/application/auth_service.go:14.116,20.2 1 1
github.com/jailtonjunior94/financialcontrol-api/internal/modules/identity/application/auth_service.go:22.83,24.16 2 1
github.com/jailtonjunior94/financialcontrol-api/internal/modules/identity/application/auth_service.go:24.16,26.3 1 1
github.com/jailtonjunior94/financialcontrol-api/internal/modules/identity/application/auth_service.go:28.2,28.17 1 1
github.com/jailtonjunior94/financialcontrol-api/internal/modules/identity/application/auth_service.go:28.17,30.3 1 0
github.com/jailtonjunior94/financialcontrol-api/internal/modules/identity/application/auth_service.go:32.2,32.80 1 1
github.com/jailtonjunior94/financialcontrol-api/internal/modules/identity/application/auth_service.go:32.80,34.3 1 1
github.com/jailtonjunior94/financialcontrol-api/internal/modules/identity/application/auth_service.go:36.2,37.16 2 1
github.com/jailtonjunior94/financialcontrol-api/internal/modules/identity/application/auth_service.go:37.16,39.3 1 0
github.com/jailtonjunior94/financialcontrol-api/internal/modules/identity/application/auth_service.go:41.2,41.39 1 1
github.com/jailtonjunior94/financialcontrol-api/internal/modules/identity/application/auth_service.go:44.66,46.16 2 1
github.com/jailtonjunior94/financialcontrol-api/internal/modules/identity/application/auth_service.go:46.16,48.3 1 0
github.com/jailtonjunior94/financialcontrol-api/internal/modules/identity/application/auth_service.go:50.2,50.17 1 1
github.com/jailtonjunior94/financialcontrol-api/internal/modules/identity/application/auth_service.go:50.17,52.3 1 0
github.com/jailtonjunior94/financialcontrol-api/internal/modules/identity/application/auth_service.go:54.2,54.37 1 1
github.com/jailtonjunior94/financialcontrol-api/internal/modules/identity/application/mappings.go:5.79,8.2 2 1
github.com/jailtonjunior94/financialcontrol-api/internal/modules/identity/application/mappings.go:10.62,17.2 1 1
github.com/jailtonjunior94/financialcontrol-api/internal/modules/identity/application/requests.go:13.39,14.19 1 0
github.com/jailtonjunior94/financialcontrol-api/internal/modules/identity/application/requests.go:14.19,16.3 1 0
github.com/jailtonjunior94/financialcontrol-api/internal/modules/identity/application/requests.go:18.2,18.22 1 0
github.com/jailtonjunior94/financialcontrol-api/internal/modules/identity/application/requests.go:18.22,20.3 1 0
github.com/jailtonjunior94/financialcontrol-api/internal/modules/identity/application/requests.go:22.2,22.12 1 0
github.com/jailtonjunior94/financialcontrol-api/internal/modules/identity/application/requests.go:31.39,32.18 1 0
github.com/jailtonjunior94/financialcontrol-api/internal/modules/identity/application/requests.go:32.18,34.3 1 0
github.com/jailtonjunior94/financialcontrol-api/internal/modules/identity/application/requests.go:36.2,36.19 1 0
github.com/jailtonjunior94/financialcontrol-api/internal/modules/identity/application/requests.go:36.19,38.3 1 0
github.com/jailtonjunior94/financialcontrol-api/internal/modules/identity/application/requests.go:40.2,40.22 1 0
github.com/jailtonjunior94/financialcontrol-api/internal/modules/identity/application/requests.go:40.22,42.3 1 0
github.com/jailtonjunior94/financialcontrol-api/internal/modules/identity/application/requests.go:44.2,44.12 1 0
github.com/jailtonjunior94/financialcontrol-api/internal/modules/identity/application/responses.go:14.50,19.2 1 1
github.com/jailtonjunior94/financialcontrol-api/internal/modules/identity/application/user_service.go:13.89,18.2 1 1
github.com/jailtonjunior94/financialcontrol-api/internal/modules/identity/application/user_service.go:20.81,22.16 2 1
github.com/jailtonjunior94/financialcontrol-api/internal/modules/identity/application/user_service.go:22.16,24.3 1 0
github.com/jailtonjunior94/financialcontrol-api/internal/modules/identity/application/user_service.go:26.2,28.16 3 1
github.com/jailtonjunior94/financialcontrol-api/internal/modules/identity/application/user_service.go:28.16,30.3 1 0
github.com/jailtonjunior94/financialcontrol-api/internal/modules/identity/application/user_service.go:32.2,32.42 1 1
github.com/jailtonjunior94/financialcontrol-api/internal/modules/identity/module.go:37.35,54.2 7 1
github.com/jailtonjunior94/financialcontrol-api/internal/modules/identity/module.go:58.77,61.2 2 1
github.com/jailtonjunior94/financialcontrol-api/internal/modules/identity/module.go:69.73,71.2 1 0
github.com/jailtonjunior94/financialcontrol-api/internal/modules/identity/module.go:73.72,75.16 2 0
github.com/jailtonjunior94/financialcontrol-api/internal/modules/identity/module.go:75.16,77.3 1 0
github.com/jailtonjunior94/financialcontrol-api/internal/modules/identity/module.go:78.2,78.33 1 0
github.com/jailtonjunior94/financialcontrol-api/internal/modules/identity/module.go:81.78,83.2 1 0
github.com/jailtonjunior94/financialcontrol-api/internal/modules/identity/module.go:91.73,93.2 1 0
github.com/jailtonjunior94/financialcontrol-api/internal/modules/identity/module.go:95.120,100.2 1 0
github.com/jailtonjunior94/financialcontrol-api/internal/modules/identity/http/auth_controller.go:15.104,20.2 1 1
github.com/jailtonjunior94/financialcontrol-api/internal/modules/identity/http/auth_controller.go:22.59,24.46 2 1
github.com/jailtonjunior94/financialcontrol-api/internal/modules/identity/http/auth_controller.go:24.46,26.3 1 0
github.com/jailtonjunior94/financialcontrol-api/internal/modules/identity/http/auth_controller.go:28.2,28.42 1 1
github.com/jailtonjunior94/financialcontrol-api/internal/modules/identity/http/auth_controller.go:28.42,30.3 1 0
github.com/jailtonjunior94/financialcontrol-api/internal/modules/identity/http/auth_controller.go:32.2,33.58 2 1
github.com/jailtonjunior94/financialcontrol-api/internal/modules/identity/http/auth_controller.go:36.49,38.16 2 1
github.com/jailtonjunior94/financialcontrol-api/internal/modules/identity/http/auth_controller.go:38.16,40.3 1 1
github.com/jailtonjunior94/financialcontrol-api/internal/modules/identity/http/auth_controller.go:42.2,43.58 2 0
github.com/jailtonjunior94/financialcontrol-api/internal/modules/identity/http/claims.go:13.78,15.2 1 0
github.com/jailtonjunior94/financialcontrol-api/internal/modules/identity/http/claims.go:17.90,19.16 2 0
github.com/jailtonjunior94/financialcontrol-api/internal/modules/identity/http/claims.go:19.16,21.3 1 0
github.com/jailtonjunior94/financialcontrol-api/internal/modules/identity/http/claims.go:23.2,23.21 1 0
github.com/jailtonjunior94/financialcontrol-api/internal/modules/identity/http/routes.go:9.69,12.2 2 0
github.com/jailtonjunior94/financialcontrol-api/internal/modules/identity/http/routes.go:14.69,16.2 1 0
github.com/jailtonjunior94/financialcontrol-api/internal/modules/identity/http/user_controller.go:14.73,16.2 1 0
github.com/jailtonjunior94/financialcontrol-api/internal/modules/identity/http/user_controller.go:18.53,20.46 2 0
github.com/jailtonjunior94/financialcontrol-api/internal/modules/identity/http/user_controller.go:20.46,22.3 1 0
github.com/jailtonjunior94/financialcontrol-api/internal/modules/identity/http/user_controller.go:24.2,24.42 1 0
github.com/jailtonjunior94/financialcontrol-api/internal/modules/identity/http/user_controller.go:24.42,26.3 1 0
github.com/jailtonjunior94/financialcontrol-api/internal/modules/identity/http/user_controller.go:28.2,29.58 2 0
github.com/jailtonjunior94/financialcontrol-api/internal/modules/identity/infrastructure/http/handlers/auth_handler.go:16.128,21.2 1 1
github.com/jailtonjunior94/financialcontrol-api/internal/modules/identity/infrastructure/http/handlers/auth_handler.go:23.56,25.43 2 1
github.com/jailtonjunior94/financialcontrol-api/internal/modules/identity/infrastructure/http/handlers/auth_handler.go:25.43,27.3 1 1
github.com/jailtonjunior94/financialcontrol-api/internal/modules/identity/infrastructure/http/handlers/auth_handler.go:29.2,29.43 1 1
github.com/jailtonjunior94/financialcontrol-api/internal/modules/identity/infrastructure/http/handlers/auth_handler.go:29.43,31.3 1 1
github.com/jailtonjunior94/financialcontrol-api/internal/modules/identity/infrastructure/http/handlers/auth_handler.go:33.2,34.16 2 1
github.com/jailtonjunior94/financialcontrol-api/internal/modules/identity/infrastructure/http/handlers/auth_handler.go:34.16,36.3 1 1
github.com/jailtonjunior94/financialcontrol-api/internal/modules/identity/infrastructure/http/handlers/auth_handler.go:38.2,38.44 1 1
github.com/jailtonjunior94/financialcontrol-api/internal/modules/identity/infrastructure/http/handlers/auth_handler.go:41.46,43.16 2 1
github.com/jailtonjunior94/financialcontrol-api/internal/modules/identity/infrastructure/http/handlers/auth_handler.go:43.16,45.3 1 1
github.com/jailtonjunior94/financialcontrol-api/internal/modules/identity/infrastructure/http/handlers/auth_handler.go:47.2,47.44 1 1
github.com/jailtonjunior94/financialcontrol-api/internal/modules/identity/infrastructure/http/handlers/error_mapping.go:21.46,22.9 1 1
github.com/jailtonjunior94/financialcontrol-api/internal/modules/identity/infrastructure/http/handlers/error_mapping.go:26.42,27.90 1 1
github.com/jailtonjunior94/financialcontrol-api/internal/modules/identity/infrastructure/http/handlers/error_mapping.go:28.51,29.78 1 1
github.com/jailtonjunior94/financialcontrol-api/internal/modules/identity/infrastructure/http/handlers/error_mapping.go:33.47,34.86 1 1
github.com/jailtonjunior94/financialcontrol-api/internal/modules/identity/infrastructure/http/handlers/error_mapping.go:35.10,36.94 1 1
github.com/jailtonjunior94/financialcontrol-api/internal/modules/identity/infrastructure/http/handlers/user_handler.go:14.65,16.2 1 1
github.com/jailtonjunior94/financialcontrol-api/internal/modules/identity/infrastructure/http/handlers/user_handler.go:18.50,20.43 2 1
github.com/jailtonjunior94/financialcontrol-api/internal/modules/identity/infrastructure/http/handlers/user_handler.go:20.43,22.3 1 1
github.com/jailtonjunior94/financialcontrol-api/internal/modules/identity/infrastructure/http/handlers/user_handler.go:24.2,24.61 1 1
github.com/jailtonjunior94/financialcontrol-api/internal/modules/identity/infrastructure/http/handlers/user_handler.go:24.61,26.3 1 1
github.com/jailtonjunior94/financialcontrol-api/internal/modules/identity/infrastructure/http/handlers/user_handler.go:28.2,29.16 2 1
github.com/jailtonjunior94/financialcontrol-api/internal/modules/identity/infrastructure/http/handlers/user_handler.go:29.16,31.3 1 1
github.com/jailtonjunior94/financialcontrol-api/internal/modules/identity/infrastructure/http/handlers/user_handler.go:33.2,33.20 1 1
github.com/jailtonjunior94/financialcontrol-api/internal/modules/identity/infrastructure/http/handlers/user_handler.go:33.20,35.3 1 1
github.com/jailtonjunior94/financialcontrol-api/internal/modules/identity/infrastructure/http/handlers/user_handler.go:36.2,36.51 1 1
github.com/jailtonjunior94/financialcontrol-api/internal/modules/identity/infrastructure/repositories/mssql/user_repository.go:34.53,36.2 1 0
github.com/jailtonjunior94/financialcontrol-api/internal/modules/identity/infrastructure/repositories/mssql/user_repository.go:38.75,49.2 2 0
github.com/jailtonjunior94/financialcontrol-api/internal/modules/identity/infrastructure/repositories/mssql/user_repository.go:51.99,54.35 3 0
github.com/jailtonjunior94/financialcontrol-api/internal/modules/identity/infrastructure/repositories/mssql/user_repository.go:54.35,56.3 1 0
github.com/jailtonjunior94/financialcontrol-api/internal/modules/identity/infrastructure/repositories/mssql/user_repository.go:57.2,57.16 1 0
github.com/jailtonjunior94/financialcontrol-api/internal/modules/identity/infrastructure/repositories/mssql/user_repository.go:57.16,59.3 1 0
github.com/jailtonjunior94/financialcontrol-api/internal/modules/identity/infrastructure/repositories/mssql/user_repository.go:60.2,60.26 1 0
github.com/jailtonjunior94/financialcontrol-api/internal/modules/identity/infrastructure/repositories/mssql/user_repository.go:63.94,66.35 3 0
github.com/jailtonjunior94/financialcontrol-api/internal/modules/identity/infrastructure/repositories/mssql/user_repository.go:66.35,68.3 1 0
github.com/jailtonjunior94/financialcontrol-api/internal/modules/identity/infrastructure/repositories/mssql/user_repository.go:69.2,69.16 1 0
github.com/jailtonjunior94/financialcontrol-api/internal/modules/identity/infrastructure/repositories/mssql/user_repository.go:69.16,71.3 1 0
github.com/jailtonjunior94/financialcontrol-api/internal/modules/identity/infrastructure/repositories/mssql/user_repository.go:72.2,72.26 1 0
github.com/jailtonjunior94/financialcontrol-api/internal/modules/identity/infrastructure/repositories/mssql/user_repository.go:75.56,77.16 2 1
github.com/jailtonjunior94/financialcontrol-api/internal/modules/identity/infrastructure/repositories/mssql/user_repository.go:77.16,79.3 1 1
github.com/jailtonjunior94/financialcontrol-api/internal/modules/identity/infrastructure/repositories/mssql/user_repository.go:80.2,81.16 2 1
github.com/jailtonjunior94/financialcontrol-api/internal/modules/identity/infrastructure/repositories/mssql/user_repository.go:81.16,83.3 1 1
github.com/jailtonjunior94/financialcontrol-api/internal/modules/identity/infrastructure/repositories/mssql/user_repository.go:84.2,85.16 2 1
github.com/jailtonjunior94/financialcontrol-api/internal/modules/identity/infrastructure/repositories/mssql/user_repository.go:85.16,87.3 1 1
github.com/jailtonjunior94/financialcontrol-api/internal/modules/identity/infrastructure/repositories/mssql/user_repository.go:88.2,88.100 1 1
